#
# There is insufficient memory for the Java Runtime Environment to continue.
# Native memory allocation (mmap) failed to map 266338304 bytes for G1 virtual space
# Possible reasons:
#   The system is out of physical RAM or swap space
#   The process is running with CompressedOops enabled, and the Java Heap may be blocking the growth of the native heap
# Possible solutions:
#   Reduce memory load on the system
#   Increase physical memory or swap space
#   Check if swap backing store is full
#   Decrease Java heap size (-Xmx/-Xms)
#   Decrease number of Java threads
#   Decrease Java thread stack sizes (-Xss)
#   Set larger code cache with -XX:ReservedCodeCacheSize=
#   JVM is running with Zero Based Compressed Oops mode in which the Java heap is
#     placed in the first 32GB address space. The Java Heap base address is the
#     maximum limit for the native heap growth. Please use -XX:HeapBaseMinAddress
#     to set the Java Heap base and to place the Java Heap above 32GB virtual address.
# This output file may be truncated or incomplete.
#
#  Out of Memory Error (os_windows.cpp:3536), pid=26384, tid=26992
#
# JRE version:  (19.0.2+7) (build )
# Java VM: Java HotSpot(TM) 64-Bit Server VM (19.0.2+7-44, mixed mode, sharing, tiered, compressed oops, compressed class ptrs, g1 gc, windows-amd64)
# No core dump will be written. Minidumps are not enabled by default on client versions of Windows
#

---------------  S U M M A R Y ------------

Command Line: -agentlib:jdwp=transport=dt_socket,server=n,suspend=y,address=127.0.0.1:52661 -Dfile.encoding=windows-1252 -Duser.country=ID -Duser.language=en -Duser.variant org.gui.App

Host: Intel(R) Core(TM) i7-10750H CPU @ 2.60GHz, 12 cores, 15G,  Windows 10 , 64 bit Build 19041 (10.0.19041.3636)
Time: Fri May 24 14:57:37 2024 SE Asia Standard Time elapsed time: 0.013016 seconds (0d 0h 0m 0s)

---------------  T H R E A D  ---------------

Current thread (0x000001a4f6cb4240):  JavaThread "Unknown thread" [_thread_in_vm, id=26992, stack(0x00000052dd900000,0x00000052dda00000)]

Stack: [0x00000052dd900000,0x00000052dda00000]
Native frames: (J=compiled Java code, j=interpreted, Vv=VM code, C=native code)
V  [jvm.dll+0x6ee21a]
V  [jvm.dll+0x85765e]
V  [jvm.dll+0x85904e]
V  [jvm.dll+0x859703]
V  [jvm.dll+0x28298f]
V  [jvm.dll+0x6eb009]
V  [jvm.dll+0x6dfbaa]
V  [jvm.dll+0x3573f6]
V  [jvm.dll+0x35ee56]
V  [jvm.dll+0x3b541e]
V  [jvm.dll+0x3b564f]
V  [jvm.dll+0x32c9ea]
V  [jvm.dll+0x32d89e]
V  [jvm.dll+0x821780]
V  [jvm.dll+0x3c2661]
V  [jvm.dll+0x801f51]
V  [jvm.dll+0x44ae8f]
V  [jvm.dll+0x44c811]
C  [jli.dll+0x5287]
C  [ucrtbase.dll+0x21bb2]
C  [KERNEL32.DLL+0x17344]
C  [ntdll.dll+0x526b1]


---------------  P R O C E S S  ---------------

Threads class SMR info:
_java_thread_list=0x00007fffbd78d048, length=0, elements={
}

Java Threads: ( => current thread )

Other Threads:
  0x000001a4f6d23810 WorkerThread "GC Thread#0" [stack: 0x00000052dda00000,0x00000052ddb00000] [id=33624]
  0x000001a4f6d35720 ConcurrentGCThread "G1 Main Marker" [stack: 0x00000052ddb00000,0x00000052ddc00000] [id=5980]
  0x000001a4f6d368f0 WorkerThread "G1 Conc#0" [stack: 0x00000052ddc00000,0x00000052ddd00000] [id=4688]

[error occurred during error reporting (printing all threads), id 0xc0000005, EXCEPTION_ACCESS_VIOLATION (0xc0000005) at pc=0x00007fffbcf4d427]

VM state: not at safepoint (not fully initialized)

VM Mutex/Monitor currently owned by a thread:  ([mutex/lock_event])
[0x000001a4f6cafaa0] Heap_lock - owner thread: 0x000001a4f6cb4240

Heap address: 0x0000000702000000, size: 4064 MB, Compressed Oops mode: Zero based, Oop shift amount: 3

CDS archive(s) mapped at: [0x0000000000000000-0x0000000000000000-0x0000000000000000), size 0, SharedBaseAddress: 0x0000000800000000, ArchiveRelocationMode: 0.
Narrow klass base: 0x0000000000000000, Narrow klass shift: 0, Narrow klass range: 0x0

GC Precious Log:
 CardTable entry size: 512
 Card Set container configuration: InlinePtr #cards 4 size 8 Array Of Cards #cards 16 size 48 Howl #buckets 8 coarsen threshold 3686 Howl Bitmap #cards 512 size 80 coarsen threshold 460 Card regions per heap region 1 cards per card region 4096

Heap:
 garbage-first heap   total 0K, used 0K [0x0000000702000000, 0x0000000800000000)
  region size 2048K, 0 young (0K), 0 survivors (0K)

[error occurred during error reporting (printing heap information), id 0xc0000005, EXCEPTION_ACCESS_VIOLATION (0xc0000005) at pc=0x00007fffbd356649]

GC Heap History (0 events):
No events

Dll operation events (1 events):
Event: 0.010 Loaded shared library C:\Program Files\Java\jdk-19\bin\java.dll

Deoptimization events (0 events):
No events

Classes loaded (0 events):
No events

Classes unloaded (0 events):
No events

Classes redefined (0 events):
No events

Internal exceptions (0 events):
No events

VM Operations (0 events):
No events

Events (0 events):
No events


Dynamic libraries:
0x00007ff7cb1d0000 - 0x00007ff7cb1e0000 	C:\Program Files\Java\jdk-19\bin\java.exe
0x00007ff843d90000 - 0x00007ff843f88000 	C:\WINDOWS\SYSTEM32\ntdll.dll
0x00007ff842b90000 - 0x00007ff842c4d000 	C:\WINDOWS\System32\KERNEL32.DLL
0x00007ff841a10000 - 0x00007ff841d06000 	C:\WINDOWS\System32\KERNELBASE.dll
0x00007ff841600000 - 0x00007ff841700000 	C:\WINDOWS\System32\ucrtbase.dll
0x00007ff83e6d0000 - 0x00007ff83e6e8000 	C:\Program Files\Java\jdk-19\bin\jli.dll
0x00007ff83d020000 - 0x00007ff83d03b000 	C:\Program Files\Java\jdk-19\bin\VCRUNTIME140.dll
0x00007ff841dc0000 - 0x00007ff841e70000 	C:\WINDOWS\System32\ADVAPI32.dll
0x00007ff8421f0000 - 0x00007ff84228e000 	C:\WINDOWS\System32\msvcrt.dll
0x00007ff843c50000 - 0x00007ff843cf0000 	C:\WINDOWS\System32\sechost.dll
0x00007ff842cd0000 - 0x00007ff842df3000 	C:\WINDOWS\System32\RPCRT4.dll
0x00007ff8414b0000 - 0x00007ff8414d7000 	C:\WINDOWS\System32\bcrypt.dll
0x00007ff842040000 - 0x00007ff8421df000 	C:\WINDOWS\System32\USER32.dll
0x00007ff8419e0000 - 0x00007ff841a02000 	C:\WINDOWS\System32\win32u.dll
0x00007ff81ed30000 - 0x00007ff81efca000 	C:\WINDOWS\WinSxS\amd64_microsoft.windows.common-controls_6595b64144ccf1df_6.0.19041.4355_none_60b8b9eb71f62e16\COMCTL32.dll
0x00007ff842e00000 - 0x00007ff842e2b000 	C:\WINDOWS\System32\GDI32.dll
0x00007ff8414e0000 - 0x00007ff8415f7000 	C:\WINDOWS\System32\gdi32full.dll
0x00007ff841700000 - 0x00007ff84179d000 	C:\WINDOWS\System32\msvcp_win.dll
0x00007ff839980000 - 0x00007ff83998a000 	C:\WINDOWS\SYSTEM32\VERSION.dll
0x00007ff843610000 - 0x00007ff843642000 	C:\WINDOWS\System32\IMM32.DLL
0x00007ff83d010000 - 0x00007ff83d01c000 	C:\Program Files\Java\jdk-19\bin\vcruntime140_1.dll
0x00007ff816c20000 - 0x00007ff816cae000 	C:\Program Files\Java\jdk-19\bin\msvcp140.dll
0x00007fffbcc10000 - 0x00007fffbd8d0000 	C:\Program Files\Java\jdk-19\bin\server\jvm.dll
0x00007ff82d570000 - 0x00007ff82d597000 	C:\WINDOWS\SYSTEM32\WINMM.dll
0x00007ff83e780000 - 0x00007ff83e789000 	C:\WINDOWS\SYSTEM32\WSOCK32.dll
0x00007ff8437f0000 - 0x00007ff84385b000 	C:\WINDOWS\System32\WS2_32.dll
0x00007ff83f2f0000 - 0x00007ff83f302000 	C:\WINDOWS\SYSTEM32\kernel.appcore.dll
0x00007ff83b010000 - 0x00007ff83b01a000 	C:\Program Files\Java\jdk-19\bin\jimage.dll
0x00007ff83eba0000 - 0x00007ff83ed84000 	C:\WINDOWS\SYSTEM32\DBGHELP.DLL
0x00007ff825370000 - 0x00007ff8253a4000 	C:\WINDOWS\SYSTEM32\dbgcore.DLL
0x00007ff841950000 - 0x00007ff8419d2000 	C:\WINDOWS\System32\bcryptPrimitives.dll
0x00007ff8065a0000 - 0x00007ff8065dc000 	C:\Program Files\Java\jdk-19\bin\jdwp.dll
0x00007ff838630000 - 0x00007ff838656000 	C:\Program Files\Java\jdk-19\bin\java.dll

dbghelp: loaded successfully - version: 4.0.5 - missing functions: none
symbol engine: initialized successfully - sym options: 0x614 - pdb path: .;C:\Program Files\Java\jdk-19\bin;C:\WINDOWS\SYSTEM32;C:\WINDOWS\WinSxS\amd64_microsoft.windows.common-controls_6595b64144ccf1df_6.0.19041.4355_none_60b8b9eb71f62e16;C:\Program Files\Java\jdk-19\bin\server

VM Arguments:
jvm_args: -agentlib:jdwp=transport=dt_socket,server=n,suspend=y,address=127.0.0.1:52661 -Dfile.encoding=windows-1252 -Duser.country=ID -Duser.language=en -Duser.variant 
java_command: org.gui.App
java_class_path (initial): D:\Git Repos\Tubes2_OOP_BZG\build\classes\java\main;D:\Git Repos\Tubes2_OOP_BZG\build\resources\main
Launcher Type: SUN_STANDARD

[Global flags]
     intx CICompilerCount                          = 4                                         {product} {ergonomic}
     uint ConcGCThreads                            = 3                                         {product} {ergonomic}
     uint G1ConcRefinementThreads                  = 10                                        {product} {ergonomic}
   size_t G1HeapRegionSize                         = 2097152                                   {product} {ergonomic}
    uintx GCDrainStackTargetSize                   = 64                                        {product} {ergonomic}
   size_t InitialHeapSize                          = 266338304                                 {product} {ergonomic}
   size_t MarkStackSize                            = 4194304                                   {product} {ergonomic}
   size_t MaxHeapSize                              = 4261412864                                {product} {ergonomic}
   size_t MinHeapDeltaBytes                        = 2097152                                   {product} {ergonomic}
   size_t MinHeapSize                              = 8388608                                   {product} {ergonomic}
    uintx NonNMethodCodeHeapSize                   = 5839372                                {pd product} {ergonomic}
    uintx NonProfiledCodeHeapSize                  = 122909434                              {pd product} {ergonomic}
    uintx ProfiledCodeHeapSize                     = 122909434                              {pd product} {ergonomic}
    uintx ReservedCodeCacheSize                    = 251658240                              {pd product} {ergonomic}
     bool SegmentedCodeCache                       = true                                      {product} {ergonomic}
   size_t SoftMaxHeapSize                          = 4261412864                             {manageable} {ergonomic}
     bool UseCompressedClassPointers               = true                           {product lp64_product} {ergonomic}
     bool UseCompressedOops                        = true                           {product lp64_product} {ergonomic}
     bool UseG1GC                                  = true                                      {product} {ergonomic}
     bool UseLargePagesIndividualAllocation        = false                                  {pd product} {ergonomic}

Logging:
Log output configuration:
 #0: stdout all=warning uptime,level,tags foldmultilines=false
 #1: stderr all=off uptime,level,tags foldmultilines=false

Environment Variables:
JAVA_HOME=C:\Program Files\Java\jdk-16.0.1
PATH=C:\Python312\Scripts\;C:\Python312\;C:\Python311\Scripts\;C:\Python311\;C:\Program Files\Common Files\Oracle\Java\javapath;C:\Program Files (x86)\Common Files\Oracle\Java\javapath;C:\Program Files (x86)\Common Files\Intel\Shared Files\cpp\bin\Intel64;C:\Windows\system32;C:\Windows;C:\Windows\System32\Wbem;C:\Windows\System32\WindowsPowerShell\v1.0\;C:\Windows\System32\OpenSSH\;C:\Program Files (x86)\NVIDIA Corporation\PhysX\Common;C:\Program Files\NVIDIA Corporation\NVIDIA NvDLISR;C:\WINDOWS\system32;C:\WINDOWS;C:\WINDOWS\System32\Wbem;C:\WINDOWS\System32\WindowsPowerShell\v1.0\;C:\WINDOWS\System32\OpenSSH\;C:\Program Files\Java\jdk-16.0.1\bin;C:\Program Files\mingw64\bin;C:\Program Files\Git\cmd;C:\ProgramData\chocolatey\bin;D:\nodejs\;C:\Program Files\Docker\Docker\resources\bin;C:\Program Files\Go\bin;C:\Program Files\dotnet\;D:\MariaDB\bin;D:\dev\flutter\bin;C:\Users\Steven Tjhia\AppData\Local\Programs\Python\Python310\Scripts\;C:\Users\Steven Tjhia\AppData\Local\Programs\Python\Python310\;C:\Users\Steven Tjhia\AppData\Local\Microsoft\WindowsApps;D:\Microsoft VS Code\bin;C:\Users\Steven Tjhia\AppData\Local\GitHubDesktop\bin;C:\ghcup\bin;C:\MinGW\bin;D:\IntelliJ IDEA 2024.1.1\bin;;C:\Program Files\JetBrains\IntelliJ IDEA Community Edition 2023.2.2\bin;;C:\Users\Steven Tjhia\AppData\Roaming\npm;C:\Users\Steven Tjhia\go\bin;C:\Users\Steven Tjhia\.dotnet\tools
USERNAME=Steven Tjhia
OS=Windows_NT
PROCESSOR_IDENTIFIER=Intel64 Family 6 Model 165 Stepping 2, GenuineIntel
TMP=C:\Users\STEVEN~1\AppData\Local\Temp
TEMP=C:\Users\STEVEN~1\AppData\Local\Temp



---------------  S Y S T E M  ---------------

OS:
 Windows 10 , 64 bit Build 19041 (10.0.19041.3636)
OS uptime: 2 days 2:19 hours
Hyper-V role detected

CPU: total 12 (initial active 12) (6 cores per cpu, 2 threads per core) family 6 model 165 stepping 2 microcode 0xea, cx8, cmov, fxsr, ht, mmx, 3dnowpref, sse, sse2, sse3, ssse3, sse4.1, sse4.2, popcnt, lzcnt, tsc, tscinvbit, avx, avx2, aes, erms, clmul, bmi1, bmi2, adx, fma, vzeroupper, clflush, clflushopt, hv, rdtscp

Memory: 4k page, system-wide physical 16251M (1997M free)
TotalPageFile size 25008M (AvailPageFile size 190M)
current process WorkingSet (physical memory assigned to process): 11M, peak: 11M
current process commit charge ("private bytes"): 64M, peak: 318M

vm_info: Java HotSpot(TM) 64-Bit Server VM (19.0.2+7-44) for windows-amd64 JRE (19.0.2+7-44), built on 2022-11-30T18:02:09Z by "mach5one" with MS VC++ 17.1 (VS2022)

END.
