#
# There is insufficient memory for the Java Runtime Environment to continue.
# Native memory allocation (malloc) failed to allocate 187280 bytes for Chunk::new
# Possible reasons:
#   The system is out of physical RAM or swap space
#   The process is running with CompressedOops enabled, and the Java Heap may be blocking the growth of the native heap
# Possible solutions:
#   Reduce memory load on the system
#   Increase physical memory or swap space
#   Check if swap backing store is full
#   Decrease Java heap size (-Xmx/-Xms)
#   Decrease number of Java threads
#   Decrease Java thread stack sizes (-Xss)
#   Set larger code cache with -XX:ReservedCodeCacheSize=
#   JVM is running with Zero Based Compressed Oops mode in which the Java heap is
#     placed in the first 32GB address space. The Java Heap base address is the
#     maximum limit for the native heap growth. Please use -XX:HeapBaseMinAddress
#     to set the Java Heap base and to place the Java Heap above 32GB virtual address.
# This output file may be truncated or incomplete.
#
#  Out of Memory Error (arena.cpp:184), pid=30072, tid=29232
#
# JRE version: Java(TM) SE Runtime Environment (19.0.2+7) (build 19.0.2+7-44)
# Java VM: Java HotSpot(TM) 64-Bit Server VM (19.0.2+7-44, mixed mode, sharing, tiered, compressed oops, compressed class ptrs, g1 gc, windows-amd64)
# No core dump will be written. Minidumps are not enabled by default on client versions of Windows
#

---------------  S U M M A R Y ------------

Command Line: -agentlib:jdwp=transport=dt_socket,server=n,suspend=y,address=127.0.0.1:52666 -Dfile.encoding=windows-1252 -Duser.country=ID -Duser.language=en -Duser.variant org.gui.App

Host: Intel(R) Core(TM) i7-10750H CPU @ 2.60GHz, 12 cores, 15G,  Windows 10 , 64 bit Build 19041 (10.0.19041.3636)
Time: Fri May 24 14:57:46 2024 SE Asia Standard Time elapsed time: 1.299160 seconds (0d 0h 0m 1s)

---------------  T H R E A D  ---------------

Current thread (0x0000022de2982f30):  JavaThread "C2 CompilerThread0" daemon [_thread_in_native, id=29232, stack(0x000000c5a8500000,0x000000c5a8600000)]


Current CompileTask:
C2:   1299  951       4       jdk.internal.org.objectweb.asm.SymbolTable::addConstantUtf8 (98 bytes)

Stack: [0x000000c5a8500000,0x000000c5a8600000]
Native frames: (J=compiled Java code, j=interpreted, Vv=VM code, C=native code)
V  [jvm.dll+0x6ee21a]
V  [jvm.dll+0x85765e]
V  [jvm.dll+0x85904e]
V  [jvm.dll+0x859703]
V  [jvm.dll+0x28298f]
V  [jvm.dll+0xc9adf]
V  [jvm.dll+0xc9e65]
V  [jvm.dll+0x3bca4c]
V  [jvm.dll+0x3860e1]
V  [jvm.dll+0x38555a]
V  [jvm.dll+0x24c3d9]
V  [jvm.dll+0x24b781]
V  [jvm.dll+0x1d6ce1]
V  [jvm.dll+0x25b25a]
V  [jvm.dll+0x2596e8]
V  [jvm.dll+0x807588]
V  [jvm.dll+0x80125a]
V  [jvm.dll+0x6ecf0b]
C  [ucrtbase.dll+0x21bb2]
C  [KERNEL32.DLL+0x17344]
C  [ntdll.dll+0x526b1]


---------------  P R O C E S S  ---------------

Threads class SMR info:
_java_thread_list=0x0000022de720f720, length=21, elements={
0x0000022dbf186250, 0x0000022de2972c50, 0x0000022de29739e0, 0x0000022de29760b0,
0x0000022de29779f0, 0x0000022de297af50, 0x0000022de297c020, 0x0000022de2982f30,
0x0000022de2981070, 0x0000022de2987ea0, 0x0000022de6cfde00, 0x0000022de6d20420,
0x0000022de6d26990, 0x0000022de6d361a0, 0x0000022de6d351b0, 0x0000022de6d36c40,
0x0000022de6d366f0, 0x0000022de6d37190, 0x0000022de6d35700, 0x0000022de6d376e0,
0x0000022de6d37c30
}

Java Threads: ( => current thread )
  0x0000022dbf186250 JavaThread "main" [_thread_in_native, id=16520, stack(0x000000c5a7800000,0x000000c5a7900000)]
  0x0000022de2972c50 JavaThread "Reference Handler" daemon [_thread_blocked, id=3700, stack(0x000000c5a7f00000,0x000000c5a8000000)]
  0x0000022de29739e0 JavaThread "Finalizer" daemon [_thread_blocked, id=6812, stack(0x000000c5a8000000,0x000000c5a8100000)]
  0x0000022de29760b0 JavaThread "Signal Dispatcher" daemon [_thread_blocked, id=15224, stack(0x000000c5a8100000,0x000000c5a8200000)]
  0x0000022de29779f0 JavaThread "Attach Listener" daemon [_thread_blocked, id=1520, stack(0x000000c5a8200000,0x000000c5a8300000)]
  0x0000022de297af50 JavaThread "Service Thread" daemon [_thread_blocked, id=28496, stack(0x000000c5a8300000,0x000000c5a8400000)]
  0x0000022de297c020 JavaThread "Monitor Deflation Thread" daemon [_thread_blocked, id=19512, stack(0x000000c5a8400000,0x000000c5a8500000)]
=>0x0000022de2982f30 JavaThread "C2 CompilerThread0" daemon [_thread_in_native, id=29232, stack(0x000000c5a8500000,0x000000c5a8600000)]
  0x0000022de2981070 JavaThread "C1 CompilerThread0" daemon [_thread_blocked, id=6296, stack(0x000000c5a8600000,0x000000c5a8700000)]
  0x0000022de2987ea0 JavaThread "Sweeper thread" daemon [_thread_blocked, id=26660, stack(0x000000c5a8700000,0x000000c5a8800000)]
  0x0000022de6cfde00 JavaThread "JDWP Transport Listener: dt_socket" daemon [_thread_blocked, id=34708, stack(0x000000c5a8800000,0x000000c5a8900000)]
  0x0000022de6d20420 JavaThread "JDWP Event Helper Thread" daemon [_thread_blocked, id=25060, stack(0x000000c5a8900000,0x000000c5a8a00000)]
  0x0000022de6d26990 JavaThread "JDWP Command Reader" daemon [_thread_in_native, id=24236, stack(0x000000c5a8a00000,0x000000c5a8b00000)]
  0x0000022de6d361a0 JavaThread "Notification Thread" daemon [_thread_blocked, id=32316, stack(0x000000c5a8b00000,0x000000c5a8c00000)]
  0x0000022de6d351b0 JavaThread "Common-Cleaner" daemon [_thread_blocked, id=33888, stack(0x000000c5a8d00000,0x000000c5a8e00000)]
  0x0000022de6d36c40 JavaThread "Java2D Disposer" daemon [_thread_blocked, id=30752, stack(0x000000c5a8e00000,0x000000c5a8f00000)]
  0x0000022de6d366f0 JavaThread "AWT-Shutdown" [_thread_blocked, id=30336, stack(0x000000c5a8f00000,0x000000c5a9000000)]
  0x0000022de6d37190 JavaThread "AWT-Windows" daemon [_thread_in_native, id=32944, stack(0x000000c5a9000000,0x000000c5a9100000)]
  0x0000022de6d35700 JavaThread "AWT-EventQueue-0" [_thread_blocked, id=4704, stack(0x000000c5a9100000,0x000000c5a9200000)]
  0x0000022de6d376e0 JavaThread "Java Sound Event Dispatcher" daemon [_thread_blocked, id=5208, stack(0x000000c5a9700000,0x000000c5a9800000)]
  0x0000022de6d37c30 JavaThread "Direct Clip" daemon [_thread_in_vm, id=30564, stack(0x000000c5a9a00000,0x000000c5a9b00000)]

Other Threads:
  0x0000022de295a4a0 VMThread "VM Thread" [stack: 0x000000c5a7e00000,0x000000c5a7f00000] [id=24160]
  0x0000022de6d39170 WatcherThread "VM Periodic Task Thread" [stack: 0x000000c5a8c00000,0x000000c5a8d00000] [id=30860]
  0x0000022dbf1f5530 WorkerThread "GC Thread#0" [stack: 0x000000c5a7900000,0x000000c5a7a00000] [id=23740]
  0x0000022dbf207340 ConcurrentGCThread "G1 Main Marker" [stack: 0x000000c5a7a00000,0x000000c5a7b00000] [id=15768]
  0x0000022dbf208410 WorkerThread "G1 Conc#0" [stack: 0x000000c5a7b00000,0x000000c5a7c00000] [id=20428]
  0x0000022de2814570 ConcurrentGCThread "G1 Refine#0" [stack: 0x000000c5a7c00000,0x000000c5a7d00000] [id=30232]
  0x0000022de2814d60 ConcurrentGCThread "G1 Service" [stack: 0x000000c5a7d00000,0x000000c5a7e00000] [id=19748]

Threads with active compile tasks:
C2 CompilerThread0     1314  951       4       jdk.internal.org.objectweb.asm.SymbolTable::addConstantUtf8 (98 bytes)

VM state: not at safepoint (normal execution)

VM Mutex/Monitor currently owned by a thread: None

Heap address: 0x0000000702000000, size: 4064 MB, Compressed Oops mode: Zero based, Oop shift amount: 3

CDS archive(s) mapped at: [0x0000000800000000-0x0000000800c40000-0x0000000800c40000), size 12845056, SharedBaseAddress: 0x0000000800000000, ArchiveRelocationMode: 0.
Compressed class space mapped at: 0x0000000801000000-0x0000000841000000, reserved size: 1073741824
Narrow klass base: 0x0000000800000000, Narrow klass shift: 0, Narrow klass range: 0x100000000

GC Precious Log:
 CardTable entry size: 512
 Card Set container configuration: InlinePtr #cards 4 size 8 Array Of Cards #cards 16 size 48 Howl #buckets 8 coarsen threshold 3686 Howl Bitmap #cards 512 size 80 coarsen threshold 460 Card regions per heap region 1 cards per card region 4096
 CPUs: 12 total, 12 available
 Memory: 16251M
 Large Page Support: Disabled
 NUMA Support: Disabled
 Compressed Oops: Enabled (Zero based)
 Heap Region Size: 2M
 Heap Min Capacity: 8M
 Heap Initial Capacity: 254M
 Heap Max Capacity: 4064M
 Pre-touch: Disabled
 Parallel Workers: 10
 Concurrent Workers: 3
 Concurrent Refinement Workers: 10
 Periodic GC: Disabled

Heap:
 garbage-first heap   total 260096K, used 51200K [0x0000000702000000, 0x0000000800000000)
  region size 2048K, 5 young (10240K), 0 survivors (0K)
 Metaspace       used 8020K, committed 8256K, reserved 1114112K
  class space    used 882K, committed 960K, reserved 1048576K

Heap Regions: E=young(eden), S=young(survivor), O=old, HS=humongous(starts), HC=humongous(continues), CS=collection set, F=free, OA=open archive, CA=closed archive, TAMS=top-at-mark-start (previous, next)
|   0|0x0000000702000000, 0x0000000702200000, 0x0000000702200000|100%|HS|  |TAMS 0x0000000702000000, 0x0000000702000000| Complete 
|   1|0x0000000702200000, 0x0000000702400000, 0x0000000702400000|100%|HC|  |TAMS 0x0000000702200000, 0x0000000702200000| Complete 
|   2|0x0000000702400000, 0x0000000702600000, 0x0000000702600000|100%|HC|  |TAMS 0x0000000702400000, 0x0000000702400000| Complete 
|   3|0x0000000702600000, 0x0000000702800000, 0x0000000702800000|100%|HC|  |TAMS 0x0000000702600000, 0x0000000702600000| Complete 
|   4|0x0000000702800000, 0x0000000702a00000, 0x0000000702a00000|100%|HC|  |TAMS 0x0000000702800000, 0x0000000702800000| Complete 
|   5|0x0000000702a00000, 0x0000000702c00000, 0x0000000702c00000|100%|HC|  |TAMS 0x0000000702a00000, 0x0000000702a00000| Complete 
|   6|0x0000000702c00000, 0x0000000702e00000, 0x0000000702e00000|100%|HC|  |TAMS 0x0000000702c00000, 0x0000000702c00000| Complete 
|   7|0x0000000702e00000, 0x0000000703000000, 0x0000000703000000|100%|HC|  |TAMS 0x0000000702e00000, 0x0000000702e00000| Complete 
|   8|0x0000000703000000, 0x0000000703200000, 0x0000000703200000|100%|HC|  |TAMS 0x0000000703000000, 0x0000000703000000| Complete 
|   9|0x0000000703200000, 0x0000000703400000, 0x0000000703400000|100%|HC|  |TAMS 0x0000000703200000, 0x0000000703200000| Complete 
|  10|0x0000000703400000, 0x0000000703600000, 0x0000000703600000|100%|HC|  |TAMS 0x0000000703400000, 0x0000000703400000| Complete 
|  11|0x0000000703600000, 0x0000000703800000, 0x0000000703800000|100%|HC|  |TAMS 0x0000000703600000, 0x0000000703600000| Complete 
|  12|0x0000000703800000, 0x0000000703a00000, 0x0000000703a00000|100%|HC|  |TAMS 0x0000000703800000, 0x0000000703800000| Complete 
|  13|0x0000000703a00000, 0x0000000703c00000, 0x0000000703c00000|100%|HC|  |TAMS 0x0000000703a00000, 0x0000000703a00000| Complete 
|  14|0x0000000703c00000, 0x0000000703e00000, 0x0000000703e00000|100%|HC|  |TAMS 0x0000000703c00000, 0x0000000703c00000| Complete 
|  15|0x0000000703e00000, 0x0000000704000000, 0x0000000704000000|100%|HC|  |TAMS 0x0000000703e00000, 0x0000000703e00000| Complete 
|  16|0x0000000704000000, 0x0000000704200000, 0x0000000704200000|100%|HC|  |TAMS 0x0000000704000000, 0x0000000704000000| Complete 
|  17|0x0000000704200000, 0x0000000704400000, 0x0000000704400000|100%|HC|  |TAMS 0x0000000704200000, 0x0000000704200000| Complete 
|  18|0x0000000704400000, 0x0000000704600000, 0x0000000704600000|100%|HS|  |TAMS 0x0000000704400000, 0x0000000704400000| Complete 
|  19|0x0000000704600000, 0x0000000704800000, 0x0000000704800000|100%|HC|  |TAMS 0x0000000704600000, 0x0000000704600000| Complete 
|  20|0x0000000704800000, 0x0000000704a00000, 0x0000000704a00000|100%|HC|  |TAMS 0x0000000704800000, 0x0000000704800000| Complete 
|  21|0x0000000704a00000, 0x0000000704a00000, 0x0000000704c00000|  0%| F|  |TAMS 0x0000000704a00000, 0x0000000704a00000| Untracked 
|  22|0x0000000704c00000, 0x0000000704c00000, 0x0000000704e00000|  0%| F|  |TAMS 0x0000000704c00000, 0x0000000704c00000| Untracked 
|  23|0x0000000704e00000, 0x0000000704e00000, 0x0000000705000000|  0%| F|  |TAMS 0x0000000704e00000, 0x0000000704e00000| Untracked 
|  24|0x0000000705000000, 0x0000000705000000, 0x0000000705200000|  0%| F|  |TAMS 0x0000000705000000, 0x0000000705000000| Untracked 
|  25|0x0000000705200000, 0x0000000705200000, 0x0000000705400000|  0%| F|  |TAMS 0x0000000705200000, 0x0000000705200000| Untracked 
|  26|0x0000000705400000, 0x0000000705400000, 0x0000000705600000|  0%| F|  |TAMS 0x0000000705400000, 0x0000000705400000| Untracked 
|  27|0x0000000705600000, 0x0000000705600000, 0x0000000705800000|  0%| F|  |TAMS 0x0000000705600000, 0x0000000705600000| Untracked 
|  28|0x0000000705800000, 0x0000000705800000, 0x0000000705a00000|  0%| F|  |TAMS 0x0000000705800000, 0x0000000705800000| Untracked 
|  29|0x0000000705a00000, 0x0000000705a00000, 0x0000000705c00000|  0%| F|  |TAMS 0x0000000705a00000, 0x0000000705a00000| Untracked 
|  30|0x0000000705c00000, 0x0000000705c00000, 0x0000000705e00000|  0%| F|  |TAMS 0x0000000705c00000, 0x0000000705c00000| Untracked 
|  31|0x0000000705e00000, 0x0000000705e00000, 0x0000000706000000|  0%| F|  |TAMS 0x0000000705e00000, 0x0000000705e00000| Untracked 
|  32|0x0000000706000000, 0x0000000706000000, 0x0000000706200000|  0%| F|  |TAMS 0x0000000706000000, 0x0000000706000000| Untracked 
|  33|0x0000000706200000, 0x0000000706200000, 0x0000000706400000|  0%| F|  |TAMS 0x0000000706200000, 0x0000000706200000| Untracked 
|  34|0x0000000706400000, 0x0000000706400000, 0x0000000706600000|  0%| F|  |TAMS 0x0000000706400000, 0x0000000706400000| Untracked 
|  35|0x0000000706600000, 0x0000000706600000, 0x0000000706800000|  0%| F|  |TAMS 0x0000000706600000, 0x0000000706600000| Untracked 
|  36|0x0000000706800000, 0x0000000706800000, 0x0000000706a00000|  0%| F|  |TAMS 0x0000000706800000, 0x0000000706800000| Untracked 
|  37|0x0000000706a00000, 0x0000000706a00000, 0x0000000706c00000|  0%| F|  |TAMS 0x0000000706a00000, 0x0000000706a00000| Untracked 
|  38|0x0000000706c00000, 0x0000000706c00000, 0x0000000706e00000|  0%| F|  |TAMS 0x0000000706c00000, 0x0000000706c00000| Untracked 
|  39|0x0000000706e00000, 0x0000000706e00000, 0x0000000707000000|  0%| F|  |TAMS 0x0000000706e00000, 0x0000000706e00000| Untracked 
|  40|0x0000000707000000, 0x0000000707000000, 0x0000000707200000|  0%| F|  |TAMS 0x0000000707000000, 0x0000000707000000| Untracked 
|  41|0x0000000707200000, 0x0000000707200000, 0x0000000707400000|  0%| F|  |TAMS 0x0000000707200000, 0x0000000707200000| Untracked 
|  42|0x0000000707400000, 0x0000000707400000, 0x0000000707600000|  0%| F|  |TAMS 0x0000000707400000, 0x0000000707400000| Untracked 
|  43|0x0000000707600000, 0x0000000707600000, 0x0000000707800000|  0%| F|  |TAMS 0x0000000707600000, 0x0000000707600000| Untracked 
|  44|0x0000000707800000, 0x0000000707800000, 0x0000000707a00000|  0%| F|  |TAMS 0x0000000707800000, 0x0000000707800000| Untracked 
|  45|0x0000000707a00000, 0x0000000707a00000, 0x0000000707c00000|  0%| F|  |TAMS 0x0000000707a00000, 0x0000000707a00000| Untracked 
|  46|0x0000000707c00000, 0x0000000707c00000, 0x0000000707e00000|  0%| F|  |TAMS 0x0000000707c00000, 0x0000000707c00000| Untracked 
|  47|0x0000000707e00000, 0x0000000707e00000, 0x0000000708000000|  0%| F|  |TAMS 0x0000000707e00000, 0x0000000707e00000| Untracked 
|  48|0x0000000708000000, 0x0000000708000000, 0x0000000708200000|  0%| F|  |TAMS 0x0000000708000000, 0x0000000708000000| Untracked 
|  49|0x0000000708200000, 0x0000000708200000, 0x0000000708400000|  0%| F|  |TAMS 0x0000000708200000, 0x0000000708200000| Untracked 
|  50|0x0000000708400000, 0x0000000708400000, 0x0000000708600000|  0%| F|  |TAMS 0x0000000708400000, 0x0000000708400000| Untracked 
|  51|0x0000000708600000, 0x0000000708600000, 0x0000000708800000|  0%| F|  |TAMS 0x0000000708600000, 0x0000000708600000| Untracked 
|  52|0x0000000708800000, 0x0000000708800000, 0x0000000708a00000|  0%| F|  |TAMS 0x0000000708800000, 0x0000000708800000| Untracked 
|  53|0x0000000708a00000, 0x0000000708a00000, 0x0000000708c00000|  0%| F|  |TAMS 0x0000000708a00000, 0x0000000708a00000| Untracked 
|  54|0x0000000708c00000, 0x0000000708c00000, 0x0000000708e00000|  0%| F|  |TAMS 0x0000000708c00000, 0x0000000708c00000| Untracked 
|  55|0x0000000708e00000, 0x0000000708e00000, 0x0000000709000000|  0%| F|  |TAMS 0x0000000708e00000, 0x0000000708e00000| Untracked 
|  56|0x0000000709000000, 0x0000000709000000, 0x0000000709200000|  0%| F|  |TAMS 0x0000000709000000, 0x0000000709000000| Untracked 
|  57|0x0000000709200000, 0x0000000709200000, 0x0000000709400000|  0%| F|  |TAMS 0x0000000709200000, 0x0000000709200000| Untracked 
|  58|0x0000000709400000, 0x0000000709400000, 0x0000000709600000|  0%| F|  |TAMS 0x0000000709400000, 0x0000000709400000| Untracked 
|  59|0x0000000709600000, 0x0000000709600000, 0x0000000709800000|  0%| F|  |TAMS 0x0000000709600000, 0x0000000709600000| Untracked 
|  60|0x0000000709800000, 0x0000000709800000, 0x0000000709a00000|  0%| F|  |TAMS 0x0000000709800000, 0x0000000709800000| Untracked 
|  61|0x0000000709a00000, 0x0000000709a00000, 0x0000000709c00000|  0%| F|  |TAMS 0x0000000709a00000, 0x0000000709a00000| Untracked 
|  62|0x0000000709c00000, 0x0000000709c00000, 0x0000000709e00000|  0%| F|  |TAMS 0x0000000709c00000, 0x0000000709c00000| Untracked 
|  63|0x0000000709e00000, 0x0000000709e00000, 0x000000070a000000|  0%| F|  |TAMS 0x0000000709e00000, 0x0000000709e00000| Untracked 
|  64|0x000000070a000000, 0x000000070a000000, 0x000000070a200000|  0%| F|  |TAMS 0x000000070a000000, 0x000000070a000000| Untracked 
|  65|0x000000070a200000, 0x000000070a200000, 0x000000070a400000|  0%| F|  |TAMS 0x000000070a200000, 0x000000070a200000| Untracked 
|  66|0x000000070a400000, 0x000000070a400000, 0x000000070a600000|  0%| F|  |TAMS 0x000000070a400000, 0x000000070a400000| Untracked 
|  67|0x000000070a600000, 0x000000070a600000, 0x000000070a800000|  0%| F|  |TAMS 0x000000070a600000, 0x000000070a600000| Untracked 
|  68|0x000000070a800000, 0x000000070a800000, 0x000000070aa00000|  0%| F|  |TAMS 0x000000070a800000, 0x000000070a800000| Untracked 
|  69|0x000000070aa00000, 0x000000070aa00000, 0x000000070ac00000|  0%| F|  |TAMS 0x000000070aa00000, 0x000000070aa00000| Untracked 
|  70|0x000000070ac00000, 0x000000070ac00000, 0x000000070ae00000|  0%| F|  |TAMS 0x000000070ac00000, 0x000000070ac00000| Untracked 
|  71|0x000000070ae00000, 0x000000070ae00000, 0x000000070b000000|  0%| F|  |TAMS 0x000000070ae00000, 0x000000070ae00000| Untracked 
|  72|0x000000070b000000, 0x000000070b000000, 0x000000070b200000|  0%| F|  |TAMS 0x000000070b000000, 0x000000070b000000| Untracked 
|  73|0x000000070b200000, 0x000000070b200000, 0x000000070b400000|  0%| F|  |TAMS 0x000000070b200000, 0x000000070b200000| Untracked 
|  74|0x000000070b400000, 0x000000070b400000, 0x000000070b600000|  0%| F|  |TAMS 0x000000070b400000, 0x000000070b400000| Untracked 
|  75|0x000000070b600000, 0x000000070b600000, 0x000000070b800000|  0%| F|  |TAMS 0x000000070b600000, 0x000000070b600000| Untracked 
|  76|0x000000070b800000, 0x000000070b800000, 0x000000070ba00000|  0%| F|  |TAMS 0x000000070b800000, 0x000000070b800000| Untracked 
|  77|0x000000070ba00000, 0x000000070ba00000, 0x000000070bc00000|  0%| F|  |TAMS 0x000000070ba00000, 0x000000070ba00000| Untracked 
|  78|0x000000070bc00000, 0x000000070bc00000, 0x000000070be00000|  0%| F|  |TAMS 0x000000070bc00000, 0x000000070bc00000| Untracked 
|  79|0x000000070be00000, 0x000000070be00000, 0x000000070c000000|  0%| F|  |TAMS 0x000000070be00000, 0x000000070be00000| Untracked 
|  80|0x000000070c000000, 0x000000070c000000, 0x000000070c200000|  0%| F|  |TAMS 0x000000070c000000, 0x000000070c000000| Untracked 
|  81|0x000000070c200000, 0x000000070c200000, 0x000000070c400000|  0%| F|  |TAMS 0x000000070c200000, 0x000000070c200000| Untracked 
|  82|0x000000070c400000, 0x000000070c400000, 0x000000070c600000|  0%| F|  |TAMS 0x000000070c400000, 0x000000070c400000| Untracked 
|  83|0x000000070c600000, 0x000000070c600000, 0x000000070c800000|  0%| F|  |TAMS 0x000000070c600000, 0x000000070c600000| Untracked 
|  84|0x000000070c800000, 0x000000070c800000, 0x000000070ca00000|  0%| F|  |TAMS 0x000000070c800000, 0x000000070c800000| Untracked 
|  85|0x000000070ca00000, 0x000000070ca00000, 0x000000070cc00000|  0%| F|  |TAMS 0x000000070ca00000, 0x000000070ca00000| Untracked 
|  86|0x000000070cc00000, 0x000000070cc00000, 0x000000070ce00000|  0%| F|  |TAMS 0x000000070cc00000, 0x000000070cc00000| Untracked 
|  87|0x000000070ce00000, 0x000000070ce00000, 0x000000070d000000|  0%| F|  |TAMS 0x000000070ce00000, 0x000000070ce00000| Untracked 
|  88|0x000000070d000000, 0x000000070d000000, 0x000000070d200000|  0%| F|  |TAMS 0x000000070d000000, 0x000000070d000000| Untracked 
|  89|0x000000070d200000, 0x000000070d200000, 0x000000070d400000|  0%| F|  |TAMS 0x000000070d200000, 0x000000070d200000| Untracked 
|  90|0x000000070d400000, 0x000000070d400000, 0x000000070d600000|  0%| F|  |TAMS 0x000000070d400000, 0x000000070d400000| Untracked 
|  91|0x000000070d600000, 0x000000070d600000, 0x000000070d800000|  0%| F|  |TAMS 0x000000070d600000, 0x000000070d600000| Untracked 
|  92|0x000000070d800000, 0x000000070d800000, 0x000000070da00000|  0%| F|  |TAMS 0x000000070d800000, 0x000000070d800000| Untracked 
|  93|0x000000070da00000, 0x000000070da00000, 0x000000070dc00000|  0%| F|  |TAMS 0x000000070da00000, 0x000000070da00000| Untracked 
|  94|0x000000070dc00000, 0x000000070dc00000, 0x000000070de00000|  0%| F|  |TAMS 0x000000070dc00000, 0x000000070dc00000| Untracked 
|  95|0x000000070de00000, 0x000000070de00000, 0x000000070e000000|  0%| F|  |TAMS 0x000000070de00000, 0x000000070de00000| Untracked 
|  96|0x000000070e000000, 0x000000070e000000, 0x000000070e200000|  0%| F|  |TAMS 0x000000070e000000, 0x000000070e000000| Untracked 
|  97|0x000000070e200000, 0x000000070e200000, 0x000000070e400000|  0%| F|  |TAMS 0x000000070e200000, 0x000000070e200000| Untracked 
|  98|0x000000070e400000, 0x000000070e400000, 0x000000070e600000|  0%| F|  |TAMS 0x000000070e400000, 0x000000070e400000| Untracked 
|  99|0x000000070e600000, 0x000000070e600000, 0x000000070e800000|  0%| F|  |TAMS 0x000000070e600000, 0x000000070e600000| Untracked 
| 100|0x000000070e800000, 0x000000070e800000, 0x000000070ea00000|  0%| F|  |TAMS 0x000000070e800000, 0x000000070e800000| Untracked 
| 101|0x000000070ea00000, 0x000000070ea00000, 0x000000070ec00000|  0%| F|  |TAMS 0x000000070ea00000, 0x000000070ea00000| Untracked 
| 102|0x000000070ec00000, 0x000000070ec00000, 0x000000070ee00000|  0%| F|  |TAMS 0x000000070ec00000, 0x000000070ec00000| Untracked 
| 103|0x000000070ee00000, 0x000000070ee00000, 0x000000070f000000|  0%| F|  |TAMS 0x000000070ee00000, 0x000000070ee00000| Untracked 
| 104|0x000000070f000000, 0x000000070f000000, 0x000000070f200000|  0%| F|  |TAMS 0x000000070f000000, 0x000000070f000000| Untracked 
| 105|0x000000070f200000, 0x000000070f200000, 0x000000070f400000|  0%| F|  |TAMS 0x000000070f200000, 0x000000070f200000| Untracked 
| 106|0x000000070f400000, 0x000000070f400000, 0x000000070f600000|  0%| F|  |TAMS 0x000000070f400000, 0x000000070f400000| Untracked 
| 107|0x000000070f600000, 0x000000070f600000, 0x000000070f800000|  0%| F|  |TAMS 0x000000070f600000, 0x000000070f600000| Untracked 
| 108|0x000000070f800000, 0x000000070f800000, 0x000000070fa00000|  0%| F|  |TAMS 0x000000070f800000, 0x000000070f800000| Untracked 
| 109|0x000000070fa00000, 0x000000070fa00000, 0x000000070fc00000|  0%| F|  |TAMS 0x000000070fa00000, 0x000000070fa00000| Untracked 
| 110|0x000000070fc00000, 0x000000070fc00000, 0x000000070fe00000|  0%| F|  |TAMS 0x000000070fc00000, 0x000000070fc00000| Untracked 
| 111|0x000000070fe00000, 0x000000070fe00000, 0x0000000710000000|  0%| F|  |TAMS 0x000000070fe00000, 0x000000070fe00000| Untracked 
| 112|0x0000000710000000, 0x0000000710000000, 0x0000000710200000|  0%| F|  |TAMS 0x0000000710000000, 0x0000000710000000| Untracked 
| 113|0x0000000710200000, 0x0000000710200000, 0x0000000710400000|  0%| F|  |TAMS 0x0000000710200000, 0x0000000710200000| Untracked 
| 114|0x0000000710400000, 0x0000000710400000, 0x0000000710600000|  0%| F|  |TAMS 0x0000000710400000, 0x0000000710400000| Untracked 
| 115|0x0000000710600000, 0x0000000710600000, 0x0000000710800000|  0%| F|  |TAMS 0x0000000710600000, 0x0000000710600000| Untracked 
| 116|0x0000000710800000, 0x0000000710800000, 0x0000000710a00000|  0%| F|  |TAMS 0x0000000710800000, 0x0000000710800000| Untracked 
| 117|0x0000000710a00000, 0x0000000710a00000, 0x0000000710c00000|  0%| F|  |TAMS 0x0000000710a00000, 0x0000000710a00000| Untracked 
| 118|0x0000000710c00000, 0x0000000710c00000, 0x0000000710e00000|  0%| F|  |TAMS 0x0000000710c00000, 0x0000000710c00000| Untracked 
| 119|0x0000000710e00000, 0x0000000710e00000, 0x0000000711000000|  0%| F|  |TAMS 0x0000000710e00000, 0x0000000710e00000| Untracked 
| 120|0x0000000711000000, 0x0000000711000000, 0x0000000711200000|  0%| F|  |TAMS 0x0000000711000000, 0x0000000711000000| Untracked 
| 121|0x0000000711200000, 0x0000000711200000, 0x0000000711400000|  0%| F|  |TAMS 0x0000000711200000, 0x0000000711200000| Untracked 
| 122|0x0000000711400000, 0x00000007115e6028, 0x0000000711600000| 94%| E|  |TAMS 0x0000000711400000, 0x0000000711400000| Complete 
| 123|0x0000000711600000, 0x0000000711800000, 0x0000000711800000|100%| E|CS|TAMS 0x0000000711600000, 0x0000000711600000| Complete 
| 124|0x0000000711800000, 0x0000000711a00000, 0x0000000711a00000|100%| E|CS|TAMS 0x0000000711800000, 0x0000000711800000| Complete 
| 125|0x0000000711a00000, 0x0000000711c00000, 0x0000000711c00000|100%| E|CS|TAMS 0x0000000711a00000, 0x0000000711a00000| Complete 
| 126|0x0000000711c00000, 0x0000000711e00000, 0x0000000711e00000|100%| E|CS|TAMS 0x0000000711c00000, 0x0000000711c00000| Complete 

Card table byte_map: [0x0000022dd6e30000,0x0000022dd7620000] _byte_map_base: 0x0000022dd3620000

Marking Bits (Prev, Next): (CMBitMap*) 0x0000022dbf1f6a70, (CMBitMap*) 0x0000022dbf1f6ab0
 Prev Bits: [0x0000022dd7e10000, 0x0000022ddbd90000)
 Next Bits: [0x0000022ddbd90000, 0x0000022ddfd10000)

Polling page: 0x0000022dbd120000

Metaspace:

Usage:
  Non-class:      7.00 MB used.
      Class:    886.08 KB used.
       Both:      7.86 MB used.

Virtual space:
  Non-class space:       64.00 MB reserved,       7.12 MB ( 11%) committed,  1 nodes.
      Class space:        1.00 GB reserved,     960.00 KB ( <1%) committed,  1 nodes.
             Both:        1.06 GB reserved,       8.06 MB ( <1%) committed. 

Chunk freelists:
   Non-Class:  482.00 KB
       Class:  3.08 MB
        Both:  3.56 MB

MaxMetaspaceSize: unlimited
CompressedClassSpaceSize: 1.00 GB
Initial GC threshold: 21.00 MB
Current GC threshold: 21.00 MB
CDS: on
MetaspaceReclaimPolicy: balanced
 - commit_granule_bytes: 65536.
 - commit_granule_words: 8192.
 - virtual_space_node_default_size: 8388608.
 - enlarge_chunks_in_place: 1.
 - new_chunks_are_fully_committed: 0.
 - uncommit_free_chunks: 1.
 - use_allocation_guard: 0.


Internal statistics:

num_allocs_failed_limit: 0.
num_arena_births: 170.
num_arena_deaths: 0.
num_vsnodes_births: 2.
num_vsnodes_deaths: 0.
num_space_committed: 129.
num_space_uncommitted: 0.
num_chunks_returned_to_freelist: 0.
num_chunks_taken_from_freelist: 201.
num_chunk_merges: 0.
num_chunk_splits: 138.
num_chunks_enlarged: 89.
num_inconsistent_stats: 0.

CodeHeap 'non-profiled nmethods': size=120000Kb used=280Kb max_used=280Kb free=119719Kb
 bounds [0x0000022dcebc0000, 0x0000022dcee30000, 0x0000022dd60f0000]
CodeHeap 'profiled nmethods': size=120000Kb used=1415Kb max_used=1415Kb free=118584Kb
 bounds [0x0000022dc70f0000, 0x0000022dc7360000, 0x0000022dce620000]
CodeHeap 'non-nmethods': size=5760Kb used=1430Kb max_used=1447Kb free=4329Kb
 bounds [0x0000022dce620000, 0x0000022dce890000, 0x0000022dcebc0000]
 total_blobs=1606 nmethods=998 adapters=519
 compilation: enabled
              stopped_count=0, restarted_count=0
 full_count=0

Compilation events (20 events):
Event: 1.291 Thread 0x0000022de2981070  957       1       sun.awt.image.SunVolatileImage::getHeight (5 bytes)
Event: 1.291 Thread 0x0000022de2981070 nmethod 957 0x0000022dcec04d90 code [0x0000022dcec04f20, 0x0000022dcec04fd8]
Event: 1.292 Thread 0x0000022de2981070  958       1       sun.java2d.loops.RenderCache$Entry::getValue (5 bytes)
Event: 1.292 Thread 0x0000022de2981070 nmethod 958 0x0000022dcec05090 code [0x0000022dcec05220, 0x0000022dcec052f8]
Event: 1.292 Thread 0x0000022de2981070  959       3       sun.java2d.SunGraphics2D::setColor (108 bytes)
Event: 1.292 Thread 0x0000022de2981070 nmethod 959 0x0000022dc7241b90 code [0x0000022dc7241d80, 0x0000022dc7242258]
Event: 1.292 Thread 0x0000022de2981070  960       3       java.lang.ref.Reference::refersTo (6 bytes)
Event: 1.292 Thread 0x0000022de2981070 nmethod 960 0x0000022dc7242310 code [0x0000022dc72424c0, 0x0000022dc72426a8]
Event: 1.292 Thread 0x0000022de2981070  961       3       java.lang.ref.Reference::refersToImpl (6 bytes)
Event: 1.292 Thread 0x0000022de2981070 nmethod 961 0x0000022dc7242790 code [0x0000022dc7242940, 0x0000022dc7242a88]
Event: 1.292 Thread 0x0000022de2981070  962       3       java.awt.Component::inside (30 bytes)
Event: 1.292 Thread 0x0000022de2981070 nmethod 962 0x0000022dc7242b10 code [0x0000022dc7242cc0, 0x0000022dc7242ed8]
Event: 1.292 Thread 0x0000022de2981070  963       3       java.security.AccessController::getContext (23 bytes)
Event: 1.293 Thread 0x0000022de2981070 nmethod 963 0x0000022dc7242f90 code [0x0000022dc7243160, 0x0000022dc7243438]
Event: 1.293 Thread 0x0000022de2981070  966       3       javax.swing.JComponent::contains (27 bytes)
Event: 1.293 Thread 0x0000022de2981070 nmethod 966 0x0000022dc7243590 code [0x0000022dc7243760, 0x0000022dc7243df8]
Event: 1.293 Thread 0x0000022de2981070  965       3       java.lang.invoke.LambdaForm::returnType (26 bytes)
Event: 1.293 Thread 0x0000022de2981070 nmethod 965 0x0000022dc7243f90 code [0x0000022dc7244140, 0x0000022dc72442f8]
Event: 1.295 Thread 0x0000022de2981070  967       3       java.lang.invoke.MethodHandle::keepsAlive (20 bytes)
Event: 1.296 Thread 0x0000022de2981070 nmethod 967 0x0000022dc7244410 code [0x0000022dc7244660, 0x0000022dc7245108]

GC Heap History (0 events):
No events

Dll operation events (9 events):
Event: 0.006 Loaded shared library C:\Program Files\Java\jdk-19\bin\java.dll
Event: 0.013 Loaded shared library C:\Program Files\Java\jdk-19\bin\jsvml.dll
Event: 0.329 Loaded shared library C:\Program Files\Java\jdk-19\bin\net.dll
Event: 0.331 Loaded shared library C:\Program Files\Java\jdk-19\bin\nio.dll
Event: 0.365 Loaded shared library C:\Program Files\Java\jdk-19\bin\jimage.dll
Event: 0.511 Loaded shared library C:\Program Files\Java\jdk-19\bin\awt.dll
Event: 0.832 Loaded shared library C:\Program Files\Java\jdk-19\bin\freetype.dll
Event: 0.833 Loaded shared library C:\Program Files\Java\jdk-19\bin\fontmanager.dll
Event: 0.994 Loaded shared library C:\Program Files\Java\jdk-19\bin\jsound.dll

Deoptimization events (14 events):
Event: 0.425 Thread 0x0000022dbf186250 Uncommon trap: trap_request=0xffffff45 fr.pc=0x0000022dcebd31b0 relative=0x0000000000000730
Event: 0.425 Thread 0x0000022dbf186250 Uncommon trap: reason=unstable_if action=reinterpret pc=0x0000022dcebd31b0 method=java.util.regex.Matcher.search(I)Z @ 30 c2
Event: 0.425 Thread 0x0000022dbf186250 DEOPT PACKING pc=0x0000022dcebd31b0 sp=0x000000c5a78feec0
Event: 0.425 Thread 0x0000022dbf186250 DEOPT UNPACKING pc=0x0000022dce686da3 sp=0x000000c5a78feeb0 mode 2
Event: 0.852 Thread 0x0000022dbf186250 DEOPT PACKING pc=0x0000022dc7110aea sp=0x000000c5a78fde70
Event: 0.852 Thread 0x0000022dbf186250 DEOPT UNPACKING pc=0x0000022dce687543 sp=0x000000c5a78fd290 mode 0
Event: 1.194 Thread 0x0000022dbf186250 DEOPT PACKING pc=0x0000022dc7107f55 sp=0x000000c5a78fe0d0
Event: 1.194 Thread 0x0000022dbf186250 DEOPT UNPACKING pc=0x0000022dce687543 sp=0x000000c5a78fd548 mode 0
Event: 1.261 Thread 0x0000022de6d35700 DEOPT PACKING pc=0x0000022dc722ba94 sp=0x000000c5a91fc370
Event: 1.261 Thread 0x0000022de6d35700 DEOPT UNPACKING pc=0x0000022dce687543 sp=0x000000c5a91fb840 mode 0
Event: 1.262 Thread 0x0000022de6d35700 DEOPT PACKING pc=0x0000022dc722ba94 sp=0x000000c5a91fc370
Event: 1.262 Thread 0x0000022de6d35700 DEOPT UNPACKING pc=0x0000022dce687543 sp=0x000000c5a91fb840 mode 0
Event: 1.266 Thread 0x0000022de6d35700 DEOPT PACKING pc=0x0000022dc722ba94 sp=0x000000c5a91fc370
Event: 1.266 Thread 0x0000022de6d35700 DEOPT UNPACKING pc=0x0000022dce687543 sp=0x000000c5a91fb840 mode 0

Classes loaded (20 events):
Event: 1.283 Loading class sun/invoke/util/VerifyAccess$1
Event: 1.283 Loading class sun/invoke/util/VerifyAccess$1 done
Event: 1.283 Loading class java/awt/LightweightDispatcher$1
Event: 1.283 Loading class java/awt/LightweightDispatcher$1 done
Event: 1.286 Loading class java/awt/event/AWTEventListenerProxy
Event: 1.286 Loading class java/awt/event/AWTEventListenerProxy done
Event: 1.286 Loading class java/awt/Toolkit$SelectiveAWTEventListener
Event: 1.286 Loading class java/awt/Toolkit$SelectiveAWTEventListener done
Event: 1.287 Loading class java/awt/Toolkit$ToolkitEventMulticaster
Event: 1.287 Loading class java/awt/Toolkit$ToolkitEventMulticaster done
Event: 1.288 Loading class java/awt/event/MouseWheelEvent
Event: 1.288 Loading class java/awt/event/MouseWheelEvent done
Event: 1.288 Loading class java/awt/event/ContainerEvent
Event: 1.288 Loading class java/awt/event/ContainerEvent done
Event: 1.288 Loading class javax/swing/event/ChangeEvent
Event: 1.288 Loading class javax/swing/event/ChangeEvent done
Event: 1.295 Loading class sun/awt/windows/WDialogPeer
Event: 1.295 Loading class java/awt/peer/DialogPeer
Event: 1.295 Loading class java/awt/peer/DialogPeer done
Event: 1.295 Loading class sun/awt/windows/WDialogPeer done

Classes unloaded (0 events):
No events

Classes redefined (0 events):
No events

Internal exceptions (17 events):
Event: 0.497 Thread 0x0000022dbf186250 Exception <a 'java/lang/ClassNotFoundException'{0x0000000711bd8460}: sun/awt/resources/spi/awtProvider> (0x0000000711bd8460) 
thrown [s\open\src\hotspot\share\classfile\systemDictionary.cpp, line 255]
Event: 0.512 Thread 0x0000022dbf186250 Exception <a 'java/io/FileNotFoundException'{0x0000000711bee1b0}> (0x0000000711bee1b0) 
thrown [s\open\src\hotspot\share\prims\jni.cpp, line 517]
Event: 0.520 Thread 0x0000022dbf186250 Exception <a 'java/io/FileNotFoundException'{0x000000071181acf0}> (0x000000071181acf0) 
thrown [s\open\src\hotspot\share\prims\jni.cpp, line 517]
Event: 0.616 Thread 0x0000022dbf186250 Exception <a 'java/lang/NoSuchMethodError'{0x000000071184edb0}: 'java.lang.Object java.lang.invoke.DirectMethodHandle$Holder.invokeStaticInit(java.lang.Object)'> (0x000000071184edb0) 
thrown [s\open\src\hotspot\share\interpreter\linkResolver.cpp, line 774]
Event: 0.676 Thread 0x0000022dbf186250 Exception <a 'java/lang/NoSuchMethodError'{0x0000000711983db0}: 'void java.lang.invoke.DirectMethodHandle$Holder.invokeSpecial(java.lang.Object, java.lang.Object, java.lang.Object)'> (0x0000000711983db0) 
thrown [s\open\src\hotspot\share\interpreter\linkResolver.cpp, line 774]
Event: 0.692 Thread 0x0000022dbf186250 Exception <a 'java/lang/NoSuchMethodError'{0x00000007119ae858}: 'java.lang.Object java.lang.invoke.DirectMethodHandle$Holder.newInvokeSpecial(java.lang.Object, java.lang.Object, java.lang.Object, java.lang.Object, java.lang.Object)'> (0x00000007119ae858) 
thrown [s\open\src\hotspot\share\interpreter\linkResolver.cpp, line 774]
Event: 0.704 Thread 0x0000022dbf186250 Exception <a 'java/lang/NoSuchMethodError'{0x00000007119e01b0}: 'java.lang.Object java.lang.invoke.DirectMethodHandle$Holder.invokeStatic(java.lang.Object, int, java.lang.Object)'> (0x00000007119e01b0) 
thrown [s\open\src\hotspot\share\interpreter\linkResolver.cpp, line 774]
Event: 0.756 Thread 0x0000022dbf186250 Exception <a 'java/lang/ClassNotFoundException'{0x000000071169fed8}: com/sun/swing/internal/plaf/metal/resources/spi/metalProvider> (0x000000071169fed8) 
thrown [s\open\src\hotspot\share\classfile\systemDictionary.cpp, line 255]
Event: 0.757 Thread 0x0000022dbf186250 Exception <a 'java/lang/ClassNotFoundException'{0x00000007116a3e38}: com/sun/swing/internal/plaf/basic/resources/spi/basicProvider> (0x00000007116a3e38) 
thrown [s\open\src\hotspot\share\classfile\systemDictionary.cpp, line 255]
Event: 0.776 Thread 0x0000022dbf186250 Exception <a 'java/lang/NoSuchMethodError'{0x00000007116c0960}: 'int java.lang.invoke.Invokers$Holder.invokeExact_MT(java.lang.Object, java.lang.Object)'> (0x00000007116c0960) 
thrown [s\open\src\hotspot\share\interpreter\linkResolver.cpp, line 774]
Event: 0.788 Thread 0x0000022de6d37190 Exception <a 'java/lang/NoSuchMethodError'{0x00000007118f1160}: 'void java.lang.invoke.DirectMethodHandle$Holder.invokeVirtual(java.lang.Object, java.lang.Object)'> (0x00000007118f1160) 
thrown [s\open\src\hotspot\share\interpreter\linkResolver.cpp, line 774]
Event: 0.823 Thread 0x0000022dbf186250 Exception <a 'java/lang/NoSuchMethodError'{0x0000000711758748}: 'void java.lang.invoke.DirectMethodHandle$Holder.invokeStaticInit(java.lang.Object)'> (0x0000000711758748) 
thrown [s\open\src\hotspot\share\interpreter\linkResolver.cpp, line 774]
Event: 0.950 Thread 0x0000022dbf186250 Exception <a 'java/lang/NoSuchMethodError'{0x00000007117b6c40}: 'void java.lang.invoke.DirectMethodHandle$Holder.invokeStatic(java.lang.Object, java.lang.Object)'> (0x00000007117b6c40) 
thrown [s\open\src\hotspot\share\interpreter\linkResolver.cpp, line 774]
Event: 1.287 Thread 0x0000022dbf186250 Exception <a 'java/lang/NoSuchMethodError'{0x0000000711460810}: 'java.lang.Object java.lang.invoke.DirectMethodHandle$Holder.newInvokeSpecial(java.lang.Object, java.lang.Object, java.lang.Object, int)'> (0x0000000711460810) 
thrown [s\open\src\hotspot\share\interpreter\linkResolver.cpp, line 774]
Event: 1.289 Thread 0x0000022dbf186250 Exception <a 'java/lang/NoSuchMethodError'{0x0000000711464958}: 'java.lang.Object java.lang.invoke.DirectMethodHandle$Holder.invokeSpecial(java.lang.Object, java.lang.Object, java.lang.Object, java.lang.Object, int)'> (0x0000000711464958) 
thrown [s\open\src\hotspot\share\interpreter\linkResolver.cpp, line 774]
Event: 1.290 Thread 0x0000022dbf186250 Exception <a 'java/lang/NoSuchMethodError'{0x0000000711468280}: 'java.lang.Object java.lang.invoke.Invokers$Holder.linkToTargetMethod(java.lang.Object, java.lang.Object, int, java.lang.Object)'> (0x0000000711468280) 
thrown [s\open\src\hotspot\share\interpreter\linkResolver.cpp, line 774]
Event: 1.292 Thread 0x0000022dbf186250 Exception <a 'java/lang/NoSuchMethodError'{0x000000071146c770}: 'void java.lang.invoke.DirectMethodHandle$Holder.invokeSpecial(java.lang.Object, java.lang.Object, java.lang.Object, java.lang.Object, java.lang.Object)'> (0x000000071146c770) 
thrown [s\open\src\hotspot\share\interpreter\linkResolver.cpp, line 774]

VM Operations (20 events):
Event: 0.046 Executing VM operation: ChangeBreakpoints
Event: 0.046 Executing VM operation: ChangeBreakpoints done
Event: 0.188 Executing VM operation: ChangeBreakpoints
Event: 0.188 Executing VM operation: ChangeBreakpoints done
Event: 0.541 Executing VM operation: HandshakeAllThreads
Event: 0.541 Executing VM operation: HandshakeAllThreads done
Event: 0.662 Executing VM operation: HandshakeAllThreads
Event: 0.662 Executing VM operation: HandshakeAllThreads done
Event: 0.755 Executing VM operation: HandshakeAllThreads
Event: 0.755 Executing VM operation: HandshakeAllThreads done
Event: 0.801 Executing VM operation: HandshakeAllThreads
Event: 0.801 Executing VM operation: HandshakeAllThreads done
Event: 0.923 Executing VM operation: HandshakeAllThreads
Event: 0.923 Executing VM operation: HandshakeAllThreads done
Event: 1.156 Executing VM operation: HandshakeAllThreads
Event: 1.156 Executing VM operation: HandshakeAllThreads done
Event: 1.261 Executing VM operation: HandshakeAllThreads
Event: 1.261 Executing VM operation: HandshakeAllThreads done
Event: 1.261 Executing VM operation: Cleanup
Event: 1.261 Executing VM operation: Cleanup done

Events (20 events):
Event: 0.022 Thread 0x0000022de2972c50 Thread added: 0x0000022de2972c50
Event: 0.022 Thread 0x0000022de29739e0 Thread added: 0x0000022de29739e0
Event: 0.022 Thread 0x0000022de29760b0 Thread added: 0x0000022de29760b0
Event: 0.022 Thread 0x0000022de29779f0 Thread added: 0x0000022de29779f0
Event: 0.022 Thread 0x0000022de297af50 Thread added: 0x0000022de297af50
Event: 0.022 Thread 0x0000022de297c020 Thread added: 0x0000022de297c020
Event: 0.022 Thread 0x0000022de2982f30 Thread added: 0x0000022de2982f30
Event: 0.022 Thread 0x0000022de2981070 Thread added: 0x0000022de2981070
Event: 0.022 Thread 0x0000022de2987ea0 Thread added: 0x0000022de2987ea0
Event: 0.045 Thread 0x0000022de6cfde00 Thread added: 0x0000022de6cfde00
Event: 0.045 Thread 0x0000022de6d20420 Thread added: 0x0000022de6d20420
Event: 0.046 Thread 0x0000022de6d26990 Thread added: 0x0000022de6d26990
Event: 0.172 Thread 0x0000022de6d361a0 Thread added: 0x0000022de6d361a0
Event: 0.176 Thread 0x0000022de6d351b0 Thread added: 0x0000022de6d351b0
Event: 0.617 Thread 0x0000022de6d36c40 Thread added: 0x0000022de6d36c40
Event: 0.619 Thread 0x0000022de6d366f0 Thread added: 0x0000022de6d366f0
Event: 0.623 Thread 0x0000022de6d37190 Thread added: 0x0000022de6d37190
Event: 0.794 Thread 0x0000022de6d35700 Thread added: 0x0000022de6d35700
Event: 1.105 Thread 0x0000022de6d376e0 Thread added: 0x0000022de6d376e0
Event: 1.122 Thread 0x0000022de6d37c30 Thread added: 0x0000022de6d37c30


Dynamic libraries:
0x00007ff7cb1d0000 - 0x00007ff7cb1e0000 	C:\Program Files\Java\jdk-19\bin\java.exe
0x00007ff843d90000 - 0x00007ff843f88000 	C:\WINDOWS\SYSTEM32\ntdll.dll
0x00007ff842b90000 - 0x00007ff842c4d000 	C:\WINDOWS\System32\KERNEL32.DLL
0x00007ff841a10000 - 0x00007ff841d06000 	C:\WINDOWS\System32\KERNELBASE.dll
0x00007ff841600000 - 0x00007ff841700000 	C:\WINDOWS\System32\ucrtbase.dll
0x00007ff83e6d0000 - 0x00007ff83e6e8000 	C:\Program Files\Java\jdk-19\bin\jli.dll
0x00007ff83d020000 - 0x00007ff83d03b000 	C:\Program Files\Java\jdk-19\bin\VCRUNTIME140.dll
0x00007ff841dc0000 - 0x00007ff841e70000 	C:\WINDOWS\System32\ADVAPI32.dll
0x00007ff8421f0000 - 0x00007ff84228e000 	C:\WINDOWS\System32\msvcrt.dll
0x00007ff843c50000 - 0x00007ff843cf0000 	C:\WINDOWS\System32\sechost.dll
0x00007ff842cd0000 - 0x00007ff842df3000 	C:\WINDOWS\System32\RPCRT4.dll
0x00007ff8414b0000 - 0x00007ff8414d7000 	C:\WINDOWS\System32\bcrypt.dll
0x00007ff842040000 - 0x00007ff8421df000 	C:\WINDOWS\System32\USER32.dll
0x00007ff8419e0000 - 0x00007ff841a02000 	C:\WINDOWS\System32\win32u.dll
0x00007ff81ed30000 - 0x00007ff81efca000 	C:\WINDOWS\WinSxS\amd64_microsoft.windows.common-controls_6595b64144ccf1df_6.0.19041.4355_none_60b8b9eb71f62e16\COMCTL32.dll
0x00007ff842e00000 - 0x00007ff842e2b000 	C:\WINDOWS\System32\GDI32.dll
0x00007ff8414e0000 - 0x00007ff8415f7000 	C:\WINDOWS\System32\gdi32full.dll
0x00007ff841700000 - 0x00007ff84179d000 	C:\WINDOWS\System32\msvcp_win.dll
0x00007ff839980000 - 0x00007ff83998a000 	C:\WINDOWS\SYSTEM32\VERSION.dll
0x00007ff843610000 - 0x00007ff843642000 	C:\WINDOWS\System32\IMM32.DLL
0x00007ff83d010000 - 0x00007ff83d01c000 	C:\Program Files\Java\jdk-19\bin\vcruntime140_1.dll
0x00007ff816c20000 - 0x00007ff816cae000 	C:\Program Files\Java\jdk-19\bin\msvcp140.dll
0x00007fffbcc10000 - 0x00007fffbd8d0000 	C:\Program Files\Java\jdk-19\bin\server\jvm.dll
0x00007ff83e780000 - 0x00007ff83e789000 	C:\WINDOWS\SYSTEM32\WSOCK32.dll
0x00007ff82d570000 - 0x00007ff82d597000 	C:\WINDOWS\SYSTEM32\WINMM.dll
0x00007ff8437f0000 - 0x00007ff84385b000 	C:\WINDOWS\System32\WS2_32.dll
0x00007ff83f2f0000 - 0x00007ff83f302000 	C:\WINDOWS\SYSTEM32\kernel.appcore.dll
0x00007ff83b010000 - 0x00007ff83b01a000 	C:\Program Files\Java\jdk-19\bin\jimage.dll
0x00007ff83eba0000 - 0x00007ff83ed84000 	C:\WINDOWS\SYSTEM32\DBGHELP.DLL
0x00007ff825370000 - 0x00007ff8253a4000 	C:\WINDOWS\SYSTEM32\dbgcore.DLL
0x00007ff841950000 - 0x00007ff8419d2000 	C:\WINDOWS\System32\bcryptPrimitives.dll
0x00007ff816880000 - 0x00007ff8168bc000 	C:\Program Files\Java\jdk-19\bin\jdwp.dll
0x00007ff838630000 - 0x00007ff838656000 	C:\Program Files\Java\jdk-19\bin\java.dll
0x00007ff803520000 - 0x00007ff8035f7000 	C:\Program Files\Java\jdk-19\bin\jsvml.dll
0x00007ff842e40000 - 0x00007ff8435ab000 	C:\WINDOWS\System32\SHELL32.dll
0x00007ff83f480000 - 0x00007ff83fc1d000 	C:\WINDOWS\SYSTEM32\windows.storage.dll
0x00007ff843860000 - 0x00007ff843bb3000 	C:\WINDOWS\System32\combase.dll
0x00007ff840e60000 - 0x00007ff840e8e000 	C:\WINDOWS\SYSTEM32\Wldp.dll
0x00007ff8422b0000 - 0x00007ff84237d000 	C:\WINDOWS\System32\OLEAUT32.dll
0x00007ff843660000 - 0x00007ff84370d000 	C:\WINDOWS\System32\SHCORE.dll
0x00007ff843cf0000 - 0x00007ff843d45000 	C:\WINDOWS\System32\shlwapi.dll
0x00007ff841370000 - 0x00007ff841394000 	C:\WINDOWS\SYSTEM32\profapi.dll
0x00007ff83ace0000 - 0x00007ff83acec000 	C:\Program Files\Java\jdk-19\bin\dt_socket.dll
0x00007ff840820000 - 0x00007ff84085b000 	C:\WINDOWS\SYSTEM32\IPHLPAPI.DLL
0x00007ff840b80000 - 0x00007ff840bea000 	C:\WINDOWS\system32\mswsock.dll
0x00007ff82e860000 - 0x00007ff82e873000 	C:\Program Files\Java\jdk-19\bin\net.dll
0x00007ff839530000 - 0x00007ff83963a000 	C:\WINDOWS\SYSTEM32\WINHTTP.dll
0x00007ff82de80000 - 0x00007ff82de96000 	C:\Program Files\Java\jdk-19\bin\nio.dll
0x00007ffff5370000 - 0x00007ffff5501000 	C:\Program Files\Java\jdk-19\bin\awt.dll
0x00007ff83e7a0000 - 0x00007ff83e830000 	C:\WINDOWS\SYSTEM32\apphelp.dll
0x00007ff83ef90000 - 0x00007ff83efbf000 	C:\WINDOWS\system32\DWMAPI.DLL
0x00007ff83e890000 - 0x00007ff83e92e000 	C:\WINDOWS\system32\uxtheme.dll
0x00007ff819f70000 - 0x00007ff81a095000 	C:\WINDOWS\system32\opengl32.dll
0x00007ff838400000 - 0x00007ff83842c000 	C:\WINDOWS\SYSTEM32\GLU32.dll
0x00007ff841e70000 - 0x00007ff841f84000 	C:\WINDOWS\System32\MSCTF.dll
0x00007ff8427f0000 - 0x00007ff84291b000 	C:\WINDOWS\System32\ole32.dll
0x00007ff8063a0000 - 0x00007ff806426000 	C:\Program Files\Java\jdk-19\bin\freetype.dll
0x00007ff805780000 - 0x00007ff805846000 	C:\Program Files\Java\jdk-19\bin\fontmanager.dll
0x00007ff815e60000 - 0x00007ff815f59000 	C:\WINDOWS\SYSTEM32\textinputframework.dll
0x00007ff83e570000 - 0x00007ff83e662000 	C:\WINDOWS\System32\CoreMessaging.dll
0x00007ff83e210000 - 0x00007ff83e56b000 	C:\WINDOWS\System32\CoreUIComponents.dll
0x00007ff840550000 - 0x00007ff840583000 	C:\WINDOWS\SYSTEM32\ntmarta.dll
0x00007ff83ceb0000 - 0x00007ff83d007000 	C:\WINDOWS\SYSTEM32\wintypes.dll
0x00007ff841f90000 - 0x00007ff842039000 	C:\WINDOWS\System32\clbcatq.dll
0x00007ff838e50000 - 0x00007ff839004000 	C:\WINDOWS\SYSTEM32\WindowsCodecs.dll
0x00007ff81ba10000 - 0x00007ff81ba4e000 	C:\WINDOWS\system32\dataexchange.dll
0x00007ff83d470000 - 0x00007ff83d6d3000 	C:\WINDOWS\system32\d3d11.dll
0x00007ff83dca0000 - 0x00007ff83de85000 	C:\WINDOWS\system32\dcomp.dll
0x00007ff83fc80000 - 0x00007ff83fd72000 	C:\WINDOWS\system32\dxgi.dll
0x00007ff839640000 - 0x00007ff839843000 	C:\WINDOWS\system32\twinapi.appcore.dll
0x00007ff82dde0000 - 0x00007ff82ddf2000 	C:\Program Files\Java\jdk-19\bin\jsound.dll
0x00007ff803480000 - 0x00007ff80351c000 	C:\WINDOWS\SYSTEM32\DSOUND.dll
0x00007ff82adb0000 - 0x00007ff82add6000 	C:\WINDOWS\SYSTEM32\winmmbase.dll
0x00007ff840990000 - 0x00007ff8409db000 	C:\WINDOWS\SYSTEM32\powrprof.dll
0x00007ff840800000 - 0x00007ff840812000 	C:\WINDOWS\SYSTEM32\UMPDC.dll
0x00007ff83a0d0000 - 0x00007ff83a155000 	C:\WINDOWS\System32\MMDevApi.dll
0x00007ff8411e0000 - 0x00007ff841213000 	C:\WINDOWS\System32\DEVOBJ.dll
0x00007ff841900000 - 0x00007ff84194e000 	C:\WINDOWS\System32\cfgmgr32.dll
0x00007ff808070000 - 0x00007ff8080b6000 	C:\WINDOWS\SYSTEM32\wdmaud.drv
0x00007ff83cd30000 - 0x00007ff83cd39000 	C:\WINDOWS\SYSTEM32\ksuser.dll
0x00007ff83a320000 - 0x00007ff83a32a000 	C:\WINDOWS\SYSTEM32\AVRT.dll
0x00007ff83a160000 - 0x00007ff83a2e1000 	C:\WINDOWS\SYSTEM32\AUDIOSES.DLL
0x00007ff8345d0000 - 0x00007ff8345dd000 	C:\WINDOWS\SYSTEM32\msacm32.drv
0x00007ff819d30000 - 0x00007ff819d4e000 	C:\WINDOWS\SYSTEM32\MSACM32.dll
0x00007ff82ef20000 - 0x00007ff82ef2b000 	C:\WINDOWS\SYSTEM32\midimap.dll
0x00007ff83eda0000 - 0x00007ff83edb4000 	C:\WINDOWS\SYSTEM32\resourcepolicyclient.dll

dbghelp: loaded successfully - version: 4.0.5 - missing functions: none
symbol engine: initialized successfully - sym options: 0x614 - pdb path: .;C:\Program Files\Java\jdk-19\bin;C:\WINDOWS\SYSTEM32;C:\WINDOWS\WinSxS\amd64_microsoft.windows.common-controls_6595b64144ccf1df_6.0.19041.4355_none_60b8b9eb71f62e16;C:\Program Files\Java\jdk-19\bin\server

VM Arguments:
jvm_args: -agentlib:jdwp=transport=dt_socket,server=n,suspend=y,address=127.0.0.1:52666 -Dfile.encoding=windows-1252 -Duser.country=ID -Duser.language=en -Duser.variant 
java_command: org.gui.App
java_class_path (initial): D:\Git Repos\Tubes2_OOP_BZG\build\classes\java\main;D:\Git Repos\Tubes2_OOP_BZG\build\resources\main
Launcher Type: SUN_STANDARD

[Global flags]
     intx CICompilerCount                          = 4                                         {product} {ergonomic}
     uint ConcGCThreads                            = 3                                         {product} {ergonomic}
     uint G1ConcRefinementThreads                  = 10                                        {product} {ergonomic}
   size_t G1HeapRegionSize                         = 2097152                                   {product} {ergonomic}
    uintx GCDrainStackTargetSize                   = 64                                        {product} {ergonomic}
   size_t InitialHeapSize                          = 266338304                                 {product} {ergonomic}
   size_t MarkStackSize                            = 4194304                                   {product} {ergonomic}
   size_t MaxHeapSize                              = 4261412864                                {product} {ergonomic}
   size_t MaxNewSize                               = 2556428288                                {product} {ergonomic}
   size_t MinHeapDeltaBytes                        = 2097152                                   {product} {ergonomic}
   size_t MinHeapSize                              = 8388608                                   {product} {ergonomic}
    uintx NonNMethodCodeHeapSize                   = 5839372                                {pd product} {ergonomic}
    uintx NonProfiledCodeHeapSize                  = 122909434                              {pd product} {ergonomic}
    uintx ProfiledCodeHeapSize                     = 122909434                              {pd product} {ergonomic}
    uintx ReservedCodeCacheSize                    = 251658240                              {pd product} {ergonomic}
     bool SegmentedCodeCache                       = true                                      {product} {ergonomic}
   size_t SoftMaxHeapSize                          = 4261412864                             {manageable} {ergonomic}
     bool UseCompressedClassPointers               = true                           {product lp64_product} {ergonomic}
     bool UseCompressedOops                        = true                           {product lp64_product} {ergonomic}
     bool UseG1GC                                  = true                                      {product} {ergonomic}
     bool UseLargePagesIndividualAllocation        = false                                  {pd product} {ergonomic}

Logging:
Log output configuration:
 #0: stdout all=warning uptime,level,tags foldmultilines=false
 #1: stderr all=off uptime,level,tags foldmultilines=false

Environment Variables:
JAVA_HOME=C:\Program Files\Java\jdk-16.0.1
PATH=C:\Python312\Scripts\;C:\Python312\;C:\Python311\Scripts\;C:\Python311\;C:\Program Files\Common Files\Oracle\Java\javapath;C:\Program Files (x86)\Common Files\Oracle\Java\javapath;C:\Program Files (x86)\Common Files\Intel\Shared Files\cpp\bin\Intel64;C:\Windows\system32;C:\Windows;C:\Windows\System32\Wbem;C:\Windows\System32\WindowsPowerShell\v1.0\;C:\Windows\System32\OpenSSH\;C:\Program Files (x86)\NVIDIA Corporation\PhysX\Common;C:\Program Files\NVIDIA Corporation\NVIDIA NvDLISR;C:\WINDOWS\system32;C:\WINDOWS;C:\WINDOWS\System32\Wbem;C:\WINDOWS\System32\WindowsPowerShell\v1.0\;C:\WINDOWS\System32\OpenSSH\;C:\Program Files\Java\jdk-16.0.1\bin;C:\Program Files\mingw64\bin;C:\Program Files\Git\cmd;C:\ProgramData\chocolatey\bin;D:\nodejs\;C:\Program Files\Docker\Docker\resources\bin;C:\Program Files\Go\bin;C:\Program Files\dotnet\;D:\MariaDB\bin;D:\dev\flutter\bin;C:\Users\Steven Tjhia\AppData\Local\Programs\Python\Python310\Scripts\;C:\Users\Steven Tjhia\AppData\Local\Programs\Python\Python310\;C:\Users\Steven Tjhia\AppData\Local\Microsoft\WindowsApps;D:\Microsoft VS Code\bin;C:\Users\Steven Tjhia\AppData\Local\GitHubDesktop\bin;C:\ghcup\bin;C:\MinGW\bin;D:\IntelliJ IDEA 2024.1.1\bin;;C:\Program Files\JetBrains\IntelliJ IDEA Community Edition 2023.2.2\bin;;C:\Users\Steven Tjhia\AppData\Roaming\npm;C:\Users\Steven Tjhia\go\bin;C:\Users\Steven Tjhia\.dotnet\tools
USERNAME=Steven Tjhia
OS=Windows_NT
PROCESSOR_IDENTIFIER=Intel64 Family 6 Model 165 Stepping 2, GenuineIntel
TMP=C:\Users\STEVEN~1\AppData\Local\Temp
TEMP=C:\Users\STEVEN~1\AppData\Local\Temp



---------------  S Y S T E M  ---------------

OS:
 Windows 10 , 64 bit Build 19041 (10.0.19041.3636)
OS uptime: 2 days 2:20 hours
Hyper-V role detected

CPU: total 12 (initial active 12) (6 cores per cpu, 2 threads per core) family 6 model 165 stepping 2 microcode 0xea, cx8, cmov, fxsr, ht, mmx, 3dnowpref, sse, sse2, sse3, ssse3, sse4.1, sse4.2, popcnt, lzcnt, tsc, tscinvbit, avx, avx2, aes, erms, clmul, bmi1, bmi2, adx, fma, vzeroupper, clflush, clflushopt, hv, rdtscp

Memory: 4k page, system-wide physical 16251M (2061M free)
TotalPageFile size 25008M (AvailPageFile size 25M)
current process WorkingSet (physical memory assigned to process): 108M, peak: 132M
current process commit charge ("private bytes"): 364M, peak: 399M

vm_info: Java HotSpot(TM) 64-Bit Server VM (19.0.2+7-44) for windows-amd64 JRE (19.0.2+7-44), built on 2022-11-30T18:02:09Z by "mach5one" with MS VC++ 17.1 (VS2022)

END.
