#
# There is insufficient memory for the Java Runtime Environment to continue.
# Native memory allocation (malloc) failed to allocate 880720 bytes for Chunk::new
# Possible reasons:
#   The system is out of physical RAM or swap space
#   The process is running with CompressedOops enabled, and the Java Heap may be blocking the growth of the native heap
# Possible solutions:
#   Reduce memory load on the system
#   Increase physical memory or swap space
#   Check if swap backing store is full
#   Decrease Java heap size (-Xmx/-Xms)
#   Decrease number of Java threads
#   Decrease Java thread stack sizes (-Xss)
#   Set larger code cache with -XX:ReservedCodeCacheSize=
#   JVM is running with Unscaled Compressed Oops mode in which the Java heap is
#     placed in the first 4GB address space. The Java Heap base address is the
#     maximum limit for the native heap growth. Please use -XX:HeapBaseMinAddress
#     to set the Java Heap base and to place the Java Heap above 4GB virtual address.
# This output file may be truncated or incomplete.
#
#  Out of Memory Error (arena.cpp:184), pid=30768, tid=15116
#
# JRE version: Java(TM) SE Runtime Environment (19.0.2+7) (build 19.0.2+7-44)
# Java VM: Java HotSpot(TM) 64-Bit Server VM (19.0.2+7-44, mixed mode, sharing, tiered, compressed oops, compressed class ptrs, g1 gc, windows-amd64)
# No core dump will be written. Minidumps are not enabled by default on client versions of Windows
#

---------------  S U M M A R Y ------------

Command Line: --add-opens=java.base/java.util.concurrent.atomic=ALL-UNNAMED -XX:MaxMetaspaceSize=384m -XX:+HeapDumpOnOutOfMemoryError --add-opens=java.base/java.util=ALL-UNNAMED --add-opens=java.base/java.lang=ALL-UNNAMED --add-opens=java.base/java.lang.invoke=ALL-UNNAMED --add-opens=java.prefs/java.util.prefs=ALL-UNNAMED --add-opens=java.base/java.nio.charset=ALL-UNNAMED --add-opens=java.base/java.net=ALL-UNNAMED --add-opens=java.base/java.util.concurrent.atomic=ALL-UNNAMED -Xms256m -Xmx512m -Dfile.encoding=windows-1252 -Duser.country=ID -Duser.language=en -Duser.variant -javaagent:C:\Users\Steven Tjhia\.gradle\wrapper\dists\gradle-8.5-bin\5t9huq95ubn472n8rpzujfbqh\gradle-8.5\lib\agents\gradle-instrumentation-agent-8.5.jar org.gradle.launcher.daemon.bootstrap.GradleDaemon 8.5

Host: Intel(R) Core(TM) i7-10750H CPU @ 2.60GHz, 12 cores, 15G,  Windows 10 , 64 bit Build 19041 (10.0.19041.3636)
Time: Fri May 24 14:57:46 2024 SE Asia Standard Time elapsed time: 14.835074 seconds (0d 0h 0m 14s)

---------------  T H R E A D  ---------------

Current thread (0x000001867f9f0480):  JavaThread "C2 CompilerThread1" daemon [_thread_in_native, id=15116, stack(0x000000323c400000,0x000000323c500000)]


Current CompileTask:
C2:  14835 7340   !   4       org.gradle.internal.logging.text.StreamBackedStandardOutputListener::onOutput (34 bytes)

Stack: [0x000000323c400000,0x000000323c500000]
Native frames: (J=compiled Java code, j=interpreted, Vv=VM code, C=native code)
V  [jvm.dll+0x6ee21a]
V  [jvm.dll+0x85765e]
V  [jvm.dll+0x85904e]
V  [jvm.dll+0x859703]
V  [jvm.dll+0x28298f]
V  [jvm.dll+0xc9adf]
V  [jvm.dll+0xc9e65]
V  [jvm.dll+0x3bca4c]
V  [jvm.dll+0x1ee0aa]
V  [jvm.dll+0x24c52b]
V  [jvm.dll+0x24b781]
V  [jvm.dll+0x1d6ce1]
V  [jvm.dll+0x25b25a]
V  [jvm.dll+0x2596e8]
V  [jvm.dll+0x807588]
V  [jvm.dll+0x80125a]
V  [jvm.dll+0x6ecf0b]
C  [ucrtbase.dll+0x21bb2]
C  [KERNEL32.DLL+0x17344]
C  [ntdll.dll+0x526b1]


---------------  P R O C E S S  ---------------

Threads class SMR info:
_java_thread_list=0x000001867e56f220, length=70, elements={
0x000001865a6a7020, 0x0000018677a46aa0, 0x0000018677a47770, 0x0000018677a4aa90,
0x0000018677a4b980, 0x0000018677a4e960, 0x0000018677a4f570, 0x0000018677a50b90,
0x000001867bc09850, 0x0000018677a59e50, 0x000001867bcfd8c0, 0x000001867bcfde10,
0x000001867bcfc380, 0x000001867bcfb8e0, 0x000001867bcfae40, 0x000001867bcfc8d0,
0x000001867bcfe360, 0x000001867dc905e0, 0x000001867dc8d0c0, 0x000001867dc8d610,
0x000001867dc915d0, 0x000001867dc8e600, 0x000001867dc91080, 0x000001867dc8f0a0,
0x000001867dc90b30, 0x000001867dc91b20, 0x000001867dc8fb40, 0x000001867dc94af0,
0x000001867dc90090, 0x000001867ee26260, 0x000001867ee247d0, 0x000001867ee27cf0,
0x000001867ee28240, 0x000001867ee267b0, 0x000001867ee277a0, 0x000001867ee227f0,
0x000001867ee28ce0, 0x000001867ee23290, 0x000001867ee24d20, 0x000001867ce2e8b0,
0x000001867ce28e60, 0x000001867ce293b0, 0x000001867ce2de10, 0x000001867ce2c8d0,
0x000001867ce2d370, 0x000001867ce2e360, 0x000001867ce2d8c0, 0x000001867ce29900,
0x000001867ce28910, 0x000001867ce29e50, 0x000001867ce26e80, 0x000001867ce273d0,
0x000001867ce27920, 0x000001867ce2a8f0, 0x000001867ce27e70, 0x000001867ce2a3a0,
0x000001867ce2ae40, 0x000001867ce2b390, 0x000001867ce2b8e0, 0x000001867ce2be30,
0x000001867ce2c380, 0x000001867ee25270, 0x000001867ee257c0, 0x000001867ee28790,
0x000001867ee25d10, 0x000001867ee29cd0, 0x000001867ee222a0, 0x000001867ee22d40,
0x000001867f9f0480, 0x000001867f9f0a10
}

Java Threads: ( => current thread )
  0x000001865a6a7020 JavaThread "main" [_thread_blocked, id=21924, stack(0x0000003239200000,0x0000003239300000)]
  0x0000018677a46aa0 JavaThread "Reference Handler" daemon [_thread_blocked, id=27520, stack(0x0000003239900000,0x0000003239a00000)]
  0x0000018677a47770 JavaThread "Finalizer" daemon [_thread_blocked, id=20688, stack(0x0000003239a00000,0x0000003239b00000)]
  0x0000018677a4aa90 JavaThread "Signal Dispatcher" daemon [_thread_blocked, id=31508, stack(0x0000003239b00000,0x0000003239c00000)]
  0x0000018677a4b980 JavaThread "Attach Listener" daemon [_thread_blocked, id=31048, stack(0x0000003239c00000,0x0000003239d00000)]
  0x0000018677a4e960 JavaThread "Service Thread" daemon [_thread_blocked, id=23472, stack(0x0000003239d00000,0x0000003239e00000)]
  0x0000018677a4f570 JavaThread "Monitor Deflation Thread" daemon [_thread_blocked, id=30456, stack(0x0000003239e00000,0x0000003239f00000)]
  0x0000018677a50b90 JavaThread "C2 CompilerThread0" daemon [_thread_in_native, id=19856, stack(0x0000003239f00000,0x000000323a000000)]
  0x000001867bc09850 JavaThread "C1 CompilerThread0" daemon [_thread_blocked, id=35804, stack(0x000000323a000000,0x000000323a100000)]
  0x0000018677a59e50 JavaThread "Sweeper thread" daemon [_thread_blocked, id=1916, stack(0x000000323a100000,0x000000323a200000)]
  0x000001867bcfd8c0 JavaThread "Common-Cleaner" daemon [_thread_blocked, id=26060, stack(0x000000323a200000,0x000000323a300000)]
  0x000001867bcfde10 JavaThread "Notification Thread" daemon [_thread_blocked, id=14392, stack(0x000000323a300000,0x000000323a400000)]
  0x000001867bcfc380 JavaThread "Daemon health stats" [_thread_blocked, id=27612, stack(0x000000323ac00000,0x000000323ad00000)]
  0x000001867bcfb8e0 JavaThread "Incoming local TCP Connector on port 52659" [_thread_in_native, id=9924, stack(0x000000323ad00000,0x000000323ae00000)]
  0x000001867bcfae40 JavaThread "Daemon periodic checks" [_thread_blocked, id=34084, stack(0x000000323ae00000,0x000000323af00000)]
  0x000001867bcfc8d0 JavaThread "Daemon" [_thread_blocked, id=26292, stack(0x000000323af00000,0x000000323b000000)]
  0x000001867bcfe360 JavaThread "Daemon worker" [_thread_blocked, id=10476, stack(0x000000323b200000,0x000000323b300000)]
  0x000001867dc905e0 JavaThread "Cache worker for journal cache (C:\Users\Steven Tjhia\.gradle\caches\journal-1)" [_thread_blocked, id=25856, stack(0x000000323b600000,0x000000323b700000)]
  0x000001867dc8d0c0 JavaThread "File lock request listener" [_thread_in_native, id=17412, stack(0x000000323b700000,0x000000323b800000)]
  0x000001867dc8d610 JavaThread "Cache worker for file hash cache (C:\Users\Steven Tjhia\.gradle\caches\8.5\fileHashes)" [_thread_blocked, id=21916, stack(0x000000323b800000,0x000000323b900000)]
  0x000001867dc915d0 JavaThread "File watcher server" daemon [_thread_in_native, id=31112, stack(0x000000323bf00000,0x000000323c000000)]
  0x000001867dc8e600 JavaThread "File watcher consumer" daemon [_thread_blocked, id=28052, stack(0x000000323c000000,0x000000323c100000)]
  0x000001867dc91080 JavaThread "Cache worker for file content cache (C:\Users\Steven Tjhia\.gradle\caches\8.5\fileContent)" [_thread_blocked, id=28708, stack(0x000000323c500000,0x000000323c600000)]
  0x000001867dc8f0a0 JavaThread "Cache worker for execution history cache (C:\Users\Steven Tjhia\.gradle\caches\8.5\executionHistory)" [_thread_blocked, id=15920, stack(0x000000323c600000,0x000000323c700000)]
  0x000001867dc90b30 JavaThread "jar transforms" [_thread_blocked, id=31392, stack(0x000000323c700000,0x000000323c800000)]
  0x000001867dc91b20 JavaThread "jar transforms Thread 2" [_thread_blocked, id=4352, stack(0x000000323c800000,0x000000323c900000)]
  0x000001867dc8fb40 JavaThread "jar transforms Thread 3" [_thread_blocked, id=6464, stack(0x000000323c900000,0x000000323ca00000)]
  0x000001867dc94af0 JavaThread "jar transforms Thread 4" [_thread_blocked, id=25512, stack(0x000000323a600000,0x000000323a700000)]
  0x000001867dc90090 JavaThread "jar transforms Thread 5" [_thread_blocked, id=10828, stack(0x000000323ca00000,0x000000323cb00000)]
  0x000001867ee26260 JavaThread "jar transforms Thread 6" [_thread_blocked, id=10140, stack(0x000000323cb00000,0x000000323cc00000)]
  0x000001867ee247d0 JavaThread "jar transforms Thread 7" [_thread_blocked, id=17788, stack(0x000000323cd00000,0x000000323ce00000)]
  0x000001867ee27cf0 JavaThread "jar transforms Thread 8" [_thread_blocked, id=17440, stack(0x000000323ce00000,0x000000323cf00000)]
  0x000001867ee28240 JavaThread "Cache worker for kotlin-dsl (C:\Users\Steven Tjhia\.gradle\caches\8.5\kotlin-dsl)" [_thread_blocked, id=29944, stack(0x000000323cf00000,0x000000323d000000)]
  0x000001867ee267b0 JavaThread "jar transforms Thread 9" [_thread_blocked, id=22964, stack(0x000000323d000000,0x000000323d100000)]
  0x000001867ee277a0 JavaThread "jar transforms Thread 10" [_thread_blocked, id=34668, stack(0x000000323d100000,0x000000323d200000)]
  0x000001867ee227f0 JavaThread "jar transforms Thread 11" [_thread_blocked, id=34240, stack(0x000000323d400000,0x000000323d500000)]
  0x000001867ee28ce0 JavaThread "jar transforms Thread 12" [_thread_blocked, id=31472, stack(0x000000323d500000,0x000000323d600000)]
  0x000001867ee23290 JavaThread "Memory manager" [_thread_blocked, id=22160, stack(0x000000323d600000,0x000000323d700000)]
  0x000001867ee24d20 JavaThread "included builds" [_thread_blocked, id=24224, stack(0x000000323d700000,0x000000323d800000)]
  0x000001867ce2e8b0 JavaThread "Exec process" [_thread_in_native, id=7860, stack(0x000000323e400000,0x000000323e500000)]
  0x000001867ce28e60 JavaThread "Exec process Thread 2" [_thread_blocked, id=17172, stack(0x000000323e600000,0x000000323e700000)]
  0x000001867ce293b0 JavaThread "Exec process Thread 3" [_thread_in_native, id=11676, stack(0x000000323e700000,0x000000323e800000)]
  0x000001867ce2de10 JavaThread "Exec process Thread 4" [_thread_in_Java, id=16024, stack(0x000000323e800000,0x000000323e900000)]
  0x000001867ce2c8d0 JavaThread "Handler for socket connection from /127.0.0.1:52659 to /127.0.0.1:52665" [_thread_in_native, id=30400, stack(0x000000323a500000,0x000000323a600000)]
  0x000001867ce2d370 JavaThread "Cancel handler" [_thread_blocked, id=15176, stack(0x000000323b000000,0x000000323b100000)]
  0x000001867ce2e360 JavaThread "Asynchronous log dispatcher for DefaultDaemonConnection: socket connection from /127.0.0.1:52659 to /127.0.0.1:52665" [_thread_in_native, id=30580, stack(0x000000323b100000,0x000000323b200000)]
  0x000001867ce2d8c0 JavaThread "Stdin handler" [_thread_blocked, id=31356, stack(0x000000323b300000,0x000000323b400000)]
  0x000001867ce29900 JavaThread "Daemon client event forwarder" [_thread_blocked, id=28960, stack(0x000000323b400000,0x000000323b500000)]
  0x000001867ce28910 JavaThread "Cache worker for checksums cache (D:\Git Repos\Tubes2_OOP_BZG\.gradle\8.5\checksums)" [_thread_blocked, id=18288, stack(0x000000323b500000,0x000000323b600000)]
  0x000001867ce29e50 JavaThread "Cache worker for file hash cache (D:\Git Repos\Tubes2_OOP_BZG\.gradle\8.5\fileHashes)" [_thread_blocked, id=34220, stack(0x000000323c100000,0x000000323c200000)]
  0x000001867ce26e80 JavaThread "Cache worker for cache directory md-supplier (C:\Users\Steven Tjhia\.gradle\caches\8.5\md-supplier)" [_thread_blocked, id=24320, stack(0x000000323c200000,0x000000323c300000)]
  0x000001867ce273d0 JavaThread "Cache worker for cache directory md-rule (C:\Users\Steven Tjhia\.gradle\caches\8.5\md-rule)" [_thread_blocked, id=32232, stack(0x000000323c300000,0x000000323c400000)]
  0x000001867ce27920 JavaThread "Cache worker for dependencies-accessors (D:\Git Repos\Tubes2_OOP_BZG\.gradle\8.5\dependencies-accessors)" [_thread_blocked, id=33100, stack(0x000000323cc00000,0x000000323cd00000)]
  0x000001867ce2a8f0 JavaThread "Cache worker for Build Output Cleanup Cache (D:\Git Repos\Tubes2_OOP_BZG\.gradle\buildOutputCleanup)" [_thread_blocked, id=17524, stack(0x000000323d200000,0x000000323d300000)]
  0x000001867ce27e70 JavaThread "included builds" [_thread_blocked, id=7232, stack(0x000000323d800000,0x000000323d900000)]
  0x000001867ce2a3a0 JavaThread "Execution worker" [_thread_blocked, id=23884, stack(0x000000323d900000,0x000000323da00000)]
  0x000001867ce2ae40 JavaThread "Execution worker Thread 2" [_thread_blocked, id=31948, stack(0x000000323da00000,0x000000323db00000)]
  0x000001867ce2b390 JavaThread "Execution worker Thread 3" [_thread_blocked, id=32936, stack(0x000000323db00000,0x000000323dc00000)]
  0x000001867ce2b8e0 JavaThread "Execution worker Thread 4" [_thread_blocked, id=28800, stack(0x000000323dc00000,0x000000323dd00000)]
  0x000001867ce2be30 JavaThread "Execution worker Thread 5" [_thread_blocked, id=35564, stack(0x000000323dd00000,0x000000323de00000)]
  0x000001867ce2c380 JavaThread "Execution worker Thread 6" [_thread_blocked, id=32592, stack(0x000000323de00000,0x000000323df00000)]
  0x000001867ee25270 JavaThread "Execution worker Thread 7" [_thread_blocked, id=28968, stack(0x000000323df00000,0x000000323e000000)]
  0x000001867ee257c0 JavaThread "Execution worker Thread 8" [_thread_blocked, id=30180, stack(0x000000323e000000,0x000000323e100000)]
  0x000001867ee28790 JavaThread "Execution worker Thread 9" [_thread_blocked, id=29184, stack(0x000000323e100000,0x000000323e200000)]
  0x000001867ee25d10 JavaThread "Execution worker Thread 10" [_thread_blocked, id=23476, stack(0x000000323e200000,0x000000323e300000)]
  0x000001867ee29cd0 JavaThread "Execution worker Thread 11" [_thread_blocked, id=4264, stack(0x000000323e300000,0x000000323e400000)]
  0x000001867ee222a0 JavaThread "Cache worker for execution history cache (D:\Git Repos\Tubes2_OOP_BZG\.gradle\8.5\executionHistory)" [_thread_blocked, id=18904, stack(0x000000323e500000,0x000000323e600000)]
  0x000001867ee22d40 JavaThread "DisconnectableInputStream source reader" daemon [_thread_blocked, id=22684, stack(0x000000323e900000,0x000000323ea00000)]
=>0x000001867f9f0480 JavaThread "C2 CompilerThread1" daemon [_thread_in_native, id=15116, stack(0x000000323c400000,0x000000323c500000)]
  0x000001867f9f0a10 JavaThread "C2 CompilerThread2" daemon [_thread_in_native, id=11108, stack(0x000000323d300000,0x000000323d400000)]

Other Threads:
  0x0000018677a2aeb0 VMThread "VM Thread" [stack: 0x0000003239800000,0x0000003239900000] [id=19276]
  0x000001865a6a7fa0 WatcherThread "VM Periodic Task Thread" [stack: 0x000000323a400000,0x000000323a500000] [id=27368]
  0x000001865a6d8560 WorkerThread "GC Thread#0" [stack: 0x0000003239300000,0x0000003239400000] [id=1588]
  0x000001867bea20b0 WorkerThread "GC Thread#1" [stack: 0x000000323a700000,0x000000323a800000] [id=27348]
  0x000001867bea2920 WorkerThread "GC Thread#2" [stack: 0x000000323a800000,0x000000323a900000] [id=24292]
  0x000001867bea2380 WorkerThread "GC Thread#3" [stack: 0x000000323a900000,0x000000323aa00000] [id=13228]
  0x000001867bea2650 WorkerThread "GC Thread#4" [stack: 0x000000323aa00000,0x000000323ab00000] [id=8260]
  0x000001867c6dbba0 WorkerThread "GC Thread#5" [stack: 0x000000323ab00000,0x000000323ac00000] [id=17484]
  0x000001867c6de300 WorkerThread "GC Thread#6" [stack: 0x000000323b900000,0x000000323ba00000] [id=9332]
  0x000001867c6de5d0 WorkerThread "GC Thread#7" [stack: 0x000000323ba00000,0x000000323bb00000] [id=34920]
  0x000001867c6dd7c0 WorkerThread "GC Thread#8" [stack: 0x000000323bb00000,0x000000323bc00000] [id=17888]
  0x000001867c6dc9b0 WorkerThread "GC Thread#9" [stack: 0x000000323bc00000,0x000000323bd00000] [id=4824]
  0x000001865a6de420 ConcurrentGCThread "G1 Main Marker" [stack: 0x0000003239400000,0x0000003239500000] [id=31944]
  0x000001865a6df3a0 WorkerThread "G1 Conc#0" [stack: 0x0000003239500000,0x0000003239600000] [id=20956]
  0x000001867c6dd4f0 WorkerThread "G1 Conc#1" [stack: 0x000000323bd00000,0x000000323be00000] [id=2460]
  0x000001867c6dcc80 WorkerThread "G1 Conc#2" [stack: 0x000000323be00000,0x000000323bf00000] [id=29044]
  0x00000186778ed190 ConcurrentGCThread "G1 Refine#0" [stack: 0x0000003239600000,0x0000003239700000] [id=29568]
  0x00000186778ed980 ConcurrentGCThread "G1 Service" [stack: 0x0000003239700000,0x0000003239800000] [id=7172]

Threads with active compile tasks:
C2 CompilerThread0    14859 7369   !   4       sun.nio.cs.StreamEncoder::flushBuffer (63 bytes)
C2 CompilerThread1    14859 7340   !   4       org.gradle.internal.logging.text.StreamBackedStandardOutputListener::onOutput (34 bytes)
C2 CompilerThread2    14859 7339       4       org.gradle.internal.logging.text.StreamingStyledTextOutput::doAppend (11 bytes)

VM state: not at safepoint (normal execution)

VM Mutex/Monitor currently owned by a thread: None

Heap address: 0x00000000e0000000, size: 512 MB, Compressed Oops mode: 32-bit

CDS archive(s) mapped at: [0x0000000800000000-0x0000000800c40000-0x0000000800c40000), size 12845056, SharedBaseAddress: 0x0000000800000000, ArchiveRelocationMode: 0.
Compressed class space mapped at: 0x0000000801000000-0x0000000814400000, reserved size: 322961408
Narrow klass base: 0x0000000800000000, Narrow klass shift: 0, Narrow klass range: 0x100000000

GC Precious Log:
 CardTable entry size: 512
 Card Set container configuration: InlinePtr #cards 5 size 8 Array Of Cards #cards 12 size 40 Howl #buckets 4 coarsen threshold 1843 Howl Bitmap #cards 512 size 80 coarsen threshold 460 Card regions per heap region 1 cards per card region 2048
 CPUs: 12 total, 12 available
 Memory: 16251M
 Large Page Support: Disabled
 NUMA Support: Disabled
 Compressed Oops: Enabled (32-bit)
 Heap Region Size: 1M
 Heap Min Capacity: 256M
 Heap Initial Capacity: 256M
 Heap Max Capacity: 512M
 Pre-touch: Disabled
 Parallel Workers: 10
 Concurrent Workers: 3
 Concurrent Refinement Workers: 10
 Periodic GC: Disabled

Heap:
 garbage-first heap   total 262144K, used 77192K [0x00000000e0000000, 0x0000000100000000)
  region size 1024K, 39 young (39936K), 10 survivors (10240K)
 Metaspace       used 59847K, committed 61952K, reserved 380928K
  class space    used 8500K, committed 9600K, reserved 315392K

Heap Regions: E=young(eden), S=young(survivor), O=old, HS=humongous(starts), HC=humongous(continues), CS=collection set, F=free, OA=open archive, CA=closed archive, TAMS=top-at-mark-start (previous, next)
|   0|0x00000000e0000000, 0x00000000e0100000, 0x00000000e0100000|100%|HS|  |TAMS 0x00000000e0100000, 0x00000000e0000000| Complete 
|   1|0x00000000e0100000, 0x00000000e0200000, 0x00000000e0200000|100%|HC|  |TAMS 0x00000000e0200000, 0x00000000e0100000| Complete 
|   2|0x00000000e0200000, 0x00000000e0300000, 0x00000000e0300000|100%|HC|  |TAMS 0x00000000e0300000, 0x00000000e0200000| Complete 
|   3|0x00000000e0300000, 0x00000000e0400000, 0x00000000e0400000|100%|HC|  |TAMS 0x00000000e0400000, 0x00000000e0300000| Complete 
|   4|0x00000000e0400000, 0x00000000e0500000, 0x00000000e0500000|100%| O|  |TAMS 0x00000000e0500000, 0x00000000e0400000| Untracked 
|   5|0x00000000e0500000, 0x00000000e0600000, 0x00000000e0600000|100%| O|  |TAMS 0x00000000e0600000, 0x00000000e0500000| Untracked 
|   6|0x00000000e0600000, 0x00000000e0700000, 0x00000000e0700000|100%| O|  |TAMS 0x00000000e0700000, 0x00000000e0600000| Untracked 
|   7|0x00000000e0700000, 0x00000000e0800000, 0x00000000e0800000|100%| O|  |TAMS 0x00000000e0800000, 0x00000000e0700000| Untracked 
|   8|0x00000000e0800000, 0x00000000e0900000, 0x00000000e0900000|100%| O|  |TAMS 0x00000000e0900000, 0x00000000e0800000| Untracked 
|   9|0x00000000e0900000, 0x00000000e0a00000, 0x00000000e0a00000|100%| O|  |TAMS 0x00000000e0a00000, 0x00000000e0900000| Untracked 
|  10|0x00000000e0a00000, 0x00000000e0b00000, 0x00000000e0b00000|100%| O|  |TAMS 0x00000000e0b00000, 0x00000000e0a00000| Untracked 
|  11|0x00000000e0b00000, 0x00000000e0c00000, 0x00000000e0c00000|100%| O|  |TAMS 0x00000000e0c00000, 0x00000000e0b00000| Untracked 
|  12|0x00000000e0c00000, 0x00000000e0d00000, 0x00000000e0d00000|100%| O|  |TAMS 0x00000000e0d00000, 0x00000000e0c00000| Untracked 
|  13|0x00000000e0d00000, 0x00000000e0e00000, 0x00000000e0e00000|100%| O|  |TAMS 0x00000000e0e00000, 0x00000000e0d00000| Untracked 
|  14|0x00000000e0e00000, 0x00000000e0f00000, 0x00000000e0f00000|100%| O|  |TAMS 0x00000000e0f00000, 0x00000000e0e00000| Untracked 
|  15|0x00000000e0f00000, 0x00000000e1000000, 0x00000000e1000000|100%| O|  |TAMS 0x00000000e1000000, 0x00000000e0f00000| Untracked 
|  16|0x00000000e1000000, 0x00000000e1100000, 0x00000000e1100000|100%| O|  |TAMS 0x00000000e1100000, 0x00000000e1000000| Untracked 
|  17|0x00000000e1100000, 0x00000000e1200000, 0x00000000e1200000|100%| O|  |TAMS 0x00000000e1200000, 0x00000000e1100000| Untracked 
|  18|0x00000000e1200000, 0x00000000e1300000, 0x00000000e1300000|100%| O|  |TAMS 0x00000000e1300000, 0x00000000e1200000| Untracked 
|  19|0x00000000e1300000, 0x00000000e1400000, 0x00000000e1400000|100%| O|  |TAMS 0x00000000e1400000, 0x00000000e1300000| Untracked 
|  20|0x00000000e1400000, 0x00000000e1500000, 0x00000000e1500000|100%| O|  |TAMS 0x00000000e1500000, 0x00000000e1400000| Untracked 
|  21|0x00000000e1500000, 0x00000000e1600000, 0x00000000e1600000|100%| O|  |TAMS 0x00000000e1600000, 0x00000000e1500000| Untracked 
|  22|0x00000000e1600000, 0x00000000e1700000, 0x00000000e1700000|100%| O|  |TAMS 0x00000000e1700000, 0x00000000e1600000| Untracked 
|  23|0x00000000e1700000, 0x00000000e1800000, 0x00000000e1800000|100%| O|  |TAMS 0x00000000e1800000, 0x00000000e1700000| Untracked 
|  24|0x00000000e1800000, 0x00000000e1900000, 0x00000000e1900000|100%| O|  |TAMS 0x00000000e1900000, 0x00000000e1800000| Untracked 
|  25|0x00000000e1900000, 0x00000000e1a00000, 0x00000000e1a00000|100%| O|  |TAMS 0x00000000e1a00000, 0x00000000e1900000| Untracked 
|  26|0x00000000e1a00000, 0x00000000e1b00000, 0x00000000e1b00000|100%| O|  |TAMS 0x00000000e1b00000, 0x00000000e1a00000| Untracked 
|  27|0x00000000e1b00000, 0x00000000e1c00000, 0x00000000e1c00000|100%| O|  |TAMS 0x00000000e1c00000, 0x00000000e1b00000| Untracked 
|  28|0x00000000e1c00000, 0x00000000e1d00000, 0x00000000e1d00000|100%| O|  |TAMS 0x00000000e1d00000, 0x00000000e1c00000| Untracked 
|  29|0x00000000e1d00000, 0x00000000e1e00000, 0x00000000e1e00000|100%| O|  |TAMS 0x00000000e1e00000, 0x00000000e1d00000| Untracked 
|  30|0x00000000e1e00000, 0x00000000e1f00000, 0x00000000e1f00000|100%| O|  |TAMS 0x00000000e1f00000, 0x00000000e1e00000| Untracked 
|  31|0x00000000e1f00000, 0x00000000e1f00000, 0x00000000e2000000|  0%| F|  |TAMS 0x00000000e1f00000, 0x00000000e1f00000| Untracked 
|  32|0x00000000e2000000, 0x00000000e2100000, 0x00000000e2100000|100%| O|  |TAMS 0x00000000e2100000, 0x00000000e2000000| Complete 
|  33|0x00000000e2100000, 0x00000000e2200000, 0x00000000e2200000|100%| O|  |TAMS 0x00000000e2200000, 0x00000000e2100000| Untracked 
|  34|0x00000000e2200000, 0x00000000e2300000, 0x00000000e2300000|100%| O|  |TAMS 0x00000000e2300000, 0x00000000e2200000| Untracked 
|  35|0x00000000e2300000, 0x00000000e2400000, 0x00000000e2400000|100%| O|  |TAMS 0x00000000e2400000, 0x00000000e2300000| Untracked 
|  36|0x00000000e2400000, 0x00000000e2500000, 0x00000000e2500000|100%| O|  |TAMS 0x00000000e2500000, 0x00000000e2400000| Untracked 
|  37|0x00000000e2500000, 0x00000000e2600000, 0x00000000e2600000|100%| O|  |TAMS 0x00000000e2600000, 0x00000000e2500000| Untracked 
|  38|0x00000000e2600000, 0x00000000e268c200, 0x00000000e2700000| 54%| O|  |TAMS 0x00000000e268c200, 0x00000000e2600000| Untracked 
|  39|0x00000000e2700000, 0x00000000e2700000, 0x00000000e2800000|  0%| F|  |TAMS 0x00000000e2700000, 0x00000000e2700000| Untracked 
|  40|0x00000000e2800000, 0x00000000e2800000, 0x00000000e2900000|  0%| F|  |TAMS 0x00000000e2800000, 0x00000000e2800000| Untracked 
|  41|0x00000000e2900000, 0x00000000e2900000, 0x00000000e2a00000|  0%| F|  |TAMS 0x00000000e2900000, 0x00000000e2900000| Untracked 
|  42|0x00000000e2a00000, 0x00000000e2a00000, 0x00000000e2b00000|  0%| F|  |TAMS 0x00000000e2a00000, 0x00000000e2a00000| Untracked 
|  43|0x00000000e2b00000, 0x00000000e2b00000, 0x00000000e2c00000|  0%| F|  |TAMS 0x00000000e2b00000, 0x00000000e2b00000| Untracked 
|  44|0x00000000e2c00000, 0x00000000e2c00000, 0x00000000e2d00000|  0%| F|  |TAMS 0x00000000e2c00000, 0x00000000e2c00000| Untracked 
|  45|0x00000000e2d00000, 0x00000000e2d00000, 0x00000000e2e00000|  0%| F|  |TAMS 0x00000000e2d00000, 0x00000000e2d00000| Untracked 
|  46|0x00000000e2e00000, 0x00000000e2e00000, 0x00000000e2f00000|  0%| F|  |TAMS 0x00000000e2e00000, 0x00000000e2e00000| Untracked 
|  47|0x00000000e2f00000, 0x00000000e2f00000, 0x00000000e3000000|  0%| F|  |TAMS 0x00000000e2f00000, 0x00000000e2f00000| Untracked 
|  48|0x00000000e3000000, 0x00000000e3000000, 0x00000000e3100000|  0%| F|  |TAMS 0x00000000e3000000, 0x00000000e3000000| Untracked 
|  49|0x00000000e3100000, 0x00000000e3100000, 0x00000000e3200000|  0%| F|  |TAMS 0x00000000e3100000, 0x00000000e3100000| Untracked 
|  50|0x00000000e3200000, 0x00000000e3200000, 0x00000000e3300000|  0%| F|  |TAMS 0x00000000e3200000, 0x00000000e3200000| Untracked 
|  51|0x00000000e3300000, 0x00000000e3300000, 0x00000000e3400000|  0%| F|  |TAMS 0x00000000e3300000, 0x00000000e3300000| Untracked 
|  52|0x00000000e3400000, 0x00000000e3400000, 0x00000000e3500000|  0%| F|  |TAMS 0x00000000e3400000, 0x00000000e3400000| Untracked 
|  53|0x00000000e3500000, 0x00000000e3500000, 0x00000000e3600000|  0%| F|  |TAMS 0x00000000e3500000, 0x00000000e3500000| Untracked 
|  54|0x00000000e3600000, 0x00000000e3600000, 0x00000000e3700000|  0%| F|  |TAMS 0x00000000e3600000, 0x00000000e3600000| Untracked 
|  55|0x00000000e3700000, 0x00000000e3700000, 0x00000000e3800000|  0%| F|  |TAMS 0x00000000e3700000, 0x00000000e3700000| Untracked 
|  56|0x00000000e3800000, 0x00000000e3800000, 0x00000000e3900000|  0%| F|  |TAMS 0x00000000e3800000, 0x00000000e3800000| Untracked 
|  57|0x00000000e3900000, 0x00000000e3900000, 0x00000000e3a00000|  0%| F|  |TAMS 0x00000000e3900000, 0x00000000e3900000| Untracked 
|  58|0x00000000e3a00000, 0x00000000e3a00000, 0x00000000e3b00000|  0%| F|  |TAMS 0x00000000e3a00000, 0x00000000e3a00000| Untracked 
|  59|0x00000000e3b00000, 0x00000000e3b00000, 0x00000000e3c00000|  0%| F|  |TAMS 0x00000000e3b00000, 0x00000000e3b00000| Untracked 
|  60|0x00000000e3c00000, 0x00000000e3c00000, 0x00000000e3d00000|  0%| F|  |TAMS 0x00000000e3c00000, 0x00000000e3c00000| Untracked 
|  61|0x00000000e3d00000, 0x00000000e3d00000, 0x00000000e3e00000|  0%| F|  |TAMS 0x00000000e3d00000, 0x00000000e3d00000| Untracked 
|  62|0x00000000e3e00000, 0x00000000e3e00000, 0x00000000e3f00000|  0%| F|  |TAMS 0x00000000e3e00000, 0x00000000e3e00000| Untracked 
|  63|0x00000000e3f00000, 0x00000000e3f00000, 0x00000000e4000000|  0%| F|  |TAMS 0x00000000e3f00000, 0x00000000e3f00000| Untracked 
|  64|0x00000000e4000000, 0x00000000e4000000, 0x00000000e4100000|  0%| F|  |TAMS 0x00000000e4000000, 0x00000000e4000000| Untracked 
|  65|0x00000000e4100000, 0x00000000e4100000, 0x00000000e4200000|  0%| F|  |TAMS 0x00000000e4100000, 0x00000000e4100000| Untracked 
|  66|0x00000000e4200000, 0x00000000e4200000, 0x00000000e4300000|  0%| F|  |TAMS 0x00000000e4200000, 0x00000000e4200000| Untracked 
|  67|0x00000000e4300000, 0x00000000e4300000, 0x00000000e4400000|  0%| F|  |TAMS 0x00000000e4300000, 0x00000000e4300000| Untracked 
|  68|0x00000000e4400000, 0x00000000e4400000, 0x00000000e4500000|  0%| F|  |TAMS 0x00000000e4400000, 0x00000000e4400000| Untracked 
|  69|0x00000000e4500000, 0x00000000e4500000, 0x00000000e4600000|  0%| F|  |TAMS 0x00000000e4500000, 0x00000000e4500000| Untracked 
|  70|0x00000000e4600000, 0x00000000e4600000, 0x00000000e4700000|  0%| F|  |TAMS 0x00000000e4600000, 0x00000000e4600000| Untracked 
|  71|0x00000000e4700000, 0x00000000e4700000, 0x00000000e4800000|  0%| F|  |TAMS 0x00000000e4700000, 0x00000000e4700000| Untracked 
|  72|0x00000000e4800000, 0x00000000e4800000, 0x00000000e4900000|  0%| F|  |TAMS 0x00000000e4800000, 0x00000000e4800000| Untracked 
|  73|0x00000000e4900000, 0x00000000e4900000, 0x00000000e4a00000|  0%| F|  |TAMS 0x00000000e4900000, 0x00000000e4900000| Untracked 
|  74|0x00000000e4a00000, 0x00000000e4a00000, 0x00000000e4b00000|  0%| F|  |TAMS 0x00000000e4a00000, 0x00000000e4a00000| Untracked 
|  75|0x00000000e4b00000, 0x00000000e4b00000, 0x00000000e4c00000|  0%| F|  |TAMS 0x00000000e4b00000, 0x00000000e4b00000| Untracked 
|  76|0x00000000e4c00000, 0x00000000e4c00000, 0x00000000e4d00000|  0%| F|  |TAMS 0x00000000e4c00000, 0x00000000e4c00000| Untracked 
|  77|0x00000000e4d00000, 0x00000000e4d00000, 0x00000000e4e00000|  0%| F|  |TAMS 0x00000000e4d00000, 0x00000000e4d00000| Untracked 
|  78|0x00000000e4e00000, 0x00000000e4e00000, 0x00000000e4f00000|  0%| F|  |TAMS 0x00000000e4e00000, 0x00000000e4e00000| Untracked 
|  79|0x00000000e4f00000, 0x00000000e4f00000, 0x00000000e5000000|  0%| F|  |TAMS 0x00000000e4f00000, 0x00000000e4f00000| Untracked 
|  80|0x00000000e5000000, 0x00000000e5000000, 0x00000000e5100000|  0%| F|  |TAMS 0x00000000e5000000, 0x00000000e5000000| Untracked 
|  81|0x00000000e5100000, 0x00000000e5100000, 0x00000000e5200000|  0%| F|  |TAMS 0x00000000e5100000, 0x00000000e5100000| Untracked 
|  82|0x00000000e5200000, 0x00000000e5200000, 0x00000000e5300000|  0%| F|  |TAMS 0x00000000e5200000, 0x00000000e5200000| Untracked 
|  83|0x00000000e5300000, 0x00000000e5300000, 0x00000000e5400000|  0%| F|  |TAMS 0x00000000e5300000, 0x00000000e5300000| Untracked 
|  84|0x00000000e5400000, 0x00000000e5400000, 0x00000000e5500000|  0%| F|  |TAMS 0x00000000e5400000, 0x00000000e5400000| Untracked 
|  85|0x00000000e5500000, 0x00000000e5500000, 0x00000000e5600000|  0%| F|  |TAMS 0x00000000e5500000, 0x00000000e5500000| Untracked 
|  86|0x00000000e5600000, 0x00000000e5600000, 0x00000000e5700000|  0%| F|  |TAMS 0x00000000e5600000, 0x00000000e5600000| Untracked 
|  87|0x00000000e5700000, 0x00000000e5700000, 0x00000000e5800000|  0%| F|  |TAMS 0x00000000e5700000, 0x00000000e5700000| Untracked 
|  88|0x00000000e5800000, 0x00000000e5800000, 0x00000000e5900000|  0%| F|  |TAMS 0x00000000e5800000, 0x00000000e5800000| Untracked 
|  89|0x00000000e5900000, 0x00000000e5900000, 0x00000000e5a00000|  0%| F|  |TAMS 0x00000000e5900000, 0x00000000e5900000| Untracked 
|  90|0x00000000e5a00000, 0x00000000e5a00000, 0x00000000e5b00000|  0%| F|  |TAMS 0x00000000e5a00000, 0x00000000e5a00000| Untracked 
|  91|0x00000000e5b00000, 0x00000000e5b00000, 0x00000000e5c00000|  0%| F|  |TAMS 0x00000000e5b00000, 0x00000000e5b00000| Untracked 
|  92|0x00000000e5c00000, 0x00000000e5c00000, 0x00000000e5d00000|  0%| F|  |TAMS 0x00000000e5c00000, 0x00000000e5c00000| Untracked 
|  93|0x00000000e5d00000, 0x00000000e5d00000, 0x00000000e5e00000|  0%| F|  |TAMS 0x00000000e5d00000, 0x00000000e5d00000| Untracked 
|  94|0x00000000e5e00000, 0x00000000e5e00000, 0x00000000e5f00000|  0%| F|  |TAMS 0x00000000e5e00000, 0x00000000e5e00000| Untracked 
|  95|0x00000000e5f00000, 0x00000000e5f00000, 0x00000000e6000000|  0%| F|  |TAMS 0x00000000e5f00000, 0x00000000e5f00000| Untracked 
|  96|0x00000000e6000000, 0x00000000e6000000, 0x00000000e6100000|  0%| F|  |TAMS 0x00000000e6000000, 0x00000000e6000000| Untracked 
|  97|0x00000000e6100000, 0x00000000e6100000, 0x00000000e6200000|  0%| F|  |TAMS 0x00000000e6100000, 0x00000000e6100000| Untracked 
|  98|0x00000000e6200000, 0x00000000e6200000, 0x00000000e6300000|  0%| F|  |TAMS 0x00000000e6200000, 0x00000000e6200000| Untracked 
|  99|0x00000000e6300000, 0x00000000e6300000, 0x00000000e6400000|  0%| F|  |TAMS 0x00000000e6300000, 0x00000000e6300000| Untracked 
| 100|0x00000000e6400000, 0x00000000e6400000, 0x00000000e6500000|  0%| F|  |TAMS 0x00000000e6400000, 0x00000000e6400000| Untracked 
| 101|0x00000000e6500000, 0x00000000e6500000, 0x00000000e6600000|  0%| F|  |TAMS 0x00000000e6500000, 0x00000000e6500000| Untracked 
| 102|0x00000000e6600000, 0x00000000e6600000, 0x00000000e6700000|  0%| F|  |TAMS 0x00000000e6600000, 0x00000000e6600000| Untracked 
| 103|0x00000000e6700000, 0x00000000e6700000, 0x00000000e6800000|  0%| F|  |TAMS 0x00000000e6700000, 0x00000000e6700000| Untracked 
| 104|0x00000000e6800000, 0x00000000e6800000, 0x00000000e6900000|  0%| F|  |TAMS 0x00000000e6800000, 0x00000000e6800000| Untracked 
| 105|0x00000000e6900000, 0x00000000e6900000, 0x00000000e6a00000|  0%| F|  |TAMS 0x00000000e6900000, 0x00000000e6900000| Untracked 
| 106|0x00000000e6a00000, 0x00000000e6a00000, 0x00000000e6b00000|  0%| F|  |TAMS 0x00000000e6a00000, 0x00000000e6a00000| Untracked 
| 107|0x00000000e6b00000, 0x00000000e6b00000, 0x00000000e6c00000|  0%| F|  |TAMS 0x00000000e6b00000, 0x00000000e6b00000| Untracked 
| 108|0x00000000e6c00000, 0x00000000e6c00000, 0x00000000e6d00000|  0%| F|  |TAMS 0x00000000e6c00000, 0x00000000e6c00000| Untracked 
| 109|0x00000000e6d00000, 0x00000000e6d00000, 0x00000000e6e00000|  0%| F|  |TAMS 0x00000000e6d00000, 0x00000000e6d00000| Untracked 
| 110|0x00000000e6e00000, 0x00000000e6e00000, 0x00000000e6f00000|  0%| F|  |TAMS 0x00000000e6e00000, 0x00000000e6e00000| Untracked 
| 111|0x00000000e6f00000, 0x00000000e6f00000, 0x00000000e7000000|  0%| F|  |TAMS 0x00000000e6f00000, 0x00000000e6f00000| Untracked 
| 112|0x00000000e7000000, 0x00000000e7000000, 0x00000000e7100000|  0%| F|  |TAMS 0x00000000e7000000, 0x00000000e7000000| Untracked 
| 113|0x00000000e7100000, 0x00000000e7100000, 0x00000000e7200000|  0%| F|  |TAMS 0x00000000e7100000, 0x00000000e7100000| Untracked 
| 114|0x00000000e7200000, 0x00000000e7200000, 0x00000000e7300000|  0%| F|  |TAMS 0x00000000e7200000, 0x00000000e7200000| Untracked 
| 115|0x00000000e7300000, 0x00000000e7300000, 0x00000000e7400000|  0%| F|  |TAMS 0x00000000e7300000, 0x00000000e7300000| Untracked 
| 116|0x00000000e7400000, 0x00000000e7400000, 0x00000000e7500000|  0%| F|  |TAMS 0x00000000e7400000, 0x00000000e7400000| Untracked 
| 117|0x00000000e7500000, 0x00000000e7500000, 0x00000000e7600000|  0%| F|  |TAMS 0x00000000e7500000, 0x00000000e7500000| Untracked 
| 118|0x00000000e7600000, 0x00000000e7600000, 0x00000000e7700000|  0%| F|  |TAMS 0x00000000e7600000, 0x00000000e7600000| Untracked 
| 119|0x00000000e7700000, 0x00000000e7700000, 0x00000000e7800000|  0%| F|  |TAMS 0x00000000e7700000, 0x00000000e7700000| Untracked 
| 120|0x00000000e7800000, 0x00000000e7800000, 0x00000000e7900000|  0%| F|  |TAMS 0x00000000e7800000, 0x00000000e7800000| Untracked 
| 121|0x00000000e7900000, 0x00000000e7900000, 0x00000000e7a00000|  0%| F|  |TAMS 0x00000000e7900000, 0x00000000e7900000| Untracked 
| 122|0x00000000e7a00000, 0x00000000e7a00000, 0x00000000e7b00000|  0%| F|  |TAMS 0x00000000e7a00000, 0x00000000e7a00000| Untracked 
| 123|0x00000000e7b00000, 0x00000000e7b00000, 0x00000000e7c00000|  0%| F|  |TAMS 0x00000000e7b00000, 0x00000000e7b00000| Untracked 
| 124|0x00000000e7c00000, 0x00000000e7c00000, 0x00000000e7d00000|  0%| F|  |TAMS 0x00000000e7c00000, 0x00000000e7c00000| Untracked 
| 125|0x00000000e7d00000, 0x00000000e7d00000, 0x00000000e7e00000|  0%| F|  |TAMS 0x00000000e7d00000, 0x00000000e7d00000| Untracked 
| 126|0x00000000e7e00000, 0x00000000e7e00000, 0x00000000e7f00000|  0%| F|  |TAMS 0x00000000e7e00000, 0x00000000e7e00000| Untracked 
| 127|0x00000000e7f00000, 0x00000000e7f00000, 0x00000000e8000000|  0%| F|  |TAMS 0x00000000e7f00000, 0x00000000e7f00000| Untracked 
| 128|0x00000000e8000000, 0x00000000e8000000, 0x00000000e8100000|  0%| F|  |TAMS 0x00000000e8000000, 0x00000000e8000000| Untracked 
| 129|0x00000000e8100000, 0x00000000e8100000, 0x00000000e8200000|  0%| F|  |TAMS 0x00000000e8100000, 0x00000000e8100000| Untracked 
| 130|0x00000000e8200000, 0x00000000e8200000, 0x00000000e8300000|  0%| F|  |TAMS 0x00000000e8200000, 0x00000000e8200000| Untracked 
| 131|0x00000000e8300000, 0x00000000e8300000, 0x00000000e8400000|  0%| F|  |TAMS 0x00000000e8300000, 0x00000000e8300000| Untracked 
| 132|0x00000000e8400000, 0x00000000e8400000, 0x00000000e8500000|  0%| F|  |TAMS 0x00000000e8400000, 0x00000000e8400000| Untracked 
| 133|0x00000000e8500000, 0x00000000e8500000, 0x00000000e8600000|  0%| F|  |TAMS 0x00000000e8500000, 0x00000000e8500000| Untracked 
| 134|0x00000000e8600000, 0x00000000e8600000, 0x00000000e8700000|  0%| F|  |TAMS 0x00000000e8600000, 0x00000000e8600000| Untracked 
| 135|0x00000000e8700000, 0x00000000e8700000, 0x00000000e8800000|  0%| F|  |TAMS 0x00000000e8700000, 0x00000000e8700000| Untracked 
| 136|0x00000000e8800000, 0x00000000e8800000, 0x00000000e8900000|  0%| F|  |TAMS 0x00000000e8800000, 0x00000000e8800000| Untracked 
| 137|0x00000000e8900000, 0x00000000e8900000, 0x00000000e8a00000|  0%| F|  |TAMS 0x00000000e8900000, 0x00000000e8900000| Untracked 
| 138|0x00000000e8a00000, 0x00000000e8a00000, 0x00000000e8b00000|  0%| F|  |TAMS 0x00000000e8a00000, 0x00000000e8a00000| Untracked 
| 139|0x00000000e8b00000, 0x00000000e8b00000, 0x00000000e8c00000|  0%| F|  |TAMS 0x00000000e8b00000, 0x00000000e8b00000| Untracked 
| 140|0x00000000e8c00000, 0x00000000e8c00000, 0x00000000e8d00000|  0%| F|  |TAMS 0x00000000e8c00000, 0x00000000e8c00000| Untracked 
| 141|0x00000000e8d00000, 0x00000000e8d00000, 0x00000000e8e00000|  0%| F|  |TAMS 0x00000000e8d00000, 0x00000000e8d00000| Untracked 
| 142|0x00000000e8e00000, 0x00000000e8e00000, 0x00000000e8f00000|  0%| F|  |TAMS 0x00000000e8e00000, 0x00000000e8e00000| Untracked 
| 143|0x00000000e8f00000, 0x00000000e8f00000, 0x00000000e9000000|  0%| F|  |TAMS 0x00000000e8f00000, 0x00000000e8f00000| Untracked 
| 144|0x00000000e9000000, 0x00000000e9000000, 0x00000000e9100000|  0%| F|  |TAMS 0x00000000e9000000, 0x00000000e9000000| Untracked 
| 145|0x00000000e9100000, 0x00000000e9100000, 0x00000000e9200000|  0%| F|  |TAMS 0x00000000e9100000, 0x00000000e9100000| Untracked 
| 146|0x00000000e9200000, 0x00000000e9200000, 0x00000000e9300000|  0%| F|  |TAMS 0x00000000e9200000, 0x00000000e9200000| Untracked 
| 147|0x00000000e9300000, 0x00000000e9300000, 0x00000000e9400000|  0%| F|  |TAMS 0x00000000e9300000, 0x00000000e9300000| Untracked 
| 148|0x00000000e9400000, 0x00000000e9400000, 0x00000000e9500000|  0%| F|  |TAMS 0x00000000e9400000, 0x00000000e9400000| Untracked 
| 149|0x00000000e9500000, 0x00000000e95d6180, 0x00000000e9600000| 83%| S|CS|TAMS 0x00000000e9500000, 0x00000000e9500000| Complete 
| 150|0x00000000e9600000, 0x00000000e9700000, 0x00000000e9700000|100%| S|CS|TAMS 0x00000000e9600000, 0x00000000e9600000| Complete 
| 151|0x00000000e9700000, 0x00000000e9800000, 0x00000000e9800000|100%| S|CS|TAMS 0x00000000e9700000, 0x00000000e9700000| Complete 
| 152|0x00000000e9800000, 0x00000000e9900000, 0x00000000e9900000|100%| S|CS|TAMS 0x00000000e9800000, 0x00000000e9800000| Complete 
| 153|0x00000000e9900000, 0x00000000e9a00000, 0x00000000e9a00000|100%| S|CS|TAMS 0x00000000e9900000, 0x00000000e9900000| Complete 
| 154|0x00000000e9a00000, 0x00000000e9b00000, 0x00000000e9b00000|100%| S|CS|TAMS 0x00000000e9a00000, 0x00000000e9a00000| Complete 
| 155|0x00000000e9b00000, 0x00000000e9c00000, 0x00000000e9c00000|100%| S|CS|TAMS 0x00000000e9b00000, 0x00000000e9b00000| Complete 
| 156|0x00000000e9c00000, 0x00000000e9d00000, 0x00000000e9d00000|100%| S|CS|TAMS 0x00000000e9c00000, 0x00000000e9c00000| Complete 
| 157|0x00000000e9d00000, 0x00000000e9e00000, 0x00000000e9e00000|100%| S|CS|TAMS 0x00000000e9d00000, 0x00000000e9d00000| Complete 
| 158|0x00000000e9e00000, 0x00000000e9f00000, 0x00000000e9f00000|100%| S|CS|TAMS 0x00000000e9e00000, 0x00000000e9e00000| Complete 
| 159|0x00000000e9f00000, 0x00000000e9f00000, 0x00000000ea000000|  0%| F|  |TAMS 0x00000000e9f00000, 0x00000000e9f00000| Untracked 
| 160|0x00000000ea000000, 0x00000000ea000000, 0x00000000ea100000|  0%| F|  |TAMS 0x00000000ea000000, 0x00000000ea000000| Untracked 
| 161|0x00000000ea100000, 0x00000000ea100000, 0x00000000ea200000|  0%| F|  |TAMS 0x00000000ea100000, 0x00000000ea100000| Untracked 
| 162|0x00000000ea200000, 0x00000000ea200000, 0x00000000ea300000|  0%| F|  |TAMS 0x00000000ea200000, 0x00000000ea200000| Untracked 
| 163|0x00000000ea300000, 0x00000000ea300000, 0x00000000ea400000|  0%| F|  |TAMS 0x00000000ea300000, 0x00000000ea300000| Untracked 
| 164|0x00000000ea400000, 0x00000000ea400000, 0x00000000ea500000|  0%| F|  |TAMS 0x00000000ea400000, 0x00000000ea400000| Untracked 
| 165|0x00000000ea500000, 0x00000000ea500000, 0x00000000ea600000|  0%| F|  |TAMS 0x00000000ea500000, 0x00000000ea500000| Untracked 
| 166|0x00000000ea600000, 0x00000000ea600000, 0x00000000ea700000|  0%| F|  |TAMS 0x00000000ea600000, 0x00000000ea600000| Untracked 
| 167|0x00000000ea700000, 0x00000000ea700000, 0x00000000ea800000|  0%| F|  |TAMS 0x00000000ea700000, 0x00000000ea700000| Untracked 
| 168|0x00000000ea800000, 0x00000000ea800000, 0x00000000ea900000|  0%| F|  |TAMS 0x00000000ea800000, 0x00000000ea800000| Untracked 
| 169|0x00000000ea900000, 0x00000000ea900000, 0x00000000eaa00000|  0%| F|  |TAMS 0x00000000ea900000, 0x00000000ea900000| Untracked 
| 170|0x00000000eaa00000, 0x00000000eaa00000, 0x00000000eab00000|  0%| F|  |TAMS 0x00000000eaa00000, 0x00000000eaa00000| Untracked 
| 171|0x00000000eab00000, 0x00000000eab00000, 0x00000000eac00000|  0%| F|  |TAMS 0x00000000eab00000, 0x00000000eab00000| Untracked 
| 172|0x00000000eac00000, 0x00000000eac00000, 0x00000000ead00000|  0%| F|  |TAMS 0x00000000eac00000, 0x00000000eac00000| Untracked 
| 173|0x00000000ead00000, 0x00000000ead00000, 0x00000000eae00000|  0%| F|  |TAMS 0x00000000ead00000, 0x00000000ead00000| Untracked 
| 174|0x00000000eae00000, 0x00000000eae00000, 0x00000000eaf00000|  0%| F|  |TAMS 0x00000000eae00000, 0x00000000eae00000| Untracked 
| 175|0x00000000eaf00000, 0x00000000eaf00000, 0x00000000eb000000|  0%| F|  |TAMS 0x00000000eaf00000, 0x00000000eaf00000| Untracked 
| 176|0x00000000eb000000, 0x00000000eb000000, 0x00000000eb100000|  0%| F|  |TAMS 0x00000000eb000000, 0x00000000eb000000| Untracked 
| 177|0x00000000eb100000, 0x00000000eb100000, 0x00000000eb200000|  0%| F|  |TAMS 0x00000000eb100000, 0x00000000eb100000| Untracked 
| 178|0x00000000eb200000, 0x00000000eb200000, 0x00000000eb300000|  0%| F|  |TAMS 0x00000000eb200000, 0x00000000eb200000| Untracked 
| 179|0x00000000eb300000, 0x00000000eb300000, 0x00000000eb400000|  0%| F|  |TAMS 0x00000000eb300000, 0x00000000eb300000| Untracked 
| 180|0x00000000eb400000, 0x00000000eb400000, 0x00000000eb500000|  0%| F|  |TAMS 0x00000000eb400000, 0x00000000eb400000| Untracked 
| 181|0x00000000eb500000, 0x00000000eb500000, 0x00000000eb600000|  0%| F|  |TAMS 0x00000000eb500000, 0x00000000eb500000| Untracked 
| 182|0x00000000eb600000, 0x00000000eb600000, 0x00000000eb700000|  0%| F|  |TAMS 0x00000000eb600000, 0x00000000eb600000| Untracked 
| 183|0x00000000eb700000, 0x00000000eb700000, 0x00000000eb800000|  0%| F|  |TAMS 0x00000000eb700000, 0x00000000eb700000| Untracked 
| 184|0x00000000eb800000, 0x00000000eb800000, 0x00000000eb900000|  0%| F|  |TAMS 0x00000000eb800000, 0x00000000eb800000| Untracked 
| 185|0x00000000eb900000, 0x00000000eb900000, 0x00000000eba00000|  0%| F|  |TAMS 0x00000000eb900000, 0x00000000eb900000| Untracked 
| 186|0x00000000eba00000, 0x00000000eba00000, 0x00000000ebb00000|  0%| F|  |TAMS 0x00000000eba00000, 0x00000000eba00000| Untracked 
| 187|0x00000000ebb00000, 0x00000000ebb00000, 0x00000000ebc00000|  0%| F|  |TAMS 0x00000000ebb00000, 0x00000000ebb00000| Untracked 
| 188|0x00000000ebc00000, 0x00000000ebc00000, 0x00000000ebd00000|  0%| F|  |TAMS 0x00000000ebc00000, 0x00000000ebc00000| Untracked 
| 189|0x00000000ebd00000, 0x00000000ebd00000, 0x00000000ebe00000|  0%| F|  |TAMS 0x00000000ebd00000, 0x00000000ebd00000| Untracked 
| 190|0x00000000ebe00000, 0x00000000ebe00000, 0x00000000ebf00000|  0%| F|  |TAMS 0x00000000ebe00000, 0x00000000ebe00000| Untracked 
| 191|0x00000000ebf00000, 0x00000000ebf00000, 0x00000000ec000000|  0%| F|  |TAMS 0x00000000ebf00000, 0x00000000ebf00000| Untracked 
| 192|0x00000000ec000000, 0x00000000ec000000, 0x00000000ec100000|  0%| F|  |TAMS 0x00000000ec000000, 0x00000000ec000000| Untracked 
| 193|0x00000000ec100000, 0x00000000ec100000, 0x00000000ec200000|  0%| F|  |TAMS 0x00000000ec100000, 0x00000000ec100000| Untracked 
| 194|0x00000000ec200000, 0x00000000ec200000, 0x00000000ec300000|  0%| F|  |TAMS 0x00000000ec200000, 0x00000000ec200000| Untracked 
| 195|0x00000000ec300000, 0x00000000ec300000, 0x00000000ec400000|  0%| F|  |TAMS 0x00000000ec300000, 0x00000000ec300000| Untracked 
| 196|0x00000000ec400000, 0x00000000ec400000, 0x00000000ec500000|  0%| F|  |TAMS 0x00000000ec400000, 0x00000000ec400000| Untracked 
| 197|0x00000000ec500000, 0x00000000ec500000, 0x00000000ec600000|  0%| F|  |TAMS 0x00000000ec500000, 0x00000000ec500000| Untracked 
| 198|0x00000000ec600000, 0x00000000ec600000, 0x00000000ec700000|  0%| F|  |TAMS 0x00000000ec600000, 0x00000000ec600000| Untracked 
| 199|0x00000000ec700000, 0x00000000ec700000, 0x00000000ec800000|  0%| F|  |TAMS 0x00000000ec700000, 0x00000000ec700000| Untracked 
| 200|0x00000000ec800000, 0x00000000ec800000, 0x00000000ec900000|  0%| F|  |TAMS 0x00000000ec800000, 0x00000000ec800000| Untracked 
| 201|0x00000000ec900000, 0x00000000ec900000, 0x00000000eca00000|  0%| F|  |TAMS 0x00000000ec900000, 0x00000000ec900000| Untracked 
| 202|0x00000000eca00000, 0x00000000eca00000, 0x00000000ecb00000|  0%| F|  |TAMS 0x00000000eca00000, 0x00000000eca00000| Untracked 
| 203|0x00000000ecb00000, 0x00000000ecb00000, 0x00000000ecc00000|  0%| F|  |TAMS 0x00000000ecb00000, 0x00000000ecb00000| Untracked 
| 204|0x00000000ecc00000, 0x00000000ecc00000, 0x00000000ecd00000|  0%| F|  |TAMS 0x00000000ecc00000, 0x00000000ecc00000| Untracked 
| 205|0x00000000ecd00000, 0x00000000ecd00000, 0x00000000ece00000|  0%| F|  |TAMS 0x00000000ecd00000, 0x00000000ecd00000| Untracked 
| 206|0x00000000ece00000, 0x00000000ece00000, 0x00000000ecf00000|  0%| F|  |TAMS 0x00000000ece00000, 0x00000000ece00000| Untracked 
| 207|0x00000000ecf00000, 0x00000000ecf00000, 0x00000000ed000000|  0%| F|  |TAMS 0x00000000ecf00000, 0x00000000ecf00000| Untracked 
| 208|0x00000000ed000000, 0x00000000ed000000, 0x00000000ed100000|  0%| F|  |TAMS 0x00000000ed000000, 0x00000000ed000000| Untracked 
| 209|0x00000000ed100000, 0x00000000ed100000, 0x00000000ed200000|  0%| F|  |TAMS 0x00000000ed100000, 0x00000000ed100000| Untracked 
| 210|0x00000000ed200000, 0x00000000ed200000, 0x00000000ed300000|  0%| F|  |TAMS 0x00000000ed200000, 0x00000000ed200000| Untracked 
| 211|0x00000000ed300000, 0x00000000ed300000, 0x00000000ed400000|  0%| F|  |TAMS 0x00000000ed300000, 0x00000000ed300000| Untracked 
| 212|0x00000000ed400000, 0x00000000ed400000, 0x00000000ed500000|  0%| F|  |TAMS 0x00000000ed400000, 0x00000000ed400000| Untracked 
| 213|0x00000000ed500000, 0x00000000ed500000, 0x00000000ed600000|  0%| F|  |TAMS 0x00000000ed500000, 0x00000000ed500000| Untracked 
| 214|0x00000000ed600000, 0x00000000ed600000, 0x00000000ed700000|  0%| F|  |TAMS 0x00000000ed600000, 0x00000000ed600000| Untracked 
| 215|0x00000000ed700000, 0x00000000ed700000, 0x00000000ed800000|  0%| F|  |TAMS 0x00000000ed700000, 0x00000000ed700000| Untracked 
| 216|0x00000000ed800000, 0x00000000ed800000, 0x00000000ed900000|  0%| F|  |TAMS 0x00000000ed800000, 0x00000000ed800000| Untracked 
| 217|0x00000000ed900000, 0x00000000ed900000, 0x00000000eda00000|  0%| F|  |TAMS 0x00000000ed900000, 0x00000000ed900000| Untracked 
| 218|0x00000000eda00000, 0x00000000eda00000, 0x00000000edb00000|  0%| F|  |TAMS 0x00000000eda00000, 0x00000000eda00000| Untracked 
| 219|0x00000000edb00000, 0x00000000edb00000, 0x00000000edc00000|  0%| F|  |TAMS 0x00000000edb00000, 0x00000000edb00000| Untracked 
| 220|0x00000000edc00000, 0x00000000edc00000, 0x00000000edd00000|  0%| F|  |TAMS 0x00000000edc00000, 0x00000000edc00000| Untracked 
| 221|0x00000000edd00000, 0x00000000edd00000, 0x00000000ede00000|  0%| F|  |TAMS 0x00000000edd00000, 0x00000000edd00000| Untracked 
| 222|0x00000000ede00000, 0x00000000ede00000, 0x00000000edf00000|  0%| F|  |TAMS 0x00000000ede00000, 0x00000000ede00000| Untracked 
| 223|0x00000000edf00000, 0x00000000edf00000, 0x00000000ee000000|  0%| F|  |TAMS 0x00000000edf00000, 0x00000000edf00000| Untracked 
| 224|0x00000000ee000000, 0x00000000ee000000, 0x00000000ee100000|  0%| F|  |TAMS 0x00000000ee000000, 0x00000000ee000000| Untracked 
| 225|0x00000000ee100000, 0x00000000ee100000, 0x00000000ee200000|  0%| F|  |TAMS 0x00000000ee100000, 0x00000000ee100000| Untracked 
| 226|0x00000000ee200000, 0x00000000ee224168, 0x00000000ee300000| 14%| E|  |TAMS 0x00000000ee200000, 0x00000000ee200000| Complete 
| 227|0x00000000ee300000, 0x00000000ee400000, 0x00000000ee400000|100%| E|CS|TAMS 0x00000000ee300000, 0x00000000ee300000| Complete 
| 228|0x00000000ee400000, 0x00000000ee500000, 0x00000000ee500000|100%| E|CS|TAMS 0x00000000ee400000, 0x00000000ee400000| Complete 
| 229|0x00000000ee500000, 0x00000000ee600000, 0x00000000ee600000|100%| E|CS|TAMS 0x00000000ee500000, 0x00000000ee500000| Complete 
| 230|0x00000000ee600000, 0x00000000ee700000, 0x00000000ee700000|100%| E|CS|TAMS 0x00000000ee600000, 0x00000000ee600000| Complete 
| 231|0x00000000ee700000, 0x00000000ee800000, 0x00000000ee800000|100%| E|CS|TAMS 0x00000000ee700000, 0x00000000ee700000| Complete 
| 232|0x00000000ee800000, 0x00000000ee900000, 0x00000000ee900000|100%| E|CS|TAMS 0x00000000ee800000, 0x00000000ee800000| Complete 
| 233|0x00000000ee900000, 0x00000000eea00000, 0x00000000eea00000|100%| E|CS|TAMS 0x00000000ee900000, 0x00000000ee900000| Complete 
| 234|0x00000000eea00000, 0x00000000eeb00000, 0x00000000eeb00000|100%| E|CS|TAMS 0x00000000eea00000, 0x00000000eea00000| Complete 
| 235|0x00000000eeb00000, 0x00000000eec00000, 0x00000000eec00000|100%| E|CS|TAMS 0x00000000eeb00000, 0x00000000eeb00000| Complete 
| 236|0x00000000eec00000, 0x00000000eed00000, 0x00000000eed00000|100%| E|CS|TAMS 0x00000000eec00000, 0x00000000eec00000| Complete 
| 237|0x00000000eed00000, 0x00000000eee00000, 0x00000000eee00000|100%| E|CS|TAMS 0x00000000eed00000, 0x00000000eed00000| Complete 
| 238|0x00000000eee00000, 0x00000000eef00000, 0x00000000eef00000|100%| E|CS|TAMS 0x00000000eee00000, 0x00000000eee00000| Complete 
| 239|0x00000000eef00000, 0x00000000ef000000, 0x00000000ef000000|100%| E|CS|TAMS 0x00000000eef00000, 0x00000000eef00000| Complete 
| 240|0x00000000ef000000, 0x00000000ef100000, 0x00000000ef100000|100%| E|CS|TAMS 0x00000000ef000000, 0x00000000ef000000| Complete 
| 241|0x00000000ef100000, 0x00000000ef200000, 0x00000000ef200000|100%| E|CS|TAMS 0x00000000ef100000, 0x00000000ef100000| Complete 
| 242|0x00000000ef200000, 0x00000000ef300000, 0x00000000ef300000|100%| E|CS|TAMS 0x00000000ef200000, 0x00000000ef200000| Complete 
| 243|0x00000000ef300000, 0x00000000ef400000, 0x00000000ef400000|100%| E|CS|TAMS 0x00000000ef300000, 0x00000000ef300000| Complete 
| 244|0x00000000ef400000, 0x00000000ef500000, 0x00000000ef500000|100%| E|CS|TAMS 0x00000000ef400000, 0x00000000ef400000| Complete 
| 245|0x00000000ef500000, 0x00000000ef600000, 0x00000000ef600000|100%| E|CS|TAMS 0x00000000ef500000, 0x00000000ef500000| Complete 
| 246|0x00000000ef600000, 0x00000000ef700000, 0x00000000ef700000|100%| E|CS|TAMS 0x00000000ef600000, 0x00000000ef600000| Complete 
| 247|0x00000000ef700000, 0x00000000ef800000, 0x00000000ef800000|100%| E|CS|TAMS 0x00000000ef700000, 0x00000000ef700000| Complete 
| 248|0x00000000ef800000, 0x00000000ef900000, 0x00000000ef900000|100%| E|CS|TAMS 0x00000000ef800000, 0x00000000ef800000| Complete 
| 249|0x00000000ef900000, 0x00000000efa00000, 0x00000000efa00000|100%| E|CS|TAMS 0x00000000ef900000, 0x00000000ef900000| Complete 
| 250|0x00000000efa00000, 0x00000000efb00000, 0x00000000efb00000|100%| E|CS|TAMS 0x00000000efa00000, 0x00000000efa00000| Complete 
| 251|0x00000000efb00000, 0x00000000efc00000, 0x00000000efc00000|100%| E|CS|TAMS 0x00000000efb00000, 0x00000000efb00000| Complete 
| 252|0x00000000efc00000, 0x00000000efd00000, 0x00000000efd00000|100%| E|CS|TAMS 0x00000000efc00000, 0x00000000efc00000| Complete 
| 253|0x00000000efd00000, 0x00000000efe00000, 0x00000000efe00000|100%| E|CS|TAMS 0x00000000efd00000, 0x00000000efd00000| Complete 
| 254|0x00000000efe00000, 0x00000000eff00000, 0x00000000eff00000|100%| E|CS|TAMS 0x00000000efe00000, 0x00000000efe00000| Complete 
| 255|0x00000000eff00000, 0x00000000f0000000, 0x00000000f0000000|100%| E|CS|TAMS 0x00000000eff00000, 0x00000000eff00000| Complete 

Card table byte_map: [0x0000018673b90000,0x0000018673c90000] _byte_map_base: 0x0000018673490000

Marking Bits (Prev, Next): (CMBitMap*) 0x000001865a6d9990, (CMBitMap*) 0x000001865a6d9950
 Prev Bits: [0x0000018674590000, 0x0000018674d90000)
 Next Bits: [0x0000018673d90000, 0x0000018674590000)

Polling page: 0x000001865a770000

Metaspace:

Usage:
  Non-class:     50.14 MB used.
      Class:      8.30 MB used.
       Both:     58.44 MB used.

Virtual space:
  Non-class space:       64.00 MB reserved,      51.12 MB ( 80%) committed,  1 nodes.
      Class space:      308.00 MB reserved,       9.38 MB (  3%) committed,  1 nodes.
             Both:      372.00 MB reserved,      60.50 MB ( 16%) committed. 

Chunk freelists:
   Non-Class:  112.00 KB
       Class:  2.48 MB
        Both:  2.59 MB

MaxMetaspaceSize: 384.00 MB
CompressedClassSpaceSize: 308.00 MB
Initial GC threshold: 21.00 MB
Current GC threshold: 100.25 MB
CDS: on
MetaspaceReclaimPolicy: balanced
 - commit_granule_bytes: 65536.
 - commit_granule_words: 8192.
 - virtual_space_node_default_size: 8388608.
 - enlarge_chunks_in_place: 1.
 - new_chunks_are_fully_committed: 0.
 - uncommit_free_chunks: 1.
 - use_allocation_guard: 0.


Internal statistics:

num_allocs_failed_limit: 15.
num_arena_births: 3646.
num_arena_deaths: 0.
num_vsnodes_births: 2.
num_vsnodes_deaths: 0.
num_space_committed: 968.
num_space_uncommitted: 0.
num_chunks_returned_to_freelist: 15.
num_chunks_taken_from_freelist: 6670.
num_chunk_merges: 12.
num_chunk_splits: 4261.
num_chunks_enlarged: 2514.
num_inconsistent_stats: 0.

CodeHeap 'non-profiled nmethods': size=120000Kb used=4119Kb max_used=4119Kb free=115880Kb
 bounds [0x000001866b8c0000, 0x000001866bcd0000, 0x0000018672df0000]
CodeHeap 'profiled nmethods': size=120000Kb used=12785Kb max_used=12785Kb free=107214Kb
 bounds [0x0000018663df0000, 0x0000018664a70000, 0x000001866b320000]
CodeHeap 'non-nmethods': size=5760Kb used=2430Kb max_used=2510Kb free=3329Kb
 bounds [0x000001866b320000, 0x000001866b5a0000, 0x000001866b8c0000]
 total_blobs=7362 nmethods=6496 adapters=776
 compilation: enabled
              stopped_count=0, restarted_count=0
 full_count=0

Compilation events (20 events):
Event: 14.774 Thread 0x0000018677a50b90 nmethod 7345 0x000001866bcb9f90 code [0x000001866bcba120, 0x000001866bcba3d8]
Event: 14.774 Thread 0x0000018677a50b90 7341       4       java.lang.System$2::encodeASCII (11 bytes)
Event: 14.774 Thread 0x0000018677a50b90 nmethod 7341 0x000001866bcba710 code [0x000001866bcba880, 0x000001866bcba9f8]
Event: 14.774 Thread 0x0000018677a50b90 7349       4       sun.nio.cs.SingleByte$Encoder::encodeLoop (28 bytes)
Event: 14.778 Thread 0x0000018677a50b90 nmethod 7349 0x000001866bcbaa90 code [0x000001866bcbac40, 0x000001866bcbb0f8]
Event: 14.778 Thread 0x0000018677a50b90 7350       4       java.util.ArrayList::toArray (12 bytes)
Event: 14.780 Thread 0x0000018677a50b90 nmethod 7350 0x000001866bcbb590 code [0x000001866bcbb720, 0x000001866bcbba18]
Event: 14.781 Thread 0x0000018677a50b90 7351   !   4       java.nio.charset.CharsetEncoder::encode (273 bytes)
Event: 14.787 Thread 0x0000018677a50b90 nmethod 7351 0x000001866bcbbb10 code [0x000001866bcbbd40, 0x000001866bcbc240]
Event: 14.787 Thread 0x0000018677a50b90 7353   !   4       org.gradle.internal.event.AbstractBroadcastDispatch::dispatch (191 bytes)
Event: 14.792 Thread 0x0000018677a50b90 nmethod 7353 0x000001866bcbc790 code [0x000001866bcbc960, 0x000001866bcbcce8]
Event: 14.792 Thread 0x0000018677a50b90 7355   !   4       java.io.PrintStream::flush (60 bytes)
Event: 14.800 Thread 0x0000018677a50b90 nmethod 7355 0x000001866bcbd090 code [0x000001866bcbd280, 0x000001866bcbd970]
Event: 14.800 Thread 0x0000018677a50b90 7356   !   4       java.io.PrintStream::write (94 bytes)
Event: 14.813 Thread 0x0000018677a50b90 nmethod 7356 0x000001866bcbde10 code [0x000001866bcbe0a0, 0x000001866bcbecc8]
Event: 14.813 Thread 0x0000018677a50b90 7360       4       java.io.BufferedWriter::implWrite (100 bytes)
Event: 14.817 Thread 0x0000018677a50b90 nmethod 7360 0x000001866bcbf590 code [0x000001866bcbf720, 0x000001866bcbfbd8]
Event: 14.817 Thread 0x0000018677a50b90 7354       4       sun.nio.cs.StreamEncoder::writeBytes (139 bytes)
Event: 14.821 Thread 0x0000018677a50b90 nmethod 7354 0x000001866bcc0090 code [0x000001866bcc0260, 0x000001866bcc05a8]
Event: 14.821 Thread 0x0000018677a50b90 7363   !   4       java.io.BufferedWriter::flushBuffer (63 bytes)

GC Heap History (18 events):
Event: 0.477 GC heap before
{Heap before GC invocations=0 (full 0):
 garbage-first heap   total 262144K, used 26624K [0x00000000e0000000, 0x0000000100000000)
  region size 1024K, 23 young (23552K), 0 survivors (0K)
 Metaspace       used 3160K, committed 3328K, reserved 380928K
  class space    used 389K, committed 448K, reserved 315392K
}
Event: 0.480 GC heap after
{Heap after GC invocations=1 (full 0):
 garbage-first heap   total 262144K, used 10293K [0x00000000e0000000, 0x0000000100000000)
  region size 1024K, 3 young (3072K), 3 survivors (3072K)
 Metaspace       used 3160K, committed 3328K, reserved 380928K
  class space    used 389K, committed 448K, reserved 315392K
}
Event: 0.792 GC heap before
{Heap before GC invocations=1 (full 0):
 garbage-first heap   total 262144K, used 38965K [0x00000000e0000000, 0x0000000100000000)
  region size 1024K, 32 young (32768K), 3 survivors (3072K)
 Metaspace       used 4112K, committed 4288K, reserved 380928K
  class space    used 486K, committed 576K, reserved 315392K
}
Event: 0.794 GC heap after
{Heap after GC invocations=2 (full 0):
 garbage-first heap   total 262144K, used 11228K [0x00000000e0000000, 0x0000000100000000)
  region size 1024K, 1 young (1024K), 1 survivors (1024K)
 Metaspace       used 4112K, committed 4288K, reserved 380928K
  class space    used 486K, committed 576K, reserved 315392K
}
Event: 2.265 GC heap before
{Heap before GC invocations=2 (full 0):
 garbage-first heap   total 262144K, used 119772K [0x00000000e0000000, 0x0000000100000000)
  region size 1024K, 108 young (110592K), 1 survivors (1024K)
 Metaspace       used 20861K, committed 21504K, reserved 380928K
  class space    used 2989K, committed 3328K, reserved 315392K
}
Event: 2.271 GC heap after
{Heap after GC invocations=3 (full 0):
 garbage-first heap   total 262144K, used 22546K [0x00000000e0000000, 0x0000000100000000)
  region size 1024K, 12 young (12288K), 12 survivors (12288K)
 Metaspace       used 20861K, committed 21504K, reserved 380928K
  class space    used 2989K, committed 3328K, reserved 315392K
}
Event: 3.233 GC heap before
{Heap before GC invocations=4 (full 0):
 garbage-first heap   total 262144K, used 135186K [0x00000000e0000000, 0x0000000100000000)
  region size 1024K, 119 young (121856K), 12 survivors (12288K)
 Metaspace       used 34817K, committed 35968K, reserved 380928K
  class space    used 4855K, committed 5440K, reserved 315392K
}
Event: 3.241 GC heap after
{Heap after GC invocations=5 (full 0):
 garbage-first heap   total 262144K, used 32866K [0x00000000e0000000, 0x0000000100000000)
  region size 1024K, 9 young (9216K), 9 survivors (9216K)
 Metaspace       used 34817K, committed 35968K, reserved 380928K
  class space    used 4855K, committed 5440K, reserved 315392K
}
Event: 3.243 GC heap before
{Heap before GC invocations=5 (full 0):
 garbage-first heap   total 262144K, used 32866K [0x00000000e0000000, 0x0000000100000000)
  region size 1024K, 10 young (10240K), 9 survivors (9216K)
 Metaspace       used 35139K, committed 36288K, reserved 380928K
  class space    used 4855K, committed 5440K, reserved 315392K
}
Event: 3.249 GC heap after
{Heap after GC invocations=6 (full 0):
 garbage-first heap   total 262144K, used 32545K [0x00000000e0000000, 0x0000000100000000)
  region size 1024K, 1 young (1024K), 1 survivors (1024K)
 Metaspace       used 35139K, committed 36288K, reserved 380928K
  class space    used 4855K, committed 5440K, reserved 315392K
}
Event: 3.264 GC heap before
{Heap before GC invocations=6 (full 0):
 garbage-first heap   total 262144K, used 32545K [0x00000000e0000000, 0x0000000100000000)
  region size 1024K, 2 young (2048K), 1 survivors (1024K)
 Metaspace       used 35474K, committed 36608K, reserved 380928K
  class space    used 4872K, committed 5440K, reserved 315392K
}
Event: 3.265 GC heap after
{Heap after GC invocations=7 (full 0):
 garbage-first heap   total 262144K, used 30425K [0x00000000e0000000, 0x0000000100000000)
  region size 1024K, 1 young (1024K), 1 survivors (1024K)
 Metaspace       used 35474K, committed 36608K, reserved 380928K
  class space    used 4872K, committed 5440K, reserved 315392K
}
Event: 4.965 GC heap before
{Heap before GC invocations=8 (full 0):
 garbage-first heap   total 262144K, used 187097K [0x00000000e0000000, 0x0000000100000000)
  region size 1024K, 153 young (156672K), 1 survivors (1024K)
 Metaspace       used 51855K, committed 53696K, reserved 380928K
  class space    used 7374K, committed 8320K, reserved 315392K
}
Event: 4.972 GC heap after
{Heap after GC invocations=9 (full 0):
 garbage-first heap   total 262144K, used 38975K [0x00000000e0000000, 0x0000000100000000)
  region size 1024K, 9 young (9216K), 9 survivors (9216K)
 Metaspace       used 51855K, committed 53696K, reserved 380928K
  class space    used 7374K, committed 8320K, reserved 315392K
}
Event: 4.994 GC heap before
{Heap before GC invocations=9 (full 0):
 garbage-first heap   total 262144K, used 42047K [0x00000000e0000000, 0x0000000100000000)
  region size 1024K, 12 young (12288K), 9 survivors (9216K)
 Metaspace       used 52209K, committed 54016K, reserved 380928K
  class space    used 7416K, committed 8320K, reserved 315392K
}
Event: 5.000 GC heap after
{Heap after GC invocations=10 (full 0):
 garbage-first heap   total 262144K, used 39728K [0x00000000e0000000, 0x0000000100000000)
  region size 1024K, 2 young (2048K), 2 survivors (2048K)
 Metaspace       used 52209K, committed 54016K, reserved 380928K
  class space    used 7416K, committed 8320K, reserved 315392K
}
Event: 6.079 GC heap before
{Heap before GC invocations=10 (full 0):
 garbage-first heap   total 262144K, used 134960K [0x00000000e0000000, 0x0000000100000000)
  region size 1024K, 97 young (99328K), 2 survivors (2048K)
 Metaspace       used 59514K, committed 61440K, reserved 380928K
  class space    used 8478K, committed 9472K, reserved 315392K
}
Event: 6.085 GC heap after
{Heap after GC invocations=11 (full 0):
 garbage-first heap   total 262144K, used 48520K [0x00000000e0000000, 0x0000000100000000)
  region size 1024K, 10 young (10240K), 10 survivors (10240K)
 Metaspace       used 59514K, committed 61440K, reserved 380928K
  class space    used 8478K, committed 9472K, reserved 315392K
}

Dll operation events (15 events):
Event: 0.006 Loaded shared library C:\Program Files\Java\jdk-19\bin\java.dll
Event: 0.014 Loaded shared library C:\Program Files\Java\jdk-19\bin\jsvml.dll
Event: 0.054 Loaded shared library C:\Program Files\Java\jdk-19\bin\zip.dll
Event: 0.056 Loaded shared library C:\Program Files\Java\jdk-19\bin\instrument.dll
Event: 0.060 Loaded shared library C:\Program Files\Java\jdk-19\bin\net.dll
Event: 0.062 Loaded shared library C:\Program Files\Java\jdk-19\bin\nio.dll
Event: 0.065 Loaded shared library C:\Program Files\Java\jdk-19\bin\zip.dll
Event: 0.240 Loaded shared library C:\Program Files\Java\jdk-19\bin\jimage.dll
Event: 0.293 Loaded shared library C:\Program Files\Java\jdk-19\bin\verify.dll
Event: 0.409 Loaded shared library C:\Users\Steven Tjhia\.gradle\native\c067742578af261105cb4f569cf0c3c89f3d7b1fecec35dd04571415982c5e48\windows-amd64\native-platform.dll
Event: 0.413 Loaded shared library C:\Users\Steven Tjhia\.gradle\native\38dada09dfb8b06ba9b0570ebf7e218e3eb74d4ef43ca46872605cf95ebc2f47\windows-amd64\native-platform-file-events.dll
Event: 1.065 Loaded shared library C:\Program Files\Java\jdk-19\bin\management.dll
Event: 1.067 Loaded shared library C:\Program Files\Java\jdk-19\bin\management_ext.dll
Event: 1.223 Loaded shared library C:\Program Files\Java\jdk-19\bin\extnet.dll
Event: 1.443 Loaded shared library C:\Program Files\Java\jdk-19\bin\sunmscapi.dll

Deoptimization events (20 events):
Event: 13.445 Thread 0x000001867bcfe360 DEOPT PACKING pc=0x000001866415f1ce sp=0x000000323b2f84f0
Event: 13.445 Thread 0x000001867bcfe360 DEOPT UNPACKING pc=0x000001866b387543 sp=0x000000323b2f79d8 mode 0
Event: 13.446 Thread 0x000001867bcfe360 DEOPT PACKING pc=0x000001866415f1ce sp=0x000000323b2f84a0
Event: 13.446 Thread 0x000001867bcfe360 DEOPT UNPACKING pc=0x000001866b387543 sp=0x000000323b2f7988 mode 0
Event: 13.446 Thread 0x000001867bcfe360 DEOPT PACKING pc=0x000001866415f1ce sp=0x000000323b2f82c0
Event: 13.446 Thread 0x000001867bcfe360 DEOPT UNPACKING pc=0x000001866b387543 sp=0x000000323b2f77a8 mode 0
Event: 13.447 Thread 0x000001867bcfe360 DEOPT PACKING pc=0x000001866415f1ce sp=0x000000323b2f82c0
Event: 13.447 Thread 0x000001867bcfe360 DEOPT UNPACKING pc=0x000001866b387543 sp=0x000000323b2f77a8 mode 0
Event: 13.459 Thread 0x000001867bcfe360 Uncommon trap: trap_request=0xffffffde fr.pc=0x000001866bbc6808 relative=0x0000000000000ce8
Event: 13.459 Thread 0x000001867bcfe360 Uncommon trap: reason=class_check action=maybe_recompile pc=0x000001866bbc6808 method=java.util.HashMap.computeIfAbsent(Ljava/lang/Object;Ljava/util/function/Function;)Ljava/lang/Object; @ 142 c2
Event: 13.459 Thread 0x000001867bcfe360 DEOPT PACKING pc=0x000001866bbc6808 sp=0x000000323b2f8810
Event: 13.459 Thread 0x000001867bcfe360 DEOPT UNPACKING pc=0x000001866b386da3 sp=0x000000323b2f87d8 mode 2
Event: 13.461 Thread 0x000001867bcfe360 Uncommon trap: trap_request=0xffffffde fr.pc=0x000001866bbc6808 relative=0x0000000000000ce8
Event: 13.461 Thread 0x000001867bcfe360 Uncommon trap: reason=class_check action=maybe_recompile pc=0x000001866bbc6808 method=java.util.HashMap.computeIfAbsent(Ljava/lang/Object;Ljava/util/function/Function;)Ljava/lang/Object; @ 142 c2
Event: 13.461 Thread 0x000001867bcfe360 DEOPT PACKING pc=0x000001866bbc6808 sp=0x000000323b2f8200
Event: 13.461 Thread 0x000001867bcfe360 DEOPT UNPACKING pc=0x000001866b386da3 sp=0x000000323b2f81c8 mode 2
Event: 13.471 Thread 0x000001867ce2a3a0 DEOPT PACKING pc=0x0000018664330e0e sp=0x000000323d9fd3b0
Event: 13.471 Thread 0x000001867ce2a3a0 DEOPT UNPACKING pc=0x000001866b387543 sp=0x000000323d9fc930 mode 0
Event: 14.693 Thread 0x000001867ce2e360 DEOPT PACKING pc=0x000001866475c191 sp=0x000000323b1feeb0
Event: 14.693 Thread 0x000001867ce2e360 DEOPT UNPACKING pc=0x000001866b387543 sp=0x000000323b1fe350 mode 0

Classes loaded (20 events):
Event: 6.057 Loading class java/io/NotSerializableException
Event: 6.057 Loading class java/io/NotSerializableException done
Event: 6.059 Loading class java/util/Collections$EmptyListIterator
Event: 6.060 Loading class java/util/Collections$EmptyListIterator done
Event: 6.079 Loading class java/util/concurrent/LinkedBlockingDeque$Itr
Event: 6.079 Loading class java/util/concurrent/LinkedBlockingDeque$AbstractItr
Event: 6.079 Loading class java/util/concurrent/LinkedBlockingDeque$AbstractItr done
Event: 6.085 Loading class java/util/concurrent/LinkedBlockingDeque$Itr done
Event: 6.095 Loading class java/util/Locale$1
Event: 6.095 Loading class java/util/Locale$1 done
Event: 6.107 Loading class java/net/UrlDeserializedState
Event: 6.107 Loading class java/net/UrlDeserializedState done
Event: 13.349 Loading class jdk/internal/math/FormattedFloatingDecimal$Form
Event: 13.349 Loading class jdk/internal/math/FormattedFloatingDecimal$Form done
Event: 13.349 Loading class jdk/internal/math/FormattedFloatingDecimal
Event: 13.349 Loading class jdk/internal/math/FormattedFloatingDecimal done
Event: 13.349 Loading class jdk/internal/math/FormattedFloatingDecimal$1
Event: 13.349 Loading class jdk/internal/math/FormattedFloatingDecimal$1 done
Event: 13.349 Loading class jdk/internal/math/FormattedFloatingDecimal$2
Event: 13.349 Loading class jdk/internal/math/FormattedFloatingDecimal$2 done

Classes unloaded (0 events):
No events

Classes redefined (0 events):
No events

Internal exceptions (20 events):
Event: 5.904 Thread 0x000001867ce2e8b0 Exception <a 'java/lang/NoSuchMethodError'{0x00000000ea5b8e88}: 'java.lang.Object java.lang.invoke.DirectMethodHandle$Holder.invokeStaticInit(java.lang.Object, long, java.lang.Object)'> (0x00000000ea5b8e88) 
thrown [s\open\src\hotspot\share\interpreter\linkResolver.cpp, line 774]
Event: 5.992 Thread 0x000001867dc8eb50 Exception <a 'java/lang/NoSuchMethodError'{0x00000000ea3ee350}: static Lorg/gradle/internal/build/event/types/DefaultTaskFailureResult;.<clinit>()V> (0x00000000ea3ee350) 
thrown [s\open\src\hotspot\share\prims\jni.cpp, line 1107]
Event: 5.994 Thread 0x000001867dc8eb50 Exception <a 'java/lang/NoSuchMethodError'{0x00000000ea2105d8}: static [Ljava/lang/Object;.<clinit>()V> (0x00000000ea2105d8) 
thrown [s\open\src\hotspot\share\prims\jni.cpp, line 1107]
Event: 5.995 Thread 0x000001867dc8eb50 Exception <a 'java/lang/NoSuchMethodError'{0x00000000ea224bb0}: static Lorg/gradle/internal/build/event/types/DefaultFailure;.<clinit>()V> (0x00000000ea224bb0) 
thrown [s\open\src\hotspot\share\prims\jni.cpp, line 1107]
Event: 6.008 Thread 0x000001867bcfe360 Exception <a 'java/lang/NoSuchMethodError'{0x00000000ea2a06a8}: 'void java.lang.invoke.DirectMethodHandle$Holder.invokeInterface(java.lang.Object, java.lang.Object, java.lang.Object, int)'> (0x00000000ea2a06a8) 
thrown [s\open\src\hotspot\share\interpreter\linkResolver.cpp, line 774]
Event: 6.009 Thread 0x000001867bcfe360 Exception <a 'java/lang/IncompatibleClassChangeError'{0x00000000ea2a45f0}: Found class java.lang.Object, but interface was expected> (0x00000000ea2a45f0) 
thrown [s\open\src\hotspot\share\interpreter\linkResolver.cpp, line 841]
Event: 6.009 Thread 0x000001867bcfe360 Exception <a 'java/lang/NoSuchMethodError'{0x00000000ea2a8f28}: 'void java.lang.invoke.DelegatingMethodHandle$Holder.reinvoke_L(java.lang.Object, java.lang.Object, java.lang.Object, int)'> (0x00000000ea2a8f28) 
thrown [s\open\src\hotspot\share\interpreter\linkResolver.cpp, line 774]
Event: 6.014 Thread 0x000001867bcfe360 Exception <a 'java/lang/NoSuchMethodError'{0x00000000ea2ed958}: 'void java.lang.invoke.DirectMethodHandle$Holder.invokeStatic(java.lang.Object, int, java.lang.Object)'> (0x00000000ea2ed958) 
thrown [s\open\src\hotspot\share\interpreter\linkResolver.cpp, line 774]
Event: 6.028 Thread 0x000001867bcfe360 Exception <a 'java/lang/IncompatibleClassChangeError'{0x00000000ea1765a8}: Found class java.lang.Object, but interface was expected> (0x00000000ea1765a8) 
thrown [s\open\src\hotspot\share\interpreter\linkResolver.cpp, line 841]
Event: 6.039 Thread 0x000001867bcfe360 Exception <a 'java/lang/IncompatibleClassChangeError'{0x00000000ea1b41b8}: Found class java.lang.Object, but interface was expected> (0x00000000ea1b41b8) 
thrown [s\open\src\hotspot\share\interpreter\linkResolver.cpp, line 841]
Event: 6.104 Thread 0x000001867bcfc8d0 Exception <a 'java/lang/NoSuchMethodError'{0x00000000efec2350}: static Lorg/gradle/tooling/internal/provider/serialization/ClassLoaderDetails;.<clinit>()V> (0x00000000efec2350) 
thrown [s\open\src\hotspot\share\prims\jni.cpp, line 1107]
Event: 6.105 Thread 0x000001867bcfc8d0 Exception <a 'java/lang/NoSuchMethodError'{0x00000000efed5270}: static Lorg/gradle/tooling/internal/provider/serialization/WellKnownClassLoaderRegistry$KnownClassLoaderSpec;.<clinit>()V> (0x00000000efed5270) 
thrown [s\open\src\hotspot\share\prims\jni.cpp, line 1107]
Event: 6.105 Thread 0x000001867bcfc8d0 Exception <a 'java/lang/NoSuchMethodError'{0x00000000efed68f8}: static Lorg/gradle/internal/classloader/ClassLoaderSpec;.<clinit>()V> (0x00000000efed68f8) 
thrown [s\open\src\hotspot\share\prims\jni.cpp, line 1107]
Event: 6.106 Thread 0x000001867bcfc8d0 Exception <a 'java/lang/NoSuchMethodError'{0x00000000efee9818}: static Lorg/gradle/internal/classloader/ClassLoaderSpec;.<clinit>()V> (0x00000000efee9818) 
thrown [s\open\src\hotspot\share\prims\jni.cpp, line 1107]
Event: 6.107 Thread 0x000001867bcfc8d0 Exception <a 'java/lang/NoSuchMethodError'{0x00000000efef5d60}: static Lorg/gradle/internal/classloader/VisitableURLClassLoader$Spec;.<clinit>()V> (0x00000000efef5d60) 
thrown [s\open\src\hotspot\share\prims\jni.cpp, line 1107]
Event: 13.394 Thread 0x000001867bcfe360 Exception <a 'sun/nio/fs/WindowsException'{0x00000000ef999960}> (0x00000000ef999960) 
thrown [s\open\src\hotspot\share\prims\jni.cpp, line 517]
Event: 13.395 Thread 0x000001867bcfe360 Exception <a 'sun/nio/fs/WindowsException'{0x00000000ef99af50}> (0x00000000ef99af50) 
thrown [s\open\src\hotspot\share\prims\jni.cpp, line 517]
Event: 13.395 Thread 0x000001867bcfe360 Exception <a 'sun/nio/fs/WindowsException'{0x00000000ef99c540}> (0x00000000ef99c540) 
thrown [s\open\src\hotspot\share\prims\jni.cpp, line 517]
Event: 13.396 Thread 0x000001867bcfe360 Exception <a 'sun/nio/fs/WindowsException'{0x00000000ef99db18}> (0x00000000ef99db18) 
thrown [s\open\src\hotspot\share\prims\jni.cpp, line 517]
Event: 13.492 Thread 0x000001867ce2a3a0 Exception <a 'sun/nio/fs/WindowsException'{0x00000000eea8ada8}> (0x00000000eea8ada8) 
thrown [s\open\src\hotspot\share\prims\jni.cpp, line 517]

VM Operations (20 events):
Event: 6.079 Executing VM operation: CollectForMetadataAllocation
Event: 6.085 Executing VM operation: CollectForMetadataAllocation done
Event: 6.112 Executing VM operation: G1PauseRemark
Event: 6.115 Executing VM operation: G1PauseRemark done
Event: 6.123 Executing VM operation: G1PauseCleanup
Event: 6.123 Executing VM operation: G1PauseCleanup done
Event: 8.145 Executing VM operation: Cleanup
Event: 8.145 Executing VM operation: Cleanup done
Event: 9.150 Executing VM operation: Cleanup
Event: 9.151 Executing VM operation: Cleanup done
Event: 10.159 Executing VM operation: Cleanup
Event: 10.159 Executing VM operation: Cleanup done
Event: 11.442 Executing VM operation: HandshakeAllThreads
Event: 11.442 Executing VM operation: HandshakeAllThreads done
Event: 11.442 Executing VM operation: Cleanup
Event: 11.442 Executing VM operation: Cleanup done
Event: 13.460 Executing VM operation: Cleanup
Event: 13.460 Executing VM operation: Cleanup done
Event: 14.472 Executing VM operation: Cleanup
Event: 14.472 Executing VM operation: Cleanup done

Events (20 events):
Event: 13.412 Thread 0x000001867ce2a8f0 Thread added: 0x000001867ce2a8f0
Event: 13.454 Thread 0x000001867f9ecce0 Thread added: 0x000001867f9ecce0
Event: 13.469 Thread 0x000001867ce27e70 Thread added: 0x000001867ce27e70
Event: 13.469 Thread 0x000001867ce2a3a0 Thread added: 0x000001867ce2a3a0
Event: 13.469 Thread 0x000001867ce2ae40 Thread added: 0x000001867ce2ae40
Event: 13.469 Thread 0x000001867ce2b390 Thread added: 0x000001867ce2b390
Event: 13.469 Thread 0x000001867ce2b8e0 Thread added: 0x000001867ce2b8e0
Event: 13.470 Thread 0x000001867ce2be30 Thread added: 0x000001867ce2be30
Event: 13.470 Thread 0x000001867ce2c380 Thread added: 0x000001867ce2c380
Event: 13.470 Thread 0x000001867ee25270 Thread added: 0x000001867ee25270
Event: 13.470 Thread 0x000001867ee257c0 Thread added: 0x000001867ee257c0
Event: 13.470 Thread 0x000001867ee28790 Thread added: 0x000001867ee28790
Event: 13.470 Thread 0x000001867ee25d10 Thread added: 0x000001867ee25d10
Event: 13.470 Thread 0x000001867ee29cd0 Thread added: 0x000001867ee29cd0
Event: 13.472 Thread 0x000001867ee222a0 Thread added: 0x000001867ee222a0
Event: 13.509 Thread 0x000001867ee22d40 Thread added: 0x000001867ee22d40
Event: 13.808 Thread 0x000001867f9ecce0 Thread exited: 0x000001867f9ecce0
Event: 13.818 Thread 0x000001867f9f0a10 Thread exited: 0x000001867f9f0a10
Event: 14.702 Thread 0x000001867f9f0480 Thread added: 0x000001867f9f0480
Event: 14.728 Thread 0x000001867f9f0a10 Thread added: 0x000001867f9f0a10


Dynamic libraries:
0x00007ff7cb1d0000 - 0x00007ff7cb1e0000 	C:\Program Files\Java\jdk-19\bin\java.exe
0x00007ff843d90000 - 0x00007ff843f88000 	C:\WINDOWS\SYSTEM32\ntdll.dll
0x00007ff842b90000 - 0x00007ff842c4d000 	C:\WINDOWS\System32\KERNEL32.DLL
0x00007ff841a10000 - 0x00007ff841d06000 	C:\WINDOWS\System32\KERNELBASE.dll
0x00007ff841600000 - 0x00007ff841700000 	C:\WINDOWS\System32\ucrtbase.dll
0x00007ff83e6d0000 - 0x00007ff83e6e8000 	C:\Program Files\Java\jdk-19\bin\jli.dll
0x00007ff83d020000 - 0x00007ff83d03b000 	C:\Program Files\Java\jdk-19\bin\VCRUNTIME140.dll
0x00007ff841dc0000 - 0x00007ff841e70000 	C:\WINDOWS\System32\ADVAPI32.dll
0x00007ff8421f0000 - 0x00007ff84228e000 	C:\WINDOWS\System32\msvcrt.dll
0x00007ff843c50000 - 0x00007ff843cf0000 	C:\WINDOWS\System32\sechost.dll
0x00007ff842cd0000 - 0x00007ff842df3000 	C:\WINDOWS\System32\RPCRT4.dll
0x00007ff8414b0000 - 0x00007ff8414d7000 	C:\WINDOWS\System32\bcrypt.dll
0x00007ff842040000 - 0x00007ff8421df000 	C:\WINDOWS\System32\USER32.dll
0x00007ff8419e0000 - 0x00007ff841a02000 	C:\WINDOWS\System32\win32u.dll
0x00007ff842e00000 - 0x00007ff842e2b000 	C:\WINDOWS\System32\GDI32.dll
0x00007ff81ed30000 - 0x00007ff81efca000 	C:\WINDOWS\WinSxS\amd64_microsoft.windows.common-controls_6595b64144ccf1df_6.0.19041.4355_none_60b8b9eb71f62e16\COMCTL32.dll
0x00007ff8414e0000 - 0x00007ff8415f7000 	C:\WINDOWS\System32\gdi32full.dll
0x00007ff841700000 - 0x00007ff84179d000 	C:\WINDOWS\System32\msvcp_win.dll
0x00007ff839980000 - 0x00007ff83998a000 	C:\WINDOWS\SYSTEM32\VERSION.dll
0x00007ff843610000 - 0x00007ff843642000 	C:\WINDOWS\System32\IMM32.DLL
0x00007ff83d010000 - 0x00007ff83d01c000 	C:\Program Files\Java\jdk-19\bin\vcruntime140_1.dll
0x00007ff816c20000 - 0x00007ff816cae000 	C:\Program Files\Java\jdk-19\bin\msvcp140.dll
0x00007fffbcc10000 - 0x00007fffbd8d0000 	C:\Program Files\Java\jdk-19\bin\server\jvm.dll
0x00007ff83e780000 - 0x00007ff83e789000 	C:\WINDOWS\SYSTEM32\WSOCK32.dll
0x00007ff82d570000 - 0x00007ff82d597000 	C:\WINDOWS\SYSTEM32\WINMM.dll
0x00007ff8437f0000 - 0x00007ff84385b000 	C:\WINDOWS\System32\WS2_32.dll
0x00007ff83f2f0000 - 0x00007ff83f302000 	C:\WINDOWS\SYSTEM32\kernel.appcore.dll
0x00007ff83b010000 - 0x00007ff83b01a000 	C:\Program Files\Java\jdk-19\bin\jimage.dll
0x00007ff83eba0000 - 0x00007ff83ed84000 	C:\WINDOWS\SYSTEM32\DBGHELP.DLL
0x00007ff825370000 - 0x00007ff8253a4000 	C:\WINDOWS\SYSTEM32\dbgcore.DLL
0x00007ff841950000 - 0x00007ff8419d2000 	C:\WINDOWS\System32\bcryptPrimitives.dll
0x00007ff83b000000 - 0x00007ff83b00e000 	C:\Program Files\Java\jdk-19\bin\instrument.dll
0x00007ff838630000 - 0x00007ff838656000 	C:\Program Files\Java\jdk-19\bin\java.dll
0x00007ff803520000 - 0x00007ff8035f7000 	C:\Program Files\Java\jdk-19\bin\jsvml.dll
0x00007ff842e40000 - 0x00007ff8435ab000 	C:\WINDOWS\System32\SHELL32.dll
0x00007ff83f480000 - 0x00007ff83fc1d000 	C:\WINDOWS\SYSTEM32\windows.storage.dll
0x00007ff843860000 - 0x00007ff843bb3000 	C:\WINDOWS\System32\combase.dll
0x00007ff840e60000 - 0x00007ff840e8e000 	C:\WINDOWS\SYSTEM32\Wldp.dll
0x00007ff8422b0000 - 0x00007ff84237d000 	C:\WINDOWS\System32\OLEAUT32.dll
0x00007ff843660000 - 0x00007ff84370d000 	C:\WINDOWS\System32\SHCORE.dll
0x00007ff843cf0000 - 0x00007ff843d45000 	C:\WINDOWS\System32\shlwapi.dll
0x00007ff841370000 - 0x00007ff841394000 	C:\WINDOWS\SYSTEM32\profapi.dll
0x00007ff838600000 - 0x00007ff838618000 	C:\Program Files\Java\jdk-19\bin\zip.dll
0x00007ff82e860000 - 0x00007ff82e873000 	C:\Program Files\Java\jdk-19\bin\net.dll
0x00007ff839530000 - 0x00007ff83963a000 	C:\WINDOWS\SYSTEM32\WINHTTP.dll
0x00007ff840b80000 - 0x00007ff840bea000 	C:\WINDOWS\system32\mswsock.dll
0x00007ff82de80000 - 0x00007ff82de96000 	C:\Program Files\Java\jdk-19\bin\nio.dll
0x00007ff83acc0000 - 0x00007ff83acd0000 	C:\Program Files\Java\jdk-19\bin\verify.dll
0x00007ff82de00000 - 0x00007ff82de27000 	C:\Users\Steven Tjhia\.gradle\native\c067742578af261105cb4f569cf0c3c89f3d7b1fecec35dd04571415982c5e48\windows-amd64\native-platform.dll
0x00007ffffa360000 - 0x00007ffffa4a4000 	C:\Users\Steven Tjhia\.gradle\native\38dada09dfb8b06ba9b0570ebf7e218e3eb74d4ef43ca46872605cf95ebc2f47\windows-amd64\native-platform-file-events.dll
0x00007ff838560000 - 0x00007ff83856a000 	C:\Program Files\Java\jdk-19\bin\management.dll
0x00007ff82e9c0000 - 0x00007ff82e9cb000 	C:\Program Files\Java\jdk-19\bin\management_ext.dll
0x00007ff8421e0000 - 0x00007ff8421e8000 	C:\WINDOWS\System32\PSAPI.DLL
0x00007ff840d90000 - 0x00007ff840da8000 	C:\WINDOWS\SYSTEM32\CRYPTSP.dll
0x00007ff840430000 - 0x00007ff840464000 	C:\WINDOWS\system32\rsaenh.dll
0x00007ff841320000 - 0x00007ff84134e000 	C:\WINDOWS\SYSTEM32\USERENV.dll
0x00007ff840db0000 - 0x00007ff840dbc000 	C:\WINDOWS\SYSTEM32\CRYPTBASE.dll
0x00007ff840820000 - 0x00007ff84085b000 	C:\WINDOWS\SYSTEM32\IPHLPAPI.DLL
0x00007ff843650000 - 0x00007ff843658000 	C:\WINDOWS\System32\NSI.dll
0x00007ff83a090000 - 0x00007ff83a0a7000 	C:\WINDOWS\SYSTEM32\dhcpcsvc6.DLL
0x00007ff83a070000 - 0x00007ff83a08d000 	C:\WINDOWS\SYSTEM32\dhcpcsvc.DLL
0x00007ff840860000 - 0x00007ff84092b000 	C:\WINDOWS\SYSTEM32\DNSAPI.dll
0x00007ff82e960000 - 0x00007ff82e968000 	C:\Program Files\Java\jdk-19\bin\extnet.dll
0x00007ff82e910000 - 0x00007ff82e91e000 	C:\Program Files\Java\jdk-19\bin\sunmscapi.dll
0x00007ff8417a0000 - 0x00007ff8418fe000 	C:\WINDOWS\System32\CRYPT32.dll
0x00007ff840ed0000 - 0x00007ff840ef9000 	C:\WINDOWS\SYSTEM32\ncrypt.dll
0x00007ff840e90000 - 0x00007ff840ecb000 	C:\WINDOWS\SYSTEM32\NTASN1.dll
0x00007ff8183a0000 - 0x00007ff8183a7000 	C:\WINDOWS\system32\wshunix.dll

dbghelp: loaded successfully - version: 4.0.5 - missing functions: none
symbol engine: initialized successfully - sym options: 0x614 - pdb path: .;C:\Program Files\Java\jdk-19\bin;C:\WINDOWS\SYSTEM32;C:\WINDOWS\WinSxS\amd64_microsoft.windows.common-controls_6595b64144ccf1df_6.0.19041.4355_none_60b8b9eb71f62e16;C:\Program Files\Java\jdk-19\bin\server;C:\Users\Steven Tjhia\.gradle\native\c067742578af261105cb4f569cf0c3c89f3d7b1fecec35dd04571415982c5e48\windows-amd64;C:\Users\Steven Tjhia\.gradle\native\38dada09dfb8b06ba9b0570ebf7e218e3eb74d4ef43ca46872605cf95ebc2f47\windows-amd64

VM Arguments:
jvm_args: --add-opens=java.base/java.util.concurrent.atomic=ALL-UNNAMED -XX:MaxMetaspaceSize=384m -XX:+HeapDumpOnOutOfMemoryError --add-opens=java.base/java.util=ALL-UNNAMED --add-opens=java.base/java.lang=ALL-UNNAMED --add-opens=java.base/java.lang.invoke=ALL-UNNAMED --add-opens=java.prefs/java.util.prefs=ALL-UNNAMED --add-opens=java.base/java.nio.charset=ALL-UNNAMED --add-opens=java.base/java.net=ALL-UNNAMED --add-opens=java.base/java.util.concurrent.atomic=ALL-UNNAMED -Xms256m -Xmx512m -Dfile.encoding=windows-1252 -Duser.country=ID -Duser.language=en -Duser.variant -javaagent:C:\Users\Steven Tjhia\.gradle\wrapper\dists\gradle-8.5-bin\5t9huq95ubn472n8rpzujfbqh\gradle-8.5\lib\agents\gradle-instrumentation-agent-8.5.jar 
java_command: org.gradle.launcher.daemon.bootstrap.GradleDaemon 8.5
java_class_path (initial): C:\Users\Steven Tjhia\.gradle\wrapper\dists\gradle-8.5-bin\5t9huq95ubn472n8rpzujfbqh\gradle-8.5\lib\gradle-launcher-8.5.jar
Launcher Type: SUN_STANDARD

[Global flags]
     intx CICompilerCount                          = 4                                         {product} {ergonomic}
   size_t CompressedClassSpaceSize                 = 322961408                                 {product} {ergonomic}
     uint ConcGCThreads                            = 3                                         {product} {ergonomic}
     uint G1ConcRefinementThreads                  = 10                                        {product} {ergonomic}
   size_t G1HeapRegionSize                         = 1048576                                   {product} {ergonomic}
    uintx GCDrainStackTargetSize                   = 64                                        {product} {ergonomic}
     bool HeapDumpOnOutOfMemoryError               = true                                   {manageable} {command line}
   size_t InitialHeapSize                          = 268435456                                 {product} {command line}
   size_t MarkStackSize                            = 4194304                                   {product} {ergonomic}
   size_t MaxHeapSize                              = 536870912                                 {product} {command line}
   size_t MaxMetaspaceSize                         = 402653184                                 {product} {command line}
   size_t MaxNewSize                               = 321912832                                 {product} {ergonomic}
   size_t MinHeapDeltaBytes                        = 1048576                                   {product} {ergonomic}
   size_t MinHeapSize                              = 268435456                                 {product} {command line}
    uintx NonNMethodCodeHeapSize                   = 5839372                                {pd product} {ergonomic}
    uintx NonProfiledCodeHeapSize                  = 122909434                              {pd product} {ergonomic}
    uintx ProfiledCodeHeapSize                     = 122909434                              {pd product} {ergonomic}
    uintx ReservedCodeCacheSize                    = 251658240                              {pd product} {ergonomic}
     bool SegmentedCodeCache                       = true                                      {product} {ergonomic}
   size_t SoftMaxHeapSize                          = 536870912                              {manageable} {ergonomic}
     bool UseCompressedClassPointers               = true                           {product lp64_product} {ergonomic}
     bool UseCompressedOops                        = true                           {product lp64_product} {ergonomic}
     bool UseG1GC                                  = true                                      {product} {ergonomic}
     bool UseLargePagesIndividualAllocation        = false                                  {pd product} {ergonomic}

Logging:
Log output configuration:
 #0: stdout all=warning uptime,level,tags foldmultilines=false
 #1: stderr all=off uptime,level,tags foldmultilines=false

Environment Variables:
JAVA_HOME=C:\Program Files\Java\jdk-16.0.1
PATH=C:\Python312\Scripts\;C:\Python312\;C:\Python311\Scripts\;C:\Python311\;C:\Program Files\Common Files\Oracle\Java\javapath;C:\Program Files (x86)\Common Files\Oracle\Java\javapath;C:\Program Files (x86)\Common Files\Intel\Shared Files\cpp\bin\Intel64;C:\Windows\system32;C:\Windows;C:\Windows\System32\Wbem;C:\Windows\System32\WindowsPowerShell\v1.0\;C:\Windows\System32\OpenSSH\;C:\Program Files (x86)\NVIDIA Corporation\PhysX\Common;C:\Program Files\NVIDIA Corporation\NVIDIA NvDLISR;C:\WINDOWS\system32;C:\WINDOWS;C:\WINDOWS\System32\Wbem;C:\WINDOWS\System32\WindowsPowerShell\v1.0\;C:\WINDOWS\System32\OpenSSH\;C:\Program Files\Java\jdk-16.0.1\bin;C:\Program Files\mingw64\bin;C:\Program Files\Git\cmd;C:\ProgramData\chocolatey\bin;D:\nodejs\;C:\Program Files\Docker\Docker\resources\bin;C:\Program Files\Go\bin;C:\Program Files\dotnet\;D:\MariaDB\bin;D:\dev\flutter\bin;C:\Users\Steven Tjhia\AppData\Local\Programs\Python\Python310\Scripts\;C:\Users\Steven Tjhia\AppData\Local\Programs\Python\Python310\;C:\Users\Steven Tjhia\AppData\Local\Microsoft\WindowsApps;D:\Microsoft VS Code\bin;C:\Users\Steven Tjhia\AppData\Local\GitHubDesktop\bin;C:\ghcup\bin;C:\MinGW\bin;D:\IntelliJ IDEA 2024.1.1\bin;;C:\Program Files\JetBrains\IntelliJ IDEA Community Edition 2023.2.2\bin;;C:\Users\Steven Tjhia\AppData\Roaming\npm;C:\Users\Steven Tjhia\go\bin;C:\Users\Steven Tjhia\.dotnet\tools
USERNAME=Steven Tjhia
OS=Windows_NT
PROCESSOR_IDENTIFIER=Intel64 Family 6 Model 165 Stepping 2, GenuineIntel
TMP=C:\Users\STEVEN~1\AppData\Local\Temp
TEMP=C:\Users\STEVEN~1\AppData\Local\Temp



---------------  S Y S T E M  ---------------

OS:
 Windows 10 , 64 bit Build 19041 (10.0.19041.3636)
OS uptime: 2 days 2:20 hours
Hyper-V role detected

CPU: total 12 (initial active 12) (6 cores per cpu, 2 threads per core) family 6 model 165 stepping 2 microcode 0xea, cx8, cmov, fxsr, ht, mmx, 3dnowpref, sse, sse2, sse3, ssse3, sse4.1, sse4.2, popcnt, lzcnt, tsc, tscinvbit, avx, avx2, aes, erms, clmul, bmi1, bmi2, adx, fma, vzeroupper, clflush, clflushopt, hv, rdtscp

Memory: 4k page, system-wide physical 16251M (2061M free)
TotalPageFile size 25008M (AvailPageFile size 25M)
current process WorkingSet (physical memory assigned to process): 395M, peak: 415M
current process commit charge ("private bytes"): 499M, peak: 517M

vm_info: Java HotSpot(TM) 64-Bit Server VM (19.0.2+7-44) for windows-amd64 JRE (19.0.2+7-44), built on 2022-11-30T18:02:09Z by "mach5one" with MS VC++ 17.1 (VS2022)

END.
