#
# There is insufficient memory for the Java Runtime Environment to continue.
# Native memory allocation (malloc) failed to allocate 32744 bytes for Chunk::new
# Possible reasons:
#   The system is out of physical RAM or swap space
#   The process is running with CompressedOops enabled, and the Java Heap may be blocking the growth of the native heap
# Possible solutions:
#   Reduce memory load on the system
#   Increase physical memory or swap space
#   Check if swap backing store is full
#   Decrease Java heap size (-Xmx/-Xms)
#   Decrease number of Java threads
#   Decrease Java thread stack sizes (-Xss)
#   Set larger code cache with -XX:ReservedCodeCacheSize=
#   JVM is running with Zero Based Compressed Oops mode in which the Java heap is
#     placed in the first 32GB address space. The Java Heap base address is the
#     maximum limit for the native heap growth. Please use -XX:HeapBaseMinAddress
#     to set the Java Heap base and to place the Java Heap above 32GB virtual address.
# This output file may be truncated or incomplete.
#
#  Out of Memory Error (arena.cpp:184), pid=7996, tid=18656
#
# JRE version: Java(TM) SE Runtime Environment (19.0.2+7) (build 19.0.2+7-44)
# Java VM: Java HotSpot(TM) 64-Bit Server VM (19.0.2+7-44, mixed mode, sharing, tiered, compressed oops, compressed class ptrs, g1 gc, windows-amd64)
# No core dump will be written. Minidumps are not enabled by default on client versions of Windows
#

---------------  S U M M A R Y ------------

Command Line: -Dfile.encoding=windows-1252 -Duser.country=ID -Duser.language=en -Duser.variant org.gui.App

Host: Intel(R) Core(TM) i7-10750H CPU @ 2.60GHz, 12 cores, 15G,  Windows 10 , 64 bit Build 19041 (10.0.19041.3636)
Time: Thu May 23 15:30:20 2024 SE Asia Standard Time elapsed time: 104.650584 seconds (0d 0h 1m 44s)

---------------  T H R E A D  ---------------

Current thread (0x000001abed31b0e0):  JavaThread "C2 CompilerThread0" daemon [_thread_in_native, id=18656, stack(0x000000732a800000,0x000000732a900000)]


Current CompileTask:
C2: 104650 1530       4       java.awt.Component::dispatchEventImpl (785 bytes)

Stack: [0x000000732a800000,0x000000732a900000]
Native frames: (J=compiled Java code, j=interpreted, Vv=VM code, C=native code)
V  [jvm.dll+0x6ee21a]
V  [jvm.dll+0x85765e]
V  [jvm.dll+0x85904e]
V  [jvm.dll+0x859703]
V  [jvm.dll+0x28298f]
V  [jvm.dll+0xc9adf]
V  [jvm.dll+0xc9e65]
V  [jvm.dll+0x6cd7f6]
V  [jvm.dll+0x91a54]
V  [jvm.dll+0x6cae4e]
V  [jvm.dll+0x395fdc]
V  [jvm.dll+0x396125]
V  [jvm.dll+0x70a9a0]
V  [jvm.dll+0x703c6c]
V  [jvm.dll+0x7052e3]
V  [jvm.dll+0x708b2b]
V  [jvm.dll+0x700c76]
V  [jvm.dll+0x7002c1]
V  [jvm.dll+0x6fe1a3]
V  [jvm.dll+0x1d9e6c]
V  [jvm.dll+0x1da9fb]
V  [jvm.dll+0x2f6edd]
V  [jvm.dll+0x708b52]
V  [jvm.dll+0x700c76]
V  [jvm.dll+0x7002c1]
V  [jvm.dll+0x6fe1a3]
V  [jvm.dll+0x1d9e6c]
V  [jvm.dll+0x1da9fb]
V  [jvm.dll+0x2f6edd]
V  [jvm.dll+0x708b52]
V  [jvm.dll+0x700c76]
V  [jvm.dll+0x7002c1]
V  [jvm.dll+0x6fe1a3]
V  [jvm.dll+0x1d9e6c]
V  [jvm.dll+0x1da9fb]
V  [jvm.dll+0x2f6edd]
V  [jvm.dll+0x708b52]
V  [jvm.dll+0x700c76]
V  [jvm.dll+0x7002c1]
V  [jvm.dll+0x6fe1a3]
V  [jvm.dll+0x1d9e6c]
V  [jvm.dll+0x1da9fb]
V  [jvm.dll+0x2f6edd]
V  [jvm.dll+0x708b52]
V  [jvm.dll+0x700c76]
V  [jvm.dll+0x7002c1]
V  [jvm.dll+0x6fe1a3]
V  [jvm.dll+0x1d9e6c]
V  [jvm.dll+0x24b333]
V  [jvm.dll+0x1d6ce1]
V  [jvm.dll+0x25b25a]
V  [jvm.dll+0x2596e8]
V  [jvm.dll+0x807588]
V  [jvm.dll+0x80125a]
V  [jvm.dll+0x6ecf0b]
C  [ucrtbase.dll+0x21bb2]
C  [KERNEL32.DLL+0x17344]
C  [ntdll.dll+0x526b1]


---------------  P R O C E S S  ---------------

Threads class SMR info:
_java_thread_list=0x000001abf157a1e0, length=16, elements={
0x000001abed2e30c0, 0x000001abed2e3eb0, 0x000001abed2e4fe0, 0x000001abed2e8930,
0x000001abed2ebeb0, 0x000001abed3176b0, 0x000001abed31b0e0, 0x000001abed323810,
0x000001abf1509110, 0x000001abf1508bc0, 0x000001abf1508670, 0x000001abf1509660,
0x000001abf1509bb0, 0x000001abf150a650, 0x000001abf150b0f0, 0x000001abf150b640
}

Java Threads: ( => current thread )
  0x000001abed2e30c0 JavaThread "Reference Handler" daemon [_thread_blocked, id=18148, stack(0x000000732a200000,0x000000732a300000)]
  0x000001abed2e3eb0 JavaThread "Finalizer" daemon [_thread_blocked, id=35764, stack(0x000000732a300000,0x000000732a400000)]
  0x000001abed2e4fe0 JavaThread "Signal Dispatcher" daemon [_thread_blocked, id=4120, stack(0x000000732a400000,0x000000732a500000)]
  0x000001abed2e8930 JavaThread "Attach Listener" daemon [_thread_blocked, id=29012, stack(0x000000732a500000,0x000000732a600000)]
  0x000001abed2ebeb0 JavaThread "Service Thread" daemon [_thread_blocked, id=12988, stack(0x000000732a600000,0x000000732a700000)]
  0x000001abed3176b0 JavaThread "Monitor Deflation Thread" daemon [_thread_blocked, id=18696, stack(0x000000732a700000,0x000000732a800000)]
=>0x000001abed31b0e0 JavaThread "C2 CompilerThread0" daemon [_thread_in_native, id=18656, stack(0x000000732a800000,0x000000732a900000)]
  0x000001abed323810 JavaThread "C1 CompilerThread0" daemon [_thread_blocked, id=8424, stack(0x000000732a900000,0x000000732aa00000)]
  0x000001abf1509110 JavaThread "Sweeper thread" daemon [_thread_blocked, id=31328, stack(0x000000732aa00000,0x000000732ab00000)]
  0x000001abf1508bc0 JavaThread "Notification Thread" daemon [_thread_blocked, id=29740, stack(0x000000732ab00000,0x000000732ac00000)]
  0x000001abf1508670 JavaThread "Common-Cleaner" daemon [_thread_blocked, id=25112, stack(0x000000732ad00000,0x000000732ae00000)]
  0x000001abf1509660 JavaThread "Java2D Disposer" daemon [_thread_blocked, id=29768, stack(0x000000732ae00000,0x000000732af00000)]
  0x000001abf1509bb0 JavaThread "AWT-Shutdown" [_thread_blocked, id=4492, stack(0x000000732af00000,0x000000732b000000)]
  0x000001abf150a650 JavaThread "AWT-Windows" daemon [_thread_in_native, id=2536, stack(0x000000732b000000,0x000000732b100000)]
  0x000001abf150b0f0 JavaThread "AWT-EventQueue-0" [_thread_blocked, id=10920, stack(0x000000732b100000,0x000000732b200000)]
  0x000001abf150b640 JavaThread "DestroyJavaVM" [_thread_blocked, id=3912, stack(0x0000007329b00000,0x0000007329c00000)]

Other Threads:
  0x000001abed2c8e90 VMThread "VM Thread" [stack: 0x000000732a100000,0x000000732a200000] [id=28860]
  0x000001abf16309b0 WatcherThread "VM Periodic Task Thread" [stack: 0x000000732ac00000,0x000000732ad00000] [id=22644]
  0x000001abc7bd31b0 WorkerThread "GC Thread#0" [stack: 0x0000007329c00000,0x0000007329d00000] [id=33352]
  0x000001abc7be40b0 ConcurrentGCThread "G1 Main Marker" [stack: 0x0000007329d00000,0x0000007329e00000] [id=17332]
  0x000001abc7be5280 WorkerThread "G1 Conc#0" [stack: 0x0000007329e00000,0x0000007329f00000] [id=29288]
  0x000001abc7c2e790 ConcurrentGCThread "G1 Refine#0" [stack: 0x0000007329f00000,0x000000732a000000] [id=32176]
  0x000001abed1844c0 ConcurrentGCThread "G1 Service" [stack: 0x000000732a000000,0x000000732a100000] [id=26316]

Threads with active compile tasks:
C2 CompilerThread0   104682 1530       4       java.awt.Component::dispatchEventImpl (785 bytes)

VM state: not at safepoint (normal execution)

VM Mutex/Monitor currently owned by a thread: None

Heap address: 0x0000000702000000, size: 4064 MB, Compressed Oops mode: Zero based, Oop shift amount: 3

CDS archive(s) mapped at: [0x0000000800000000-0x0000000800c40000-0x0000000800c40000), size 12845056, SharedBaseAddress: 0x0000000800000000, ArchiveRelocationMode: 0.
Compressed class space mapped at: 0x0000000801000000-0x0000000841000000, reserved size: 1073741824
Narrow klass base: 0x0000000800000000, Narrow klass shift: 0, Narrow klass range: 0x100000000

GC Precious Log:
 CardTable entry size: 512
 Card Set container configuration: InlinePtr #cards 4 size 8 Array Of Cards #cards 16 size 48 Howl #buckets 8 coarsen threshold 3686 Howl Bitmap #cards 512 size 80 coarsen threshold 460 Card regions per heap region 1 cards per card region 4096
 CPUs: 12 total, 12 available
 Memory: 16251M
 Large Page Support: Disabled
 NUMA Support: Disabled
 Compressed Oops: Enabled (Zero based)
 Heap Region Size: 2M
 Heap Min Capacity: 8M
 Heap Initial Capacity: 254M
 Heap Max Capacity: 4064M
 Pre-touch: Disabled
 Parallel Workers: 10
 Concurrent Workers: 3
 Concurrent Refinement Workers: 10
 Periodic GC: Disabled

Heap:
 garbage-first heap   total 260096K, used 24576K [0x0000000702000000, 0x0000000800000000)
  region size 2048K, 10 young (20480K), 0 survivors (0K)
 Metaspace       used 8628K, committed 8896K, reserved 1114112K
  class space    used 919K, committed 1024K, reserved 1048576K

Heap Regions: E=young(eden), S=young(survivor), O=old, HS=humongous(starts), HC=humongous(continues), CS=collection set, F=free, OA=open archive, CA=closed archive, TAMS=top-at-mark-start (previous, next)
|   0|0x0000000702000000, 0x0000000702200000, 0x0000000702200000|100%|HS|  |TAMS 0x0000000702000000, 0x0000000702000000| Complete 
|   1|0x0000000702200000, 0x0000000702400000, 0x0000000702400000|100%|HC|  |TAMS 0x0000000702200000, 0x0000000702200000| Complete 
|   2|0x0000000702400000, 0x0000000702600000, 0x0000000702600000|100%|HC|  |TAMS 0x0000000702400000, 0x0000000702400000| Complete 
|   3|0x0000000702600000, 0x0000000702600000, 0x0000000702800000|  0%| F|  |TAMS 0x0000000702600000, 0x0000000702600000| Untracked 
|   4|0x0000000702800000, 0x0000000702800000, 0x0000000702a00000|  0%| F|  |TAMS 0x0000000702800000, 0x0000000702800000| Untracked 
|   5|0x0000000702a00000, 0x0000000702a00000, 0x0000000702c00000|  0%| F|  |TAMS 0x0000000702a00000, 0x0000000702a00000| Untracked 
|   6|0x0000000702c00000, 0x0000000702c00000, 0x0000000702e00000|  0%| F|  |TAMS 0x0000000702c00000, 0x0000000702c00000| Untracked 
|   7|0x0000000702e00000, 0x0000000702e00000, 0x0000000703000000|  0%| F|  |TAMS 0x0000000702e00000, 0x0000000702e00000| Untracked 
|   8|0x0000000703000000, 0x0000000703000000, 0x0000000703200000|  0%| F|  |TAMS 0x0000000703000000, 0x0000000703000000| Untracked 
|   9|0x0000000703200000, 0x0000000703200000, 0x0000000703400000|  0%| F|  |TAMS 0x0000000703200000, 0x0000000703200000| Untracked 
|  10|0x0000000703400000, 0x0000000703400000, 0x0000000703600000|  0%| F|  |TAMS 0x0000000703400000, 0x0000000703400000| Untracked 
|  11|0x0000000703600000, 0x0000000703600000, 0x0000000703800000|  0%| F|  |TAMS 0x0000000703600000, 0x0000000703600000| Untracked 
|  12|0x0000000703800000, 0x0000000703800000, 0x0000000703a00000|  0%| F|  |TAMS 0x0000000703800000, 0x0000000703800000| Untracked 
|  13|0x0000000703a00000, 0x0000000703a00000, 0x0000000703c00000|  0%| F|  |TAMS 0x0000000703a00000, 0x0000000703a00000| Untracked 
|  14|0x0000000703c00000, 0x0000000703c00000, 0x0000000703e00000|  0%| F|  |TAMS 0x0000000703c00000, 0x0000000703c00000| Untracked 
|  15|0x0000000703e00000, 0x0000000703e00000, 0x0000000704000000|  0%| F|  |TAMS 0x0000000703e00000, 0x0000000703e00000| Untracked 
|  16|0x0000000704000000, 0x0000000704000000, 0x0000000704200000|  0%| F|  |TAMS 0x0000000704000000, 0x0000000704000000| Untracked 
|  17|0x0000000704200000, 0x0000000704200000, 0x0000000704400000|  0%| F|  |TAMS 0x0000000704200000, 0x0000000704200000| Untracked 
|  18|0x0000000704400000, 0x0000000704400000, 0x0000000704600000|  0%| F|  |TAMS 0x0000000704400000, 0x0000000704400000| Untracked 
|  19|0x0000000704600000, 0x0000000704600000, 0x0000000704800000|  0%| F|  |TAMS 0x0000000704600000, 0x0000000704600000| Untracked 
|  20|0x0000000704800000, 0x0000000704800000, 0x0000000704a00000|  0%| F|  |TAMS 0x0000000704800000, 0x0000000704800000| Untracked 
|  21|0x0000000704a00000, 0x0000000704a00000, 0x0000000704c00000|  0%| F|  |TAMS 0x0000000704a00000, 0x0000000704a00000| Untracked 
|  22|0x0000000704c00000, 0x0000000704c00000, 0x0000000704e00000|  0%| F|  |TAMS 0x0000000704c00000, 0x0000000704c00000| Untracked 
|  23|0x0000000704e00000, 0x0000000704e00000, 0x0000000705000000|  0%| F|  |TAMS 0x0000000704e00000, 0x0000000704e00000| Untracked 
|  24|0x0000000705000000, 0x0000000705000000, 0x0000000705200000|  0%| F|  |TAMS 0x0000000705000000, 0x0000000705000000| Untracked 
|  25|0x0000000705200000, 0x0000000705200000, 0x0000000705400000|  0%| F|  |TAMS 0x0000000705200000, 0x0000000705200000| Untracked 
|  26|0x0000000705400000, 0x0000000705400000, 0x0000000705600000|  0%| F|  |TAMS 0x0000000705400000, 0x0000000705400000| Untracked 
|  27|0x0000000705600000, 0x0000000705600000, 0x0000000705800000|  0%| F|  |TAMS 0x0000000705600000, 0x0000000705600000| Untracked 
|  28|0x0000000705800000, 0x0000000705800000, 0x0000000705a00000|  0%| F|  |TAMS 0x0000000705800000, 0x0000000705800000| Untracked 
|  29|0x0000000705a00000, 0x0000000705a00000, 0x0000000705c00000|  0%| F|  |TAMS 0x0000000705a00000, 0x0000000705a00000| Untracked 
|  30|0x0000000705c00000, 0x0000000705c00000, 0x0000000705e00000|  0%| F|  |TAMS 0x0000000705c00000, 0x0000000705c00000| Untracked 
|  31|0x0000000705e00000, 0x0000000705e00000, 0x0000000706000000|  0%| F|  |TAMS 0x0000000705e00000, 0x0000000705e00000| Untracked 
|  32|0x0000000706000000, 0x0000000706000000, 0x0000000706200000|  0%| F|  |TAMS 0x0000000706000000, 0x0000000706000000| Untracked 
|  33|0x0000000706200000, 0x0000000706200000, 0x0000000706400000|  0%| F|  |TAMS 0x0000000706200000, 0x0000000706200000| Untracked 
|  34|0x0000000706400000, 0x0000000706400000, 0x0000000706600000|  0%| F|  |TAMS 0x0000000706400000, 0x0000000706400000| Untracked 
|  35|0x0000000706600000, 0x0000000706600000, 0x0000000706800000|  0%| F|  |TAMS 0x0000000706600000, 0x0000000706600000| Untracked 
|  36|0x0000000706800000, 0x0000000706800000, 0x0000000706a00000|  0%| F|  |TAMS 0x0000000706800000, 0x0000000706800000| Untracked 
|  37|0x0000000706a00000, 0x0000000706a00000, 0x0000000706c00000|  0%| F|  |TAMS 0x0000000706a00000, 0x0000000706a00000| Untracked 
|  38|0x0000000706c00000, 0x0000000706c00000, 0x0000000706e00000|  0%| F|  |TAMS 0x0000000706c00000, 0x0000000706c00000| Untracked 
|  39|0x0000000706e00000, 0x0000000706e00000, 0x0000000707000000|  0%| F|  |TAMS 0x0000000706e00000, 0x0000000706e00000| Untracked 
|  40|0x0000000707000000, 0x0000000707000000, 0x0000000707200000|  0%| F|  |TAMS 0x0000000707000000, 0x0000000707000000| Untracked 
|  41|0x0000000707200000, 0x0000000707200000, 0x0000000707400000|  0%| F|  |TAMS 0x0000000707200000, 0x0000000707200000| Untracked 
|  42|0x0000000707400000, 0x0000000707400000, 0x0000000707600000|  0%| F|  |TAMS 0x0000000707400000, 0x0000000707400000| Untracked 
|  43|0x0000000707600000, 0x0000000707600000, 0x0000000707800000|  0%| F|  |TAMS 0x0000000707600000, 0x0000000707600000| Untracked 
|  44|0x0000000707800000, 0x0000000707800000, 0x0000000707a00000|  0%| F|  |TAMS 0x0000000707800000, 0x0000000707800000| Untracked 
|  45|0x0000000707a00000, 0x0000000707a00000, 0x0000000707c00000|  0%| F|  |TAMS 0x0000000707a00000, 0x0000000707a00000| Untracked 
|  46|0x0000000707c00000, 0x0000000707c00000, 0x0000000707e00000|  0%| F|  |TAMS 0x0000000707c00000, 0x0000000707c00000| Untracked 
|  47|0x0000000707e00000, 0x0000000707e00000, 0x0000000708000000|  0%| F|  |TAMS 0x0000000707e00000, 0x0000000707e00000| Untracked 
|  48|0x0000000708000000, 0x0000000708000000, 0x0000000708200000|  0%| F|  |TAMS 0x0000000708000000, 0x0000000708000000| Untracked 
|  49|0x0000000708200000, 0x0000000708200000, 0x0000000708400000|  0%| F|  |TAMS 0x0000000708200000, 0x0000000708200000| Untracked 
|  50|0x0000000708400000, 0x0000000708400000, 0x0000000708600000|  0%| F|  |TAMS 0x0000000708400000, 0x0000000708400000| Untracked 
|  51|0x0000000708600000, 0x0000000708600000, 0x0000000708800000|  0%| F|  |TAMS 0x0000000708600000, 0x0000000708600000| Untracked 
|  52|0x0000000708800000, 0x0000000708800000, 0x0000000708a00000|  0%| F|  |TAMS 0x0000000708800000, 0x0000000708800000| Untracked 
|  53|0x0000000708a00000, 0x0000000708a00000, 0x0000000708c00000|  0%| F|  |TAMS 0x0000000708a00000, 0x0000000708a00000| Untracked 
|  54|0x0000000708c00000, 0x0000000708c00000, 0x0000000708e00000|  0%| F|  |TAMS 0x0000000708c00000, 0x0000000708c00000| Untracked 
|  55|0x0000000708e00000, 0x0000000708e00000, 0x0000000709000000|  0%| F|  |TAMS 0x0000000708e00000, 0x0000000708e00000| Untracked 
|  56|0x0000000709000000, 0x0000000709000000, 0x0000000709200000|  0%| F|  |TAMS 0x0000000709000000, 0x0000000709000000| Untracked 
|  57|0x0000000709200000, 0x0000000709200000, 0x0000000709400000|  0%| F|  |TAMS 0x0000000709200000, 0x0000000709200000| Untracked 
|  58|0x0000000709400000, 0x0000000709400000, 0x0000000709600000|  0%| F|  |TAMS 0x0000000709400000, 0x0000000709400000| Untracked 
|  59|0x0000000709600000, 0x0000000709600000, 0x0000000709800000|  0%| F|  |TAMS 0x0000000709600000, 0x0000000709600000| Untracked 
|  60|0x0000000709800000, 0x0000000709800000, 0x0000000709a00000|  0%| F|  |TAMS 0x0000000709800000, 0x0000000709800000| Untracked 
|  61|0x0000000709a00000, 0x0000000709a00000, 0x0000000709c00000|  0%| F|  |TAMS 0x0000000709a00000, 0x0000000709a00000| Untracked 
|  62|0x0000000709c00000, 0x0000000709c00000, 0x0000000709e00000|  0%| F|  |TAMS 0x0000000709c00000, 0x0000000709c00000| Untracked 
|  63|0x0000000709e00000, 0x0000000709e00000, 0x000000070a000000|  0%| F|  |TAMS 0x0000000709e00000, 0x0000000709e00000| Untracked 
|  64|0x000000070a000000, 0x000000070a000000, 0x000000070a200000|  0%| F|  |TAMS 0x000000070a000000, 0x000000070a000000| Untracked 
|  65|0x000000070a200000, 0x000000070a200000, 0x000000070a400000|  0%| F|  |TAMS 0x000000070a200000, 0x000000070a200000| Untracked 
|  66|0x000000070a400000, 0x000000070a400000, 0x000000070a600000|  0%| F|  |TAMS 0x000000070a400000, 0x000000070a400000| Untracked 
|  67|0x000000070a600000, 0x000000070a600000, 0x000000070a800000|  0%| F|  |TAMS 0x000000070a600000, 0x000000070a600000| Untracked 
|  68|0x000000070a800000, 0x000000070a800000, 0x000000070aa00000|  0%| F|  |TAMS 0x000000070a800000, 0x000000070a800000| Untracked 
|  69|0x000000070aa00000, 0x000000070aa00000, 0x000000070ac00000|  0%| F|  |TAMS 0x000000070aa00000, 0x000000070aa00000| Untracked 
|  70|0x000000070ac00000, 0x000000070ac00000, 0x000000070ae00000|  0%| F|  |TAMS 0x000000070ac00000, 0x000000070ac00000| Untracked 
|  71|0x000000070ae00000, 0x000000070ae00000, 0x000000070b000000|  0%| F|  |TAMS 0x000000070ae00000, 0x000000070ae00000| Untracked 
|  72|0x000000070b000000, 0x000000070b000000, 0x000000070b200000|  0%| F|  |TAMS 0x000000070b000000, 0x000000070b000000| Untracked 
|  73|0x000000070b200000, 0x000000070b200000, 0x000000070b400000|  0%| F|  |TAMS 0x000000070b200000, 0x000000070b200000| Untracked 
|  74|0x000000070b400000, 0x000000070b400000, 0x000000070b600000|  0%| F|  |TAMS 0x000000070b400000, 0x000000070b400000| Untracked 
|  75|0x000000070b600000, 0x000000070b600000, 0x000000070b800000|  0%| F|  |TAMS 0x000000070b600000, 0x000000070b600000| Untracked 
|  76|0x000000070b800000, 0x000000070b800000, 0x000000070ba00000|  0%| F|  |TAMS 0x000000070b800000, 0x000000070b800000| Untracked 
|  77|0x000000070ba00000, 0x000000070ba00000, 0x000000070bc00000|  0%| F|  |TAMS 0x000000070ba00000, 0x000000070ba00000| Untracked 
|  78|0x000000070bc00000, 0x000000070bc00000, 0x000000070be00000|  0%| F|  |TAMS 0x000000070bc00000, 0x000000070bc00000| Untracked 
|  79|0x000000070be00000, 0x000000070be00000, 0x000000070c000000|  0%| F|  |TAMS 0x000000070be00000, 0x000000070be00000| Untracked 
|  80|0x000000070c000000, 0x000000070c000000, 0x000000070c200000|  0%| F|  |TAMS 0x000000070c000000, 0x000000070c000000| Untracked 
|  81|0x000000070c200000, 0x000000070c200000, 0x000000070c400000|  0%| F|  |TAMS 0x000000070c200000, 0x000000070c200000| Untracked 
|  82|0x000000070c400000, 0x000000070c400000, 0x000000070c600000|  0%| F|  |TAMS 0x000000070c400000, 0x000000070c400000| Untracked 
|  83|0x000000070c600000, 0x000000070c600000, 0x000000070c800000|  0%| F|  |TAMS 0x000000070c600000, 0x000000070c600000| Untracked 
|  84|0x000000070c800000, 0x000000070c800000, 0x000000070ca00000|  0%| F|  |TAMS 0x000000070c800000, 0x000000070c800000| Untracked 
|  85|0x000000070ca00000, 0x000000070ca00000, 0x000000070cc00000|  0%| F|  |TAMS 0x000000070ca00000, 0x000000070ca00000| Untracked 
|  86|0x000000070cc00000, 0x000000070cc00000, 0x000000070ce00000|  0%| F|  |TAMS 0x000000070cc00000, 0x000000070cc00000| Untracked 
|  87|0x000000070ce00000, 0x000000070ce00000, 0x000000070d000000|  0%| F|  |TAMS 0x000000070ce00000, 0x000000070ce00000| Untracked 
|  88|0x000000070d000000, 0x000000070d000000, 0x000000070d200000|  0%| F|  |TAMS 0x000000070d000000, 0x000000070d000000| Untracked 
|  89|0x000000070d200000, 0x000000070d200000, 0x000000070d400000|  0%| F|  |TAMS 0x000000070d200000, 0x000000070d200000| Untracked 
|  90|0x000000070d400000, 0x000000070d400000, 0x000000070d600000|  0%| F|  |TAMS 0x000000070d400000, 0x000000070d400000| Untracked 
|  91|0x000000070d600000, 0x000000070d600000, 0x000000070d800000|  0%| F|  |TAMS 0x000000070d600000, 0x000000070d600000| Untracked 
|  92|0x000000070d800000, 0x000000070d800000, 0x000000070da00000|  0%| F|  |TAMS 0x000000070d800000, 0x000000070d800000| Untracked 
|  93|0x000000070da00000, 0x000000070da00000, 0x000000070dc00000|  0%| F|  |TAMS 0x000000070da00000, 0x000000070da00000| Untracked 
|  94|0x000000070dc00000, 0x000000070dc00000, 0x000000070de00000|  0%| F|  |TAMS 0x000000070dc00000, 0x000000070dc00000| Untracked 
|  95|0x000000070de00000, 0x000000070de00000, 0x000000070e000000|  0%| F|  |TAMS 0x000000070de00000, 0x000000070de00000| Untracked 
|  96|0x000000070e000000, 0x000000070e000000, 0x000000070e200000|  0%| F|  |TAMS 0x000000070e000000, 0x000000070e000000| Untracked 
|  97|0x000000070e200000, 0x000000070e200000, 0x000000070e400000|  0%| F|  |TAMS 0x000000070e200000, 0x000000070e200000| Untracked 
|  98|0x000000070e400000, 0x000000070e400000, 0x000000070e600000|  0%| F|  |TAMS 0x000000070e400000, 0x000000070e400000| Untracked 
|  99|0x000000070e600000, 0x000000070e600000, 0x000000070e800000|  0%| F|  |TAMS 0x000000070e600000, 0x000000070e600000| Untracked 
| 100|0x000000070e800000, 0x000000070e800000, 0x000000070ea00000|  0%| F|  |TAMS 0x000000070e800000, 0x000000070e800000| Untracked 
| 101|0x000000070ea00000, 0x000000070ea00000, 0x000000070ec00000|  0%| F|  |TAMS 0x000000070ea00000, 0x000000070ea00000| Untracked 
| 102|0x000000070ec00000, 0x000000070ec00000, 0x000000070ee00000|  0%| F|  |TAMS 0x000000070ec00000, 0x000000070ec00000| Untracked 
| 103|0x000000070ee00000, 0x000000070ee00000, 0x000000070f000000|  0%| F|  |TAMS 0x000000070ee00000, 0x000000070ee00000| Untracked 
| 104|0x000000070f000000, 0x000000070f000000, 0x000000070f200000|  0%| F|  |TAMS 0x000000070f000000, 0x000000070f000000| Untracked 
| 105|0x000000070f200000, 0x000000070f200000, 0x000000070f400000|  0%| F|  |TAMS 0x000000070f200000, 0x000000070f200000| Untracked 
| 106|0x000000070f400000, 0x000000070f400000, 0x000000070f600000|  0%| F|  |TAMS 0x000000070f400000, 0x000000070f400000| Untracked 
| 107|0x000000070f600000, 0x000000070f600000, 0x000000070f800000|  0%| F|  |TAMS 0x000000070f600000, 0x000000070f600000| Untracked 
| 108|0x000000070f800000, 0x000000070f800000, 0x000000070fa00000|  0%| F|  |TAMS 0x000000070f800000, 0x000000070f800000| Untracked 
| 109|0x000000070fa00000, 0x000000070fa00000, 0x000000070fc00000|  0%| F|  |TAMS 0x000000070fa00000, 0x000000070fa00000| Untracked 
| 110|0x000000070fc00000, 0x000000070fc00000, 0x000000070fe00000|  0%| F|  |TAMS 0x000000070fc00000, 0x000000070fc00000| Untracked 
| 111|0x000000070fe00000, 0x000000070fe00000, 0x0000000710000000|  0%| F|  |TAMS 0x000000070fe00000, 0x000000070fe00000| Untracked 
| 112|0x0000000710000000, 0x0000000710000000, 0x0000000710200000|  0%| F|  |TAMS 0x0000000710000000, 0x0000000710000000| Untracked 
| 113|0x0000000710200000, 0x0000000710200000, 0x0000000710400000|  0%| F|  |TAMS 0x0000000710200000, 0x0000000710200000| Untracked 
| 114|0x0000000710400000, 0x0000000710400000, 0x0000000710600000|  0%| F|  |TAMS 0x0000000710400000, 0x0000000710400000| Untracked 
| 115|0x0000000710600000, 0x0000000710600000, 0x0000000710800000|  0%| F|  |TAMS 0x0000000710600000, 0x0000000710600000| Untracked 
| 116|0x0000000710800000, 0x0000000710800000, 0x0000000710a00000|  0%| F|  |TAMS 0x0000000710800000, 0x0000000710800000| Untracked 
| 117|0x0000000710a00000, 0x0000000710a71278, 0x0000000710c00000| 22%| E|  |TAMS 0x0000000710a00000, 0x0000000710a00000| Complete 
| 118|0x0000000710c00000, 0x0000000710e00000, 0x0000000710e00000|100%| E|CS|TAMS 0x0000000710c00000, 0x0000000710c00000| Complete 
| 119|0x0000000710e00000, 0x0000000711000000, 0x0000000711000000|100%| E|CS|TAMS 0x0000000710e00000, 0x0000000710e00000| Complete 
| 120|0x0000000711000000, 0x0000000711200000, 0x0000000711200000|100%| E|CS|TAMS 0x0000000711000000, 0x0000000711000000| Complete 
| 121|0x0000000711200000, 0x0000000711400000, 0x0000000711400000|100%| E|CS|TAMS 0x0000000711200000, 0x0000000711200000| Complete 
| 122|0x0000000711400000, 0x0000000711600000, 0x0000000711600000|100%| E|CS|TAMS 0x0000000711400000, 0x0000000711400000| Complete 
| 123|0x0000000711600000, 0x0000000711800000, 0x0000000711800000|100%| E|CS|TAMS 0x0000000711600000, 0x0000000711600000| Complete 
| 124|0x0000000711800000, 0x0000000711a00000, 0x0000000711a00000|100%| E|CS|TAMS 0x0000000711800000, 0x0000000711800000| Complete 
| 125|0x0000000711a00000, 0x0000000711c00000, 0x0000000711c00000|100%| E|CS|TAMS 0x0000000711a00000, 0x0000000711a00000| Complete 
| 126|0x0000000711c00000, 0x0000000711e00000, 0x0000000711e00000|100%| E|CS|TAMS 0x0000000711c00000, 0x0000000711c00000| Complete 

Card table byte_map: [0x000001abe1720000,0x000001abe1f10000] _byte_map_base: 0x000001abddf10000

Marking Bits (Prev, Next): (CMBitMap*) 0x000001abc7bd37e0, (CMBitMap*) 0x000001abc7bd3820
 Prev Bits: [0x000001abe2700000, 0x000001abe6680000)
 Next Bits: [0x000001abe6680000, 0x000001abea600000)

Polling page: 0x000001abd1280000

Metaspace:

Usage:
  Non-class:      7.53 MB used.
      Class:    919.14 KB used.
       Both:      8.43 MB used.

Virtual space:
  Non-class space:       64.00 MB reserved,       7.69 MB ( 12%) committed,  1 nodes.
      Class space:        1.00 GB reserved,       1.00 MB ( <1%) committed,  1 nodes.
             Both:        1.06 GB reserved,       8.69 MB ( <1%) committed. 

Chunk freelists:
   Non-Class:  188.00 KB
       Class:  3.00 MB
        Both:  3.19 MB

MaxMetaspaceSize: unlimited
CompressedClassSpaceSize: 1.00 GB
Initial GC threshold: 21.00 MB
Current GC threshold: 21.00 MB
CDS: on
MetaspaceReclaimPolicy: balanced
 - commit_granule_bytes: 65536.
 - commit_granule_words: 8192.
 - virtual_space_node_default_size: 8388608.
 - enlarge_chunks_in_place: 1.
 - new_chunks_are_fully_committed: 0.
 - uncommit_free_chunks: 1.
 - use_allocation_guard: 0.


Internal statistics:

num_allocs_failed_limit: 0.
num_arena_births: 216.
num_arena_deaths: 0.
num_vsnodes_births: 2.
num_vsnodes_deaths: 0.
num_space_committed: 139.
num_space_uncommitted: 0.
num_chunks_returned_to_freelist: 0.
num_chunks_taken_from_freelist: 258.
num_chunk_merges: 0.
num_chunk_splits: 167.
num_chunks_enlarged: 96.
num_inconsistent_stats: 0.

CodeHeap 'non-profiled nmethods': size=120000Kb used=737Kb max_used=737Kb free=119262Kb
 bounds [0x000001abd8d70000, 0x000001abd8fe0000, 0x000001abe02a0000]
CodeHeap 'profiled nmethods': size=120000Kb used=2729Kb max_used=2729Kb free=117270Kb
 bounds [0x000001abd12a0000, 0x000001abd1550000, 0x000001abd87d0000]
CodeHeap 'non-nmethods': size=5760Kb used=1333Kb max_used=1397Kb free=4426Kb
 bounds [0x000001abd87d0000, 0x000001abd8a40000, 0x000001abd8d70000]
 total_blobs=2100 nmethods=1530 adapters=481
 compilation: enabled
              stopped_count=0, restarted_count=0
 full_count=0

Compilation events (20 events):
Event: 44.872 Thread 0x000001abed323810 1522       3       java.lang.StringLatin1::toBytes (9 bytes)
Event: 44.873 Thread 0x000001abed323810 nmethod 1522 0x000001abd1547f10 code [0x000001abd15480a0, 0x000001abd1548238]
Event: 44.873 Thread 0x000001abed323810 1524       1       sun.util.locale.BaseLocale::getVariant (5 bytes)
Event: 44.873 Thread 0x000001abed323810 nmethod 1524 0x000001abd8e26110 code [0x000001abd8e262a0, 0x000001abd8e26378]
Event: 44.873 Thread 0x000001abed31b0e0 nmethod 1518 0x000001abd8e26410 code [0x000001abd8e265a0, 0x000001abd8e26798]
Event: 44.873 Thread 0x000001abed31b0e0 1520   !   4       java.io.ObjectInputStream$BlockDataInputStream::readUTFSpan (502 bytes)
Event: 44.873 Thread 0x000001abed323810 1525       3       java.io.ObjectInputStream::readObject (7 bytes)
Event: 44.873 Thread 0x000001abed323810 nmethod 1525 0x000001abd1548310 code [0x000001abd15484c0, 0x000001abd1548608]
Event: 44.873 Thread 0x000001abed323810 1526   !   3       java.io.ObjectInputStream::readObject (160 bytes)
Event: 44.873 Thread 0x000001abed323810 nmethod 1526 0x000001abd1548690 code [0x000001abd1548920, 0x000001abd1549578]
Event: 44.873 Thread 0x000001abed323810 1527       3       java.util.ArrayList::toArray (57 bytes)
Event: 44.874 Thread 0x000001abed323810 nmethod 1527 0x000001abd1549b90 code [0x000001abd1549d80, 0x000001abd154a318]
Event: 44.874 Thread 0x000001abed323810 1528       1       java.awt.Window::getContainer (2 bytes)
Event: 44.874 Thread 0x000001abed323810 nmethod 1528 0x000001abd8e26890 code [0x000001abd8e26a20, 0x000001abd8e26af8]
Event: 44.884 Thread 0x000001abed31b0e0 nmethod 1520 0x000001abd8e26b90 code [0x000001abd8e26d40, 0x000001abd8e27968]
Event: 44.975 Thread 0x000001abed31b0e0 1529       4       java.awt.event.MouseEvent::getModifiersEx (29 bytes)
Event: 44.975 Thread 0x000001abed31b0e0 nmethod 1529 0x000001abd8e27f10 code [0x000001abd8e280a0, 0x000001abd8e28138]
Event: 104.642 Thread 0x000001abed31b0e0 1530       4       java.awt.Component::dispatchEventImpl (785 bytes)
Event: 104.642 Thread 0x000001abed323810 1531       1       sun.util.locale.StringTokenIterator::isDone (5 bytes)
Event: 104.642 Thread 0x000001abed323810 nmethod 1531 0x000001abd8e28210 code [0x000001abd8e283a0, 0x000001abd8e28478]

GC Heap History (0 events):
No events

Dll operation events (6 events):
Event: 0.007 Loaded shared library C:\Program Files\Java\jdk-19\bin\java.dll
Event: 0.017 Loaded shared library C:\Program Files\Java\jdk-19\bin\jsvml.dll
Event: 0.066 Loaded shared library C:\Program Files\Java\jdk-19\bin\jimage.dll
Event: 0.080 Loaded shared library C:\Program Files\Java\jdk-19\bin\awt.dll
Event: 0.259 Loaded shared library C:\Program Files\Java\jdk-19\bin\freetype.dll
Event: 0.260 Loaded shared library C:\Program Files\Java\jdk-19\bin\fontmanager.dll

Deoptimization events (20 events):
Event: 45.953 Thread 0x000001abf150b0f0 Uncommon trap: trap_request=0xffffff3d fr.pc=0x000001abd8e11270 relative=0x00000000000003b0
Event: 45.953 Thread 0x000001abf150b0f0 Uncommon trap: reason=unstable_fused_if action=reinterpret pc=0x000001abd8e11270 method=java.awt.Toolkit$SelectiveAWTEventListener.eventDispatched(Ljava/awt/AWTEvent;)V @ 250 c2
Event: 45.953 Thread 0x000001abf150b0f0 DEOPT PACKING pc=0x000001abd8e11270 sp=0x000000732b1fe120
Event: 45.953 Thread 0x000001abf150b0f0 DEOPT UNPACKING pc=0x000001abd8836da3 sp=0x000000732b1fe090 mode 2
Event: 45.954 Thread 0x000001abf150b0f0 Uncommon trap: trap_request=0xffffffc6 fr.pc=0x000001abd8de75c0 relative=0x00000000000031a0
Event: 45.954 Thread 0x000001abf150b0f0 Uncommon trap: reason=bimorphic_or_optimized_type_check action=maybe_recompile pc=0x000001abd8de75c0 method=java.awt.EventQueue.dispatchEventImpl(Ljava/awt/AWTEvent;Ljava/lang/Object;)V @ 21 c2
Event: 45.954 Thread 0x000001abf150b0f0 DEOPT PACKING pc=0x000001abd8de75c0 sp=0x000000732b1ff370
Event: 45.954 Thread 0x000001abf150b0f0 DEOPT UNPACKING pc=0x000001abd8836da3 sp=0x000000732b1ff0d8 mode 2
Event: 45.954 Thread 0x000001abf150b0f0 Uncommon trap: trap_request=0xffffffc6 fr.pc=0x000001abd8de75c0 relative=0x00000000000031a0
Event: 45.954 Thread 0x000001abf150b0f0 Uncommon trap: reason=bimorphic_or_optimized_type_check action=maybe_recompile pc=0x000001abd8de75c0 method=java.awt.EventQueue.dispatchEventImpl(Ljava/awt/AWTEvent;Ljava/lang/Object;)V @ 21 c2
Event: 45.954 Thread 0x000001abf150b0f0 DEOPT PACKING pc=0x000001abd8de75c0 sp=0x000000732b1ff370
Event: 45.954 Thread 0x000001abf150b0f0 DEOPT UNPACKING pc=0x000001abd8836da3 sp=0x000000732b1ff0d8 mode 2
Event: 104.640 Thread 0x000001abf150b0f0 Uncommon trap: trap_request=0xffffffc6 fr.pc=0x000001abd8df3178 relative=0x0000000000002618
Event: 104.640 Thread 0x000001abf150b0f0 Uncommon trap: reason=bimorphic_or_optimized_type_check action=maybe_recompile pc=0x000001abd8df3178 method=java.awt.EventQueue.dispatchEventImpl(Ljava/awt/AWTEvent;Ljava/lang/Object;)V @ 21 c2
Event: 104.640 Thread 0x000001abf150b0f0 DEOPT PACKING pc=0x000001abd8df3178 sp=0x000000732b1ff260
Event: 104.640 Thread 0x000001abf150b0f0 DEOPT UNPACKING pc=0x000001abd8836da3 sp=0x000000732b1ff298 mode 2
Event: 104.642 Thread 0x000001abf150b0f0 Uncommon trap: trap_request=0xffffffc6 fr.pc=0x000001abd8de75c0 relative=0x00000000000031a0
Event: 104.642 Thread 0x000001abf150b0f0 Uncommon trap: reason=bimorphic_or_optimized_type_check action=maybe_recompile pc=0x000001abd8de75c0 method=java.awt.EventQueue.dispatchEventImpl(Ljava/awt/AWTEvent;Ljava/lang/Object;)V @ 21 c2
Event: 104.642 Thread 0x000001abf150b0f0 DEOPT PACKING pc=0x000001abd8de75c0 sp=0x000000732b1ff370
Event: 104.642 Thread 0x000001abf150b0f0 DEOPT UNPACKING pc=0x000001abd8836da3 sp=0x000000732b1ff0d8 mode 2

Classes loaded (20 events):
Event: 25.178 Loading class java/io/ObjectInputStream$GetField done
Event: 25.178 Loading class java/io/ObjectInputStream$FieldValues done
Event: 25.179 Loading class javax/swing/JComponent$ReadObjectCallback
Event: 25.179 Loading class java/io/ObjectInputValidation
Event: 25.179 Loading class java/io/ObjectInputValidation done
Event: 25.179 Loading class javax/swing/JComponent$ReadObjectCallback done
Event: 25.179 Loading class java/io/ObjectInputStream$ValidationList$Callback
Event: 25.179 Loading class java/io/ObjectInputStream$ValidationList$Callback done
Event: 25.179 Loading class java/util/Vector$Itr
Event: 25.180 Loading class java/util/Vector$Itr done
Event: 25.180 Loading class java/io/ObjectInputStream$ValidationList$1
Event: 25.180 Loading class java/io/ObjectInputStream$ValidationList$1 done
Event: 25.180 Loading class javax/swing/JMenu
Event: 25.180 Loading class javax/swing/JMenuItem
Event: 25.181 Loading class javax/swing/JMenuItem done
Event: 25.181 Loading class javax/swing/JMenu done
Event: 25.181 Loading class javax/swing/CellRendererPane
Event: 25.181 Loading class javax/swing/CellRendererPane done
Event: 25.183 Loading class javax/swing/RepaintManager$3
Event: 25.183 Loading class javax/swing/RepaintManager$3 done

Classes unloaded (0 events):
No events

Classes redefined (0 events):
No events

Internal exceptions (20 events):
Event: 0.094 Thread 0x000001abc7b62bb0 Exception <a 'java/io/FileNotFoundException'{0x0000000711b0ca40}> (0x0000000711b0ca40) 
thrown [s\open\src\hotspot\share\prims\jni.cpp, line 517]
Event: 0.124 Thread 0x000001abc7b62bb0 Exception <a 'java/lang/NoSuchMethodError'{0x0000000711b4c9c8}: 'java.lang.Object java.lang.invoke.DirectMethodHandle$Holder.invokeStaticInit(java.lang.Object)'> (0x0000000711b4c9c8) 
thrown [s\open\src\hotspot\share\interpreter\linkResolver.cpp, line 774]
Event: 0.150 Thread 0x000001abc7b62bb0 Exception <a 'java/lang/NoSuchMethodError'{0x0000000711883ef8}: 'void java.lang.invoke.DirectMethodHandle$Holder.invokeSpecial(java.lang.Object, java.lang.Object, java.lang.Object)'> (0x0000000711883ef8) 
thrown [s\open\src\hotspot\share\interpreter\linkResolver.cpp, line 774]
Event: 0.156 Thread 0x000001abc7b62bb0 Exception <a 'java/lang/NoSuchMethodError'{0x00000007118aeb08}: 'java.lang.Object java.lang.invoke.DirectMethodHandle$Holder.newInvokeSpecial(java.lang.Object, java.lang.Object, java.lang.Object, java.lang.Object, java.lang.Object)'> (0x00000007118aeb08) 
thrown [s\open\src\hotspot\share\interpreter\linkResolver.cpp, line 774]
Event: 0.162 Thread 0x000001abc7b62bb0 Exception <a 'java/lang/NoSuchMethodError'{0x00000007118e01f0}: 'java.lang.Object java.lang.invoke.DirectMethodHandle$Holder.invokeStatic(java.lang.Object, int, java.lang.Object)'> (0x00000007118e01f0) 
thrown [s\open\src\hotspot\share\interpreter\linkResolver.cpp, line 774]
Event: 0.179 Thread 0x000001abc7b62bb0 Exception <a 'java/lang/ClassNotFoundException'{0x000000071199bcf8}: com/sun/swing/internal/plaf/metal/resources/spi/metalProvider> (0x000000071199bcf8) 
thrown [s\open\src\hotspot\share\classfile\systemDictionary.cpp, line 255]
Event: 0.180 Thread 0x000001abc7b62bb0 Exception <a 'java/lang/ClassNotFoundException'{0x000000071199fc58}: com/sun/swing/internal/plaf/basic/resources/spi/basicProvider> (0x000000071199fc58) 
thrown [s\open\src\hotspot\share\classfile\systemDictionary.cpp, line 255]
Event: 0.187 Thread 0x000001abc7b62bb0 Exception <a 'java/lang/NoSuchMethodError'{0x00000007119c0060}: 'int java.lang.invoke.Invokers$Holder.invokeExact_MT(java.lang.Object, java.lang.Object)'> (0x00000007119c0060) 
thrown [s\open\src\hotspot\share\interpreter\linkResolver.cpp, line 774]
Event: 0.213 Thread 0x000001abf150a100 Exception <a 'java/lang/NoSuchMethodError'{0x00000007116ef058}: 'java.lang.Object java.lang.invoke.DirectMethodHandle$Holder.newInvokeSpecial(java.lang.Object, java.lang.Object, java.lang.Object, int, int, int, int, int)'> (0x00000007116ef058) 
thrown [s\open\src\hotspot\share\interpreter\linkResolver.cpp, line 774]
Event: 0.248 Thread 0x000001abf150a650 Exception <a 'java/lang/NoSuchMethodError'{0x000000071180f6e8}: 'void java.lang.invoke.DirectMethodHandle$Holder.invokeVirtual(java.lang.Object, java.lang.Object)'> (0x000000071180f6e8) 
thrown [s\open\src\hotspot\share\interpreter\linkResolver.cpp, line 774]
Event: 0.254 Thread 0x000001abc7b62bb0 Exception <a 'java/lang/NoSuchMethodError'{0x0000000711653010}: 'void java.lang.invoke.DirectMethodHandle$Holder.invokeStaticInit(java.lang.Object)'> (0x0000000711653010) 
thrown [s\open\src\hotspot\share\interpreter\linkResolver.cpp, line 774]
Event: 7.939 Thread 0x000001abf150b0f0 Implicit null exception at 0x000001abd8daddac to 0x000001abd8dadea1
Event: 25.134 Thread 0x000001abf150b0f0 Exception <a 'java/lang/NoSuchMethodError'{0x0000000711263020}: 'long java.lang.invoke.DirectMethodHandle$Holder.invokeSpecial(java.lang.Object, java.lang.Object)'> (0x0000000711263020) 
thrown [s\open\src\hotspot\share\interpreter\linkResolver.cpp, line 774]
Event: 25.135 Thread 0x000001abf150b0f0 Exception <a 'java/lang/NoSuchMethodError'{0x0000000711266c28}: 'long java.lang.invoke.Invokers$Holder.invokeExact_MT(java.lang.Object, java.lang.Object)'> (0x0000000711266c28) 
thrown [s\open\src\hotspot\share\interpreter\linkResolver.cpp, line 774]
Event: 25.146 Thread 0x000001abf150b0f0 Exception <a 'java/lang/NoSuchMethodError'{0x00000007112c3ed0}: static Ljavax/swing/JPanel;.<clinit>()V> (0x00000007112c3ed0) 
thrown [s\open\src\hotspot\share\prims\jni.cpp, line 1107]
Event: 25.158 Thread 0x000001abf150b0f0 Exception <a 'java/lang/NoSuchMethodError'{0x0000000711309f60}: static Ljavax/swing/JPanel;.<clinit>()V> (0x0000000711309f60) 
thrown [s\open\src\hotspot\share\prims\jni.cpp, line 1107]
Event: 25.167 Thread 0x000001abf150b0f0 Exception <a 'java/lang/NoSuchMethodError'{0x000000071135f798}: static Ljavax/swing/plaf/FontUIResource;.<clinit>()V> (0x000000071135f798) 
thrown [s\open\src\hotspot\share\prims\jni.cpp, line 1107]
Event: 25.170 Thread 0x000001abf150b0f0 Exception <a 'java/lang/NoSuchMethodError'{0x000000071138c7d0}: static Ljavax/swing/plaf/ColorUIResource;.<clinit>()V> (0x000000071138c7d0) 
thrown [s\open\src\hotspot\share\prims\jni.cpp, line 1107]
Event: 25.172 Thread 0x000001abf150b0f0 Exception <a 'java/lang/NoSuchMethodError'{0x00000007113a2418}: static [Ljava/awt/Component;.<clinit>()V> (0x00000007113a2418) 
thrown [s\open\src\hotspot\share\prims\jni.cpp, line 1107]
Event: 25.173 Thread 0x000001abf150b0f0 Exception <a 'java/lang/NoSuchMethodError'{0x00000007113ab460}: static Ljava/lang/Object;.<clinit>()V> (0x00000007113ab460) 
thrown [s\open\src\hotspot\share\prims\jni.cpp, line 1107]

VM Operations (20 events):
Event: 35.215 Executing VM operation: Cleanup
Event: 35.215 Executing VM operation: Cleanup done
Event: 37.230 Executing VM operation: Cleanup
Event: 37.230 Executing VM operation: Cleanup done
Event: 39.245 Executing VM operation: Cleanup
Event: 39.245 Executing VM operation: Cleanup done
Event: 40.253 Executing VM operation: Cleanup
Event: 40.253 Executing VM operation: Cleanup done
Event: 41.260 Executing VM operation: Cleanup
Event: 41.260 Executing VM operation: Cleanup done
Event: 42.268 Executing VM operation: Cleanup
Event: 42.268 Executing VM operation: Cleanup done
Event: 43.275 Executing VM operation: Cleanup
Event: 43.275 Executing VM operation: Cleanup done
Event: 44.283 Executing VM operation: Cleanup
Event: 44.283 Executing VM operation: Cleanup done
Event: 45.290 Executing VM operation: Cleanup
Event: 45.290 Executing VM operation: Cleanup done
Event: 46.298 Executing VM operation: Cleanup
Event: 46.298 Executing VM operation: Cleanup done

Events (20 events):
Event: 0.028 Thread 0x000001abed3176b0 Thread added: 0x000001abed3176b0
Event: 0.029 Thread 0x000001abed31b0e0 Thread added: 0x000001abed31b0e0
Event: 0.030 Thread 0x000001abed323810 Thread added: 0x000001abed323810
Event: 0.030 Thread 0x000001abf1509110 Thread added: 0x000001abf1509110
Event: 0.046 Thread 0x000001abf1508bc0 Thread added: 0x000001abf1508bc0
Event: 0.050 Thread 0x000001abf1508670 Thread added: 0x000001abf1508670
Event: 0.125 Thread 0x000001abf1509660 Thread added: 0x000001abf1509660
Event: 0.125 Thread 0x000001abf1509bb0 Thread added: 0x000001abf1509bb0
Event: 0.126 Thread 0x000001abf150a650 Thread added: 0x000001abf150a650
Event: 0.206 Thread 0x000001abf150b0f0 Thread added: 0x000001abf150b0f0
Event: 0.211 Thread 0x000001abf150a100 Thread added: 0x000001abf150a100
Event: 0.232 Thread 0x000001abf150aba0 Thread added: 0x000001abf150aba0
Event: 0.328 Thread 0x000001abc7b62bb0 Thread exited: 0x000001abc7b62bb0
Event: 0.328 Thread 0x000001abf150b640 Thread added: 0x000001abf150b640
Event: 5.240 Thread 0x000001abf150a100 Thread exited: 0x000001abf150a100
Event: 5.240 Thread 0x000001abf150aba0 Thread exited: 0x000001abf150aba0
Event: 9.402 Thread 0x000001abf28f47b0 Thread added: 0x000001abf28f47b0
Event: 9.705 Thread 0x000001abf28f47b0 Thread exited: 0x000001abf28f47b0
Event: 21.567 Thread 0x000001abf286e620 Thread added: 0x000001abf286e620
Event: 21.759 Thread 0x000001abf286e620 Thread exited: 0x000001abf286e620


Dynamic libraries:
0x00007ff6b27c0000 - 0x00007ff6b27d0000 	C:\Program Files\Java\jdk-19\bin\java.exe
0x00007ff843d90000 - 0x00007ff843f88000 	C:\WINDOWS\SYSTEM32\ntdll.dll
0x00007ff842b90000 - 0x00007ff842c4d000 	C:\WINDOWS\System32\KERNEL32.DLL
0x00007ff841a10000 - 0x00007ff841d06000 	C:\WINDOWS\System32\KERNELBASE.dll
0x00007ff841600000 - 0x00007ff841700000 	C:\WINDOWS\System32\ucrtbase.dll
0x00007ff828f30000 - 0x00007ff828f4b000 	C:\Program Files\Java\jdk-19\bin\VCRUNTIME140.dll
0x00007ff818360000 - 0x00007ff818378000 	C:\Program Files\Java\jdk-19\bin\jli.dll
0x00007ff841dc0000 - 0x00007ff841e70000 	C:\WINDOWS\System32\ADVAPI32.dll
0x00007ff8421f0000 - 0x00007ff84228e000 	C:\WINDOWS\System32\msvcrt.dll
0x00007ff843c50000 - 0x00007ff843cf0000 	C:\WINDOWS\System32\sechost.dll
0x00007ff842cd0000 - 0x00007ff842df3000 	C:\WINDOWS\System32\RPCRT4.dll
0x00007ff8414b0000 - 0x00007ff8414d7000 	C:\WINDOWS\System32\bcrypt.dll
0x00007ff842040000 - 0x00007ff8421df000 	C:\WINDOWS\System32\USER32.dll
0x00007ff8419e0000 - 0x00007ff841a02000 	C:\WINDOWS\System32\win32u.dll
0x00007ff81ed30000 - 0x00007ff81efca000 	C:\WINDOWS\WinSxS\amd64_microsoft.windows.common-controls_6595b64144ccf1df_6.0.19041.4355_none_60b8b9eb71f62e16\COMCTL32.dll
0x00007ff842e00000 - 0x00007ff842e2b000 	C:\WINDOWS\System32\GDI32.dll
0x00007ff8414e0000 - 0x00007ff8415f7000 	C:\WINDOWS\System32\gdi32full.dll
0x00007ff841700000 - 0x00007ff84179d000 	C:\WINDOWS\System32\msvcp_win.dll
0x00007ff839980000 - 0x00007ff83998a000 	C:\WINDOWS\SYSTEM32\VERSION.dll
0x00007ff843610000 - 0x00007ff843642000 	C:\WINDOWS\System32\IMM32.DLL
0x00007ff82f320000 - 0x00007ff82f32c000 	C:\Program Files\Java\jdk-19\bin\vcruntime140_1.dll
0x00007ff804b30000 - 0x00007ff804bbe000 	C:\Program Files\Java\jdk-19\bin\msvcp140.dll
0x00007ffff5560000 - 0x00007ffff6220000 	C:\Program Files\Java\jdk-19\bin\server\jvm.dll
0x00007ff83ad10000 - 0x00007ff83ad19000 	C:\WINDOWS\SYSTEM32\WSOCK32.dll
0x00007ff82d570000 - 0x00007ff82d597000 	C:\WINDOWS\SYSTEM32\WINMM.dll
0x00007ff8437f0000 - 0x00007ff84385b000 	C:\WINDOWS\System32\WS2_32.dll
0x00007ff83f2f0000 - 0x00007ff83f302000 	C:\WINDOWS\SYSTEM32\kernel.appcore.dll
0x00007ff82ecc0000 - 0x00007ff82ecca000 	C:\Program Files\Java\jdk-19\bin\jimage.dll
0x00007ff83eba0000 - 0x00007ff83ed84000 	C:\WINDOWS\SYSTEM32\DBGHELP.DLL
0x00007ff825370000 - 0x00007ff8253a4000 	C:\WINDOWS\SYSTEM32\dbgcore.DLL
0x00007ff841950000 - 0x00007ff8419d2000 	C:\WINDOWS\System32\bcryptPrimitives.dll
0x00007ff816240000 - 0x00007ff816266000 	C:\Program Files\Java\jdk-19\bin\java.dll
0x00007ff804320000 - 0x00007ff8043f7000 	C:\Program Files\Java\jdk-19\bin\jsvml.dll
0x00007ff842e40000 - 0x00007ff8435ab000 	C:\WINDOWS\System32\SHELL32.dll
0x00007ff83f480000 - 0x00007ff83fc1d000 	C:\WINDOWS\SYSTEM32\windows.storage.dll
0x00007ff843860000 - 0x00007ff843bb3000 	C:\WINDOWS\System32\combase.dll
0x00007ff840e60000 - 0x00007ff840e8e000 	C:\WINDOWS\SYSTEM32\Wldp.dll
0x00007ff8422b0000 - 0x00007ff84237d000 	C:\WINDOWS\System32\OLEAUT32.dll
0x00007ff843660000 - 0x00007ff84370d000 	C:\WINDOWS\System32\SHCORE.dll
0x00007ff843cf0000 - 0x00007ff843d45000 	C:\WINDOWS\System32\shlwapi.dll
0x00007ff841370000 - 0x00007ff841394000 	C:\WINDOWS\SYSTEM32\profapi.dll
0x00007ff801500000 - 0x00007ff801691000 	C:\Program Files\Java\jdk-19\bin\awt.dll
0x00007ff83e7a0000 - 0x00007ff83e830000 	C:\WINDOWS\SYSTEM32\apphelp.dll
0x00007ff83ef90000 - 0x00007ff83efbf000 	C:\WINDOWS\system32\DWMAPI.DLL
0x00007ff83e890000 - 0x00007ff83e92e000 	C:\WINDOWS\system32\uxtheme.dll
0x00007ff819f70000 - 0x00007ff81a095000 	C:\WINDOWS\system32\opengl32.dll
0x00007ff835e30000 - 0x00007ff835e5c000 	C:\WINDOWS\SYSTEM32\GLU32.dll
0x00007ff841e70000 - 0x00007ff841f84000 	C:\WINDOWS\System32\MSCTF.dll
0x00007ff8427f0000 - 0x00007ff84291b000 	C:\WINDOWS\System32\ole32.dll
0x00007ff804170000 - 0x00007ff8041f6000 	C:\Program Files\Java\jdk-19\bin\freetype.dll
0x00007ff802ef0000 - 0x00007ff802fb6000 	C:\Program Files\Java\jdk-19\bin\fontmanager.dll
0x00007ff841f90000 - 0x00007ff842039000 	C:\WINDOWS\System32\clbcatq.dll
0x00007ff838e50000 - 0x00007ff839004000 	C:\WINDOWS\SYSTEM32\WindowsCodecs.dll
0x00007ff817660000 - 0x00007ff81769e000 	C:\WINDOWS\system32\dataexchange.dll
0x00007ff83d470000 - 0x00007ff83d6d3000 	C:\WINDOWS\system32\d3d11.dll
0x00007ff83dca0000 - 0x00007ff83de85000 	C:\WINDOWS\system32\dcomp.dll
0x00007ff83fc80000 - 0x00007ff83fd72000 	C:\WINDOWS\system32\dxgi.dll
0x00007ff839640000 - 0x00007ff839843000 	C:\WINDOWS\system32\twinapi.appcore.dll
0x00007ff815e60000 - 0x00007ff815f59000 	C:\WINDOWS\SYSTEM32\textinputframework.dll
0x00007ff83e210000 - 0x00007ff83e56b000 	C:\WINDOWS\System32\CoreUIComponents.dll
0x00007ff83e570000 - 0x00007ff83e662000 	C:\WINDOWS\System32\CoreMessaging.dll
0x00007ff83ceb0000 - 0x00007ff83d007000 	C:\WINDOWS\SYSTEM32\wintypes.dll
0x00007ff840550000 - 0x00007ff840583000 	C:\WINDOWS\SYSTEM32\ntmarta.dll
0x00007ff8193c0000 - 0x00007ff8193e4000 	C:\WINDOWS\SYSTEM32\edputil.dll

dbghelp: loaded successfully - version: 4.0.5 - missing functions: none
symbol engine: initialized successfully - sym options: 0x614 - pdb path: .;C:\Program Files\Java\jdk-19\bin;C:\WINDOWS\SYSTEM32;C:\WINDOWS\WinSxS\amd64_microsoft.windows.common-controls_6595b64144ccf1df_6.0.19041.4355_none_60b8b9eb71f62e16;C:\Program Files\Java\jdk-19\bin\server

VM Arguments:
jvm_args: -Dfile.encoding=windows-1252 -Duser.country=ID -Duser.language=en -Duser.variant 
java_command: org.gui.App
java_class_path (initial): D:\Git Repos\Tubes2_OOP_BZG\build\classes\java\main;D:\Git Repos\Tubes2_OOP_BZG\build\resources\main
Launcher Type: SUN_STANDARD

[Global flags]
     intx CICompilerCount                          = 4                                         {product} {ergonomic}
     uint ConcGCThreads                            = 3                                         {product} {ergonomic}
     uint G1ConcRefinementThreads                  = 10                                        {product} {ergonomic}
   size_t G1HeapRegionSize                         = 2097152                                   {product} {ergonomic}
    uintx GCDrainStackTargetSize                   = 64                                        {product} {ergonomic}
   size_t InitialHeapSize                          = 266338304                                 {product} {ergonomic}
   size_t MarkStackSize                            = 4194304                                   {product} {ergonomic}
   size_t MaxHeapSize                              = 4261412864                                {product} {ergonomic}
   size_t MaxNewSize                               = 2556428288                                {product} {ergonomic}
   size_t MinHeapDeltaBytes                        = 2097152                                   {product} {ergonomic}
   size_t MinHeapSize                              = 8388608                                   {product} {ergonomic}
    uintx NonNMethodCodeHeapSize                   = 5839372                                {pd product} {ergonomic}
    uintx NonProfiledCodeHeapSize                  = 122909434                              {pd product} {ergonomic}
    uintx ProfiledCodeHeapSize                     = 122909434                              {pd product} {ergonomic}
    uintx ReservedCodeCacheSize                    = 251658240                              {pd product} {ergonomic}
     bool SegmentedCodeCache                       = true                                      {product} {ergonomic}
   size_t SoftMaxHeapSize                          = 4261412864                             {manageable} {ergonomic}
     bool UseCompressedClassPointers               = true                           {product lp64_product} {ergonomic}
     bool UseCompressedOops                        = true                           {product lp64_product} {ergonomic}
     bool UseG1GC                                  = true                                      {product} {ergonomic}
     bool UseLargePagesIndividualAllocation        = false                                  {pd product} {ergonomic}

Logging:
Log output configuration:
 #0: stdout all=warning uptime,level,tags foldmultilines=false
 #1: stderr all=off uptime,level,tags foldmultilines=false

Environment Variables:
JAVA_HOME=C:\Program Files\Java\jdk-16.0.1
PATH=C:\Python312\Scripts\;C:\Python312\;C:\Python311\Scripts\;C:\Python311\;C:\Program Files\Common Files\Oracle\Java\javapath;C:\Program Files (x86)\Common Files\Oracle\Java\javapath;C:\Program Files (x86)\Common Files\Intel\Shared Files\cpp\bin\Intel64;C:\Windows\system32;C:\Windows;C:\Windows\System32\Wbem;C:\Windows\System32\WindowsPowerShell\v1.0\;C:\Windows\System32\OpenSSH\;C:\Program Files (x86)\NVIDIA Corporation\PhysX\Common;C:\Program Files\NVIDIA Corporation\NVIDIA NvDLISR;C:\WINDOWS\system32;C:\WINDOWS;C:\WINDOWS\System32\Wbem;C:\WINDOWS\System32\WindowsPowerShell\v1.0\;C:\WINDOWS\System32\OpenSSH\;C:\Program Files\Java\jdk-16.0.1\bin;C:\Program Files\mingw64\bin;C:\Program Files\Git\cmd;C:\ProgramData\chocolatey\bin;D:\nodejs\;C:\Program Files\Docker\Docker\resources\bin;C:\Program Files\Go\bin;C:\Program Files\dotnet\;D:\MariaDB\bin;D:\dev\flutter\bin;C:\Users\Steven Tjhia\AppData\Local\Programs\Python\Python310\Scripts\;C:\Users\Steven Tjhia\AppData\Local\Programs\Python\Python310\;C:\Users\Steven Tjhia\AppData\Local\Microsoft\WindowsApps;D:\Microsoft VS Code\bin;C:\Users\Steven Tjhia\AppData\Local\GitHubDesktop\bin;C:\ghcup\bin;C:\MinGW\bin;D:\IntelliJ IDEA 2024.1.1\bin;;C:\Program Files\JetBrains\IntelliJ IDEA Community Edition 2023.2.2\bin;;C:\Users\Steven Tjhia\AppData\Roaming\npm;C:\Users\Steven Tjhia\go\bin;C:\Users\Steven Tjhia\.dotnet\tools
USERNAME=Steven Tjhia
OS=Windows_NT
PROCESSOR_IDENTIFIER=Intel64 Family 6 Model 165 Stepping 2, GenuineIntel
TMP=C:\Users\STEVEN~1\AppData\Local\Temp
TEMP=C:\Users\STEVEN~1\AppData\Local\Temp



---------------  S Y S T E M  ---------------

OS:
 Windows 10 , 64 bit Build 19041 (10.0.19041.3636)
OS uptime: 1 days 2:52 hours
Hyper-V role detected

CPU: total 12 (initial active 12) (6 cores per cpu, 2 threads per core) family 6 model 165 stepping 2 microcode 0xea, cx8, cmov, fxsr, ht, mmx, 3dnowpref, sse, sse2, sse3, ssse3, sse4.1, sse4.2, popcnt, lzcnt, tsc, tscinvbit, avx, avx2, aes, erms, clmul, bmi1, bmi2, adx, fma, vzeroupper, clflush, clflushopt, hv, rdtscp

Memory: 4k page, system-wide physical 16251M (1924M free)
TotalPageFile size 24563M (AvailPageFile size 0M)
current process WorkingSet (physical memory assigned to process): 83M, peak: 88M
current process commit charge ("private bytes"): 368M, peak: 379M

vm_info: Java HotSpot(TM) 64-Bit Server VM (19.0.2+7-44) for windows-amd64 JRE (19.0.2+7-44), built on 2022-11-30T18:02:09Z by "mach5one" with MS VC++ 17.1 (VS2022)

END.
